Start testing: Oct 05 15:30 CET
----------------------------------------------------------
1/29 Testing: cppcheck_rosidl_generated_c
1/29 Test: cppcheck_rosidl_generated_c
Command: "/usr/bin/python3.10" "-u" "/opt/ros/iron/share/ament_cmake_test/cmake/run_test.py" "/home/dia/ros2_ws/src/build/ros_gz_interfaces/test_results/ros_gz_interfaces/cppcheck_rosidl_generated_c.xunit.xml" "--package-name" "ros_gz_interfaces" "--output-file" "/home/dia/ros2_ws/src/build/ros_gz_interfaces/ament_cppcheck/cppcheck_rosidl_generated_c.txt" "--command" "/opt/ros/iron/bin/ament_cppcheck" "--xunit-file" "/home/dia/ros2_ws/src/build/ros_gz_interfaces/test_results/ros_gz_interfaces/cppcheck_rosidl_generated_c.xunit.xml" "/home/dia/ros2_ws/src/build/ros_gz_interfaces/rosidl_generator_c/ros_gz_interfaces"
Directory: /home/dia/ros2_ws/src/ros_gz/ros_gz_interfaces
"cppcheck_rosidl_generated_c" start time: Oct 05 15:30 CET
Output:
----------------------------------------------------------
-- run_test.py: invoking following command in '/home/dia/ros2_ws/src/ros_gz/ros_gz_interfaces':
 - /opt/ros/iron/bin/ament_cppcheck --xunit-file /home/dia/ros2_ws/src/build/ros_gz_interfaces/test_results/ros_gz_interfaces/cppcheck_rosidl_generated_c.xunit.xml /home/dia/ros2_ws/src/build/ros_gz_interfaces/rosidl_generator_c/ros_gz_interfaces
cppcheck 2.7 has known performance issues and therefore will not be used, set the AMENT_CPPCHECK_ALLOW_SLOW_VERSIONS environment variable to override this.
-- run_test.py: return code 0
-- run_test.py: verify result file '/home/dia/ros2_ws/src/build/ros_gz_interfaces/test_results/ros_gz_interfaces/cppcheck_rosidl_generated_c.xunit.xml'
<end of output>
Test time =   3.66 sec
----------------------------------------------------------
Test Passed.
"cppcheck_rosidl_generated_c" end time: Oct 05 15:30 CET
"cppcheck_rosidl_generated_c" time elapsed: 00:00:03
----------------------------------------------------------

2/29 Testing: cpplint_rosidl_generated_c
2/29 Test: cpplint_rosidl_generated_c
Command: "/usr/bin/python3.10" "-u" "/opt/ros/iron/share/ament_cmake_test/cmake/run_test.py" "/home/dia/ros2_ws/src/build/ros_gz_interfaces/test_results/ros_gz_interfaces/cpplint_rosidl_generated_c.xunit.xml" "--package-name" "ros_gz_interfaces" "--output-file" "/home/dia/ros2_ws/src/build/ros_gz_interfaces/ament_cpplint/cpplint_rosidl_generated_c.txt" "--command" "/opt/ros/iron/bin/ament_cpplint" "--xunit-file" "/home/dia/ros2_ws/src/build/ros_gz_interfaces/test_results/ros_gz_interfaces/cpplint_rosidl_generated_c.xunit.xml" "--linelength" "999" "--root" "/home/dia/ros2_ws/src/build/ros_gz_interfaces/rosidl_generator_c" "/home/dia/ros2_ws/src/build/ros_gz_interfaces/rosidl_generator_c/ros_gz_interfaces"
Directory: /home/dia/ros2_ws/src/ros_gz/ros_gz_interfaces
"cpplint_rosidl_generated_c" start time: Oct 05 15:30 CET
Output:
----------------------------------------------------------
-- run_test.py: invoking following command in '/home/dia/ros2_ws/src/ros_gz/ros_gz_interfaces':
 - /opt/ros/iron/bin/ament_cpplint --xunit-file /home/dia/ros2_ws/src/build/ros_gz_interfaces/test_results/ros_gz_interfaces/cpplint_rosidl_generated_c.xunit.xml --linelength 999 --root /home/dia/ros2_ws/src/build/ros_gz_interfaces/rosidl_generator_c /home/dia/ros2_ws/src/build/ros_gz_interfaces/rosidl_generator_c/ros_gz_interfaces
Using '--root=/home/dia/ros2_ws/src/build/ros_gz_interfaces/rosidl_generator_c' argument

Done processing /home/dia/ros2_ws/src/build/ros_gz_interfaces/rosidl_generator_c/ros_gz_interfaces/msg/rosidl_generator_c__visibility_control.h

No problems found
-- run_test.py: return code 0
-- run_test.py: verify result file '/home/dia/ros2_ws/src/build/ros_gz_interfaces/test_results/ros_gz_interfaces/cpplint_rosidl_generated_c.xunit.xml'
<end of output>
Test time =   0.43 sec
----------------------------------------------------------
Test Passed.
"cpplint_rosidl_generated_c" end time: Oct 05 15:30 CET
"cpplint_rosidl_generated_c" time elapsed: 00:00:00
----------------------------------------------------------

3/29 Testing: uncrustify_rosidl_generated_c
3/29 Test: uncrustify_rosidl_generated_c
Command: "/usr/bin/python3.10" "-u" "/opt/ros/iron/share/ament_cmake_test/cmake/run_test.py" "/home/dia/ros2_ws/src/build/ros_gz_interfaces/test_results/ros_gz_interfaces/uncrustify_rosidl_generated_c.xunit.xml" "--package-name" "ros_gz_interfaces" "--output-file" "/home/dia/ros2_ws/src/build/ros_gz_interfaces/ament_uncrustify/uncrustify_rosidl_generated_c.txt" "--command" "/opt/ros/iron/bin/ament_uncrustify" "--xunit-file" "/home/dia/ros2_ws/src/build/ros_gz_interfaces/test_results/ros_gz_interfaces/uncrustify_rosidl_generated_c.xunit.xml" "--linelength" "0" "/home/dia/ros2_ws/src/build/ros_gz_interfaces/rosidl_generator_c/ros_gz_interfaces"
Directory: /home/dia/ros2_ws/src/ros_gz/ros_gz_interfaces
"uncrustify_rosidl_generated_c" start time: Oct 05 15:30 CET
Output:
----------------------------------------------------------
-- run_test.py: invoking following command in '/home/dia/ros2_ws/src/ros_gz/ros_gz_interfaces':
 - /opt/ros/iron/bin/ament_uncrustify --xunit-file /home/dia/ros2_ws/src/build/ros_gz_interfaces/test_results/ros_gz_interfaces/uncrustify_rosidl_generated_c.xunit.xml --linelength 0 /home/dia/ros2_ws/src/build/ros_gz_interfaces/rosidl_generator_c/ros_gz_interfaces
No code style divergence in file '/home/dia/ros2_ws/src/build/ros_gz_interfaces/rosidl_generator_c/ros_gz_interfaces/msg/rosidl_generator_c__visibility_control.h'

No problems found
-- run_test.py: return code 0
-- run_test.py: verify result file '/home/dia/ros2_ws/src/build/ros_gz_interfaces/test_results/ros_gz_interfaces/uncrustify_rosidl_generated_c.xunit.xml'
<end of output>
Test time =   0.52 sec
----------------------------------------------------------
Test Passed.
"uncrustify_rosidl_generated_c" end time: Oct 05 15:30 CET
"uncrustify_rosidl_generated_c" time elapsed: 00:00:00
----------------------------------------------------------

4/29 Testing: cppcheck_rosidl_typesupport_fastrtps_c
4/29 Test: cppcheck_rosidl_typesupport_fastrtps_c
Command: "/usr/bin/python3.10" "-u" "/opt/ros/iron/share/ament_cmake_test/cmake/run_test.py" "/home/dia/ros2_ws/src/build/ros_gz_interfaces/test_results/ros_gz_interfaces/cppcheck_rosidl_typesupport_fastrtps_c.xunit.xml" "--package-name" "ros_gz_interfaces" "--output-file" "/home/dia/ros2_ws/src/build/ros_gz_interfaces/ament_cppcheck/cppcheck_rosidl_typesupport_fastrtps_c.txt" "--command" "/opt/ros/iron/bin/ament_cppcheck" "--xunit-file" "/home/dia/ros2_ws/src/build/ros_gz_interfaces/test_results/ros_gz_interfaces/cppcheck_rosidl_typesupport_fastrtps_c.xunit.xml" "/home/dia/ros2_ws/src/build/ros_gz_interfaces/rosidl_typesupport_fastrtps_c/ros_gz_interfaces/msg/detail/altimeter__rosidl_typesupport_fastrtps_c.h" "/home/dia/ros2_ws/src/build/ros_gz_interfaces/rosidl_typesupport_fastrtps_c/ros_gz_interfaces/msg/detail/altimeter__type_support_c.cpp" "/home/dia/ros2_ws/src/build/ros_gz_interfaces/rosidl_typesupport_fastrtps_c/ros_gz_interfaces/msg/detail/contact__rosidl_typesupport_fastrtps_c.h" "/home/dia/ros2_ws/src/build/ros_gz_interfaces/rosidl_typesupport_fastrtps_c/ros_gz_interfaces/msg/detail/contact__type_support_c.cpp" "/home/dia/ros2_ws/src/build/ros_gz_interfaces/rosidl_typesupport_fastrtps_c/ros_gz_interfaces/msg/detail/contacts__rosidl_typesupport_fastrtps_c.h" "/home/dia/ros2_ws/src/build/ros_gz_interfaces/rosidl_typesupport_fastrtps_c/ros_gz_interfaces/msg/detail/contacts__type_support_c.cpp" "/home/dia/ros2_ws/src/build/ros_gz_interfaces/rosidl_typesupport_fastrtps_c/ros_gz_interfaces/msg/detail/dataframe__rosidl_typesupport_fastrtps_c.h" "/home/dia/ros2_ws/src/build/ros_gz_interfaces/rosidl_typesupport_fastrtps_c/ros_gz_interfaces/msg/detail/dataframe__type_support_c.cpp" "/home/dia/ros2_ws/src/build/ros_gz_interfaces/rosidl_typesupport_fastrtps_c/ros_gz_interfaces/msg/detail/entity__rosidl_typesupport_fastrtps_c.h" "/home/dia/ros2_ws/src/build/ros_gz_interfaces/rosidl_typesupport_fastrtps_c/ros_gz_interfaces/msg/detail/entity__type_support_c.cpp" "/home/dia/ros2_ws/src/build/ros_gz_interfaces/rosidl_typesupport_fastrtps_c/ros_gz_interfaces/msg/detail/entity_factory__rosidl_typesupport_fastrtps_c.h" "/home/dia/ros2_ws/src/build/ros_gz_interfaces/rosidl_typesupport_fastrtps_c/ros_gz_interfaces/msg/detail/entity_factory__type_support_c.cpp" "/home/dia/ros2_ws/src/build/ros_gz_interfaces/rosidl_typesupport_fastrtps_c/ros_gz_interfaces/msg/detail/entity_wrench__rosidl_typesupport_fastrtps_c.h" "/home/dia/ros2_ws/src/build/ros_gz_interfaces/rosidl_typesupport_fastrtps_c/ros_gz_interfaces/msg/detail/entity_wrench__type_support_c.cpp" "/home/dia/ros2_ws/src/build/ros_gz_interfaces/rosidl_typesupport_fastrtps_c/ros_gz_interfaces/msg/detail/float32_array__rosidl_typesupport_fastrtps_c.h" "/home/dia/ros2_ws/src/build/ros_gz_interfaces/rosidl_typesupport_fastrtps_c/ros_gz_interfaces/msg/detail/float32_array__type_support_c.cpp" "/home/dia/ros2_ws/src/build/ros_gz_interfaces/rosidl_typesupport_fastrtps_c/ros_gz_interfaces/msg/detail/gui_camera__rosidl_typesupport_fastrtps_c.h" "/home/dia/ros2_ws/src/build/ros_gz_interfaces/rosidl_typesupport_fastrtps_c/ros_gz_interfaces/msg/detail/gui_camera__type_support_c.cpp" "/home/dia/ros2_ws/src/build/ros_gz_interfaces/rosidl_typesupport_fastrtps_c/ros_gz_interfaces/msg/detail/joint_wrench__rosidl_typesupport_fastrtps_c.h" "/home/dia/ros2_ws/src/build/ros_gz_interfaces/rosidl_typesupport_fastrtps_c/ros_gz_interfaces/msg/detail/joint_wrench__type_support_c.cpp" "/home/dia/ros2_ws/src/build/ros_gz_interfaces/rosidl_typesupport_fastrtps_c/ros_gz_interfaces/msg/detail/light__rosidl_typesupport_fastrtps_c.h" "/home/dia/ros2_ws/src/build/ros_gz_interfaces/rosidl_typesupport_fastrtps_c/ros_gz_interfaces/msg/detail/light__type_support_c.cpp" "/home/dia/ros2_ws/src/build/ros_gz_interfaces/rosidl_typesupport_fastrtps_c/ros_gz_interfaces/msg/detail/material_color__rosidl_typesupport_fastrtps_c.h" "/home/dia/ros2_ws/src/build/ros_gz_interfaces/rosidl_typesupport_fastrtps_c/ros_gz_interfaces/msg/detail/material_color__type_support_c.cpp" "/home/dia/ros2_ws/src/build/ros_gz_interfaces/rosidl_typesupport_fastrtps_c/ros_gz_interfaces/msg/detail/param_vec__rosidl_typesupport_fastrtps_c.h" "/home/dia/ros2_ws/src/build/ros_gz_interfaces/rosidl_typesupport_fastrtps_c/ros_gz_interfaces/msg/detail/param_vec__type_support_c.cpp" "/home/dia/ros2_ws/src/build/ros_gz_interfaces/rosidl_typesupport_fastrtps_c/ros_gz_interfaces/msg/detail/sensor_noise__rosidl_typesupport_fastrtps_c.h" "/home/dia/ros2_ws/src/build/ros_gz_interfaces/rosidl_typesupport_fastrtps_c/ros_gz_interfaces/msg/detail/sensor_noise__type_support_c.cpp" "/home/dia/ros2_ws/src/build/ros_gz_interfaces/rosidl_typesupport_fastrtps_c/ros_gz_interfaces/msg/detail/string_vec__rosidl_typesupport_fastrtps_c.h" "/home/dia/ros2_ws/src/build/ros_gz_interfaces/rosidl_typesupport_fastrtps_c/ros_gz_interfaces/msg/detail/string_vec__type_support_c.cpp" "/home/dia/ros2_ws/src/build/ros_gz_interfaces/rosidl_typesupport_fastrtps_c/ros_gz_interfaces/msg/detail/track_visual__rosidl_typesupport_fastrtps_c.h" "/home/dia/ros2_ws/src/build/ros_gz_interfaces/rosidl_typesupport_fastrtps_c/ros_gz_interfaces/msg/detail/track_visual__type_support_c.cpp" "/home/dia/ros2_ws/src/build/ros_gz_interfaces/rosidl_typesupport_fastrtps_c/ros_gz_interfaces/msg/detail/video_record__rosidl_typesupport_fastrtps_c.h" "/home/dia/ros2_ws/src/build/ros_gz_interfaces/rosidl_typesupport_fastrtps_c/ros_gz_interfaces/msg/detail/video_record__type_support_c.cpp" "/home/dia/ros2_ws/src/build/ros_gz_interfaces/rosidl_typesupport_fastrtps_c/ros_gz_interfaces/msg/detail/world_control__rosidl_typesupport_fastrtps_c.h" "/home/dia/ros2_ws/src/build/ros_gz_interfaces/rosidl_typesupport_fastrtps_c/ros_gz_interfaces/msg/detail/world_control__type_support_c.cpp" "/home/dia/ros2_ws/src/build/ros_gz_interfaces/rosidl_typesupport_fastrtps_c/ros_gz_interfaces/msg/detail/world_reset__rosidl_typesupport_fastrtps_c.h" "/home/dia/ros2_ws/src/build/ros_gz_interfaces/rosidl_typesupport_fastrtps_c/ros_gz_interfaces/msg/detail/world_reset__type_support_c.cpp" "/home/dia/ros2_ws/src/build/ros_gz_interfaces/rosidl_typesupport_fastrtps_c/ros_gz_interfaces/srv/detail/control_world__rosidl_typesupport_fastrtps_c.h" "/home/dia/ros2_ws/src/build/ros_gz_interfaces/rosidl_typesupport_fastrtps_c/ros_gz_interfaces/srv/detail/control_world__type_support_c.cpp" "/home/dia/ros2_ws/src/build/ros_gz_interfaces/rosidl_typesupport_fastrtps_c/ros_gz_interfaces/srv/detail/delete_entity__rosidl_typesupport_fastrtps_c.h" "/home/dia/ros2_ws/src/build/ros_gz_interfaces/rosidl_typesupport_fastrtps_c/ros_gz_interfaces/srv/detail/delete_entity__type_support_c.cpp" "/home/dia/ros2_ws/src/build/ros_gz_interfaces/rosidl_typesupport_fastrtps_c/ros_gz_interfaces/srv/detail/set_entity_pose__rosidl_typesupport_fastrtps_c.h" "/home/dia/ros2_ws/src/build/ros_gz_interfaces/rosidl_typesupport_fastrtps_c/ros_gz_interfaces/srv/detail/set_entity_pose__type_support_c.cpp" "/home/dia/ros2_ws/src/build/ros_gz_interfaces/rosidl_typesupport_fastrtps_c/ros_gz_interfaces/srv/detail/spawn_entity__rosidl_typesupport_fastrtps_c.h" "/home/dia/ros2_ws/src/build/ros_gz_interfaces/rosidl_typesupport_fastrtps_c/ros_gz_interfaces/srv/detail/spawn_entity__type_support_c.cpp"
Directory: /home/dia/ros2_ws/src/ros_gz/ros_gz_interfaces
"cppcheck_rosidl_typesupport_fastrtps_c" start time: Oct 05 15:30 CET
Output:
----------------------------------------------------------
-- run_test.py: invoking following command in '/home/dia/ros2_ws/src/ros_gz/ros_gz_interfaces':
 - /opt/ros/iron/bin/ament_cppcheck --xunit-file /home/dia/ros2_ws/src/build/ros_gz_interfaces/test_results/ros_gz_interfaces/cppcheck_rosidl_typesupport_fastrtps_c.xunit.xml /home/dia/ros2_ws/src/build/ros_gz_interfaces/rosidl_typesupport_fastrtps_c/ros_gz_interfaces/msg/detail/altimeter__rosidl_typesupport_fastrtps_c.h /home/dia/ros2_ws/src/build/ros_gz_interfaces/rosidl_typesupport_fastrtps_c/ros_gz_interfaces/msg/detail/altimeter__type_support_c.cpp /home/dia/ros2_ws/src/build/ros_gz_interfaces/rosidl_typesupport_fastrtps_c/ros_gz_interfaces/msg/detail/contact__rosidl_typesupport_fastrtps_c.h /home/dia/ros2_ws/src/build/ros_gz_interfaces/rosidl_typesupport_fastrtps_c/ros_gz_interfaces/msg/detail/contact__type_support_c.cpp /home/dia/ros2_ws/src/build/ros_gz_interfaces/rosidl_typesupport_fastrtps_c/ros_gz_interfaces/msg/detail/contacts__rosidl_typesupport_fastrtps_c.h /home/dia/ros2_ws/src/build/ros_gz_interfaces/rosidl_typesupport_fastrtps_c/ros_gz_interfaces/msg/detail/contacts__type_support_c.cpp /home/dia/ros2_ws/src/build/ros_gz_interfaces/rosidl_typesupport_fastrtps_c/ros_gz_interfaces/msg/detail/dataframe__rosidl_typesupport_fastrtps_c.h /home/dia/ros2_ws/src/build/ros_gz_interfaces/rosidl_typesupport_fastrtps_c/ros_gz_interfaces/msg/detail/dataframe__type_support_c.cpp /home/dia/ros2_ws/src/build/ros_gz_interfaces/rosidl_typesupport_fastrtps_c/ros_gz_interfaces/msg/detail/entity__rosidl_typesupport_fastrtps_c.h /home/dia/ros2_ws/src/build/ros_gz_interfaces/rosidl_typesupport_fastrtps_c/ros_gz_interfaces/msg/detail/entity__type_support_c.cpp /home/dia/ros2_ws/src/build/ros_gz_interfaces/rosidl_typesupport_fastrtps_c/ros_gz_interfaces/msg/detail/entity_factory__rosidl_typesupport_fastrtps_c.h /home/dia/ros2_ws/src/build/ros_gz_interfaces/rosidl_typesupport_fastrtps_c/ros_gz_interfaces/msg/detail/entity_factory__type_support_c.cpp /home/dia/ros2_ws/src/build/ros_gz_interfaces/rosidl_typesupport_fastrtps_c/ros_gz_interfaces/msg/detail/entity_wrench__rosidl_typesupport_fastrtps_c.h /home/dia/ros2_ws/src/build/ros_gz_interfaces/rosidl_typesupport_fastrtps_c/ros_gz_interfaces/msg/detail/entity_wrench__type_support_c.cpp /home/dia/ros2_ws/src/build/ros_gz_interfaces/rosidl_typesupport_fastrtps_c/ros_gz_interfaces/msg/detail/float32_array__rosidl_typesupport_fastrtps_c.h /home/dia/ros2_ws/src/build/ros_gz_interfaces/rosidl_typesupport_fastrtps_c/ros_gz_interfaces/msg/detail/float32_array__type_support_c.cpp /home/dia/ros2_ws/src/build/ros_gz_interfaces/rosidl_typesupport_fastrtps_c/ros_gz_interfaces/msg/detail/gui_camera__rosidl_typesupport_fastrtps_c.h /home/dia/ros2_ws/src/build/ros_gz_interfaces/rosidl_typesupport_fastrtps_c/ros_gz_interfaces/msg/detail/gui_camera__type_support_c.cpp /home/dia/ros2_ws/src/build/ros_gz_interfaces/rosidl_typesupport_fastrtps_c/ros_gz_interfaces/msg/detail/joint_wrench__rosidl_typesupport_fastrtps_c.h /home/dia/ros2_ws/src/build/ros_gz_interfaces/rosidl_typesupport_fastrtps_c/ros_gz_interfaces/msg/detail/joint_wrench__type_support_c.cpp /home/dia/ros2_ws/src/build/ros_gz_interfaces/rosidl_typesupport_fastrtps_c/ros_gz_interfaces/msg/detail/light__rosidl_typesupport_fastrtps_c.h /home/dia/ros2_ws/src/build/ros_gz_interfaces/rosidl_typesupport_fastrtps_c/ros_gz_interfaces/msg/detail/light__type_support_c.cpp /home/dia/ros2_ws/src/build/ros_gz_interfaces/rosidl_typesupport_fastrtps_c/ros_gz_interfaces/msg/detail/material_color__rosidl_typesupport_fastrtps_c.h /home/dia/ros2_ws/src/build/ros_gz_interfaces/rosidl_typesupport_fastrtps_c/ros_gz_interfaces/msg/detail/material_color__type_support_c.cpp /home/dia/ros2_ws/src/build/ros_gz_interfaces/rosidl_typesupport_fastrtps_c/ros_gz_interfaces/msg/detail/param_vec__rosidl_typesupport_fastrtps_c.h /home/dia/ros2_ws/src/build/ros_gz_interfaces/rosidl_typesupport_fastrtps_c/ros_gz_interfaces/msg/detail/param_vec__type_support_c.cpp /home/dia/ros2_ws/src/build/ros_gz_interfaces/rosidl_typesupport_fastrtps_c/ros_gz_interfaces/msg/detail/sensor_noise__rosidl_typesupport_fastrtps_c.h /home/dia/ros2_ws/src/build/ros_gz_interfaces/rosidl_typesupport_fastrtps_c/ros_gz_interfaces/msg/detail/sensor_noise__type_support_c.cpp /home/dia/ros2_ws/src/build/ros_gz_interfaces/rosidl_typesupport_fastrtps_c/ros_gz_interfaces/msg/detail/string_vec__rosidl_typesupport_fastrtps_c.h /home/dia/ros2_ws/src/build/ros_gz_interfaces/rosidl_typesupport_fastrtps_c/ros_gz_interfaces/msg/detail/string_vec__type_support_c.cpp /home/dia/ros2_ws/src/build/ros_gz_interfaces/rosidl_typesupport_fastrtps_c/ros_gz_interfaces/msg/detail/track_visual__rosidl_typesupport_fastrtps_c.h /home/dia/ros2_ws/src/build/ros_gz_interfaces/rosidl_typesupport_fastrtps_c/ros_gz_interfaces/msg/detail/track_visual__type_support_c.cpp /home/dia/ros2_ws/src/build/ros_gz_interfaces/rosidl_typesupport_fastrtps_c/ros_gz_interfaces/msg/detail/video_record__rosidl_typesupport_fastrtps_c.h /home/dia/ros2_ws/src/build/ros_gz_interfaces/rosidl_typesupport_fastrtps_c/ros_gz_interfaces/msg/detail/video_record__type_support_c.cpp /home/dia/ros2_ws/src/build/ros_gz_interfaces/rosidl_typesupport_fastrtps_c/ros_gz_interfaces/msg/detail/world_control__rosidl_typesupport_fastrtps_c.h /home/dia/ros2_ws/src/build/ros_gz_interfaces/rosidl_typesupport_fastrtps_c/ros_gz_interfaces/msg/detail/world_control__type_support_c.cpp /home/dia/ros2_ws/src/build/ros_gz_interfaces/rosidl_typesupport_fastrtps_c/ros_gz_interfaces/msg/detail/world_reset__rosidl_typesupport_fastrtps_c.h /home/dia/ros2_ws/src/build/ros_gz_interfaces/rosidl_typesupport_fastrtps_c/ros_gz_interfaces/msg/detail/world_reset__type_support_c.cpp /home/dia/ros2_ws/src/build/ros_gz_interfaces/rosidl_typesupport_fastrtps_c/ros_gz_interfaces/srv/detail/control_world__rosidl_typesupport_fastrtps_c.h /home/dia/ros2_ws/src/build/ros_gz_interfaces/rosidl_typesupport_fastrtps_c/ros_gz_interfaces/srv/detail/control_world__type_support_c.cpp /home/dia/ros2_ws/src/build/ros_gz_interfaces/rosidl_typesupport_fastrtps_c/ros_gz_interfaces/srv/detail/delete_entity__rosidl_typesupport_fastrtps_c.h /home/dia/ros2_ws/src/build/ros_gz_interfaces/rosidl_typesupport_fastrtps_c/ros_gz_interfaces/srv/detail/delete_entity__type_support_c.cpp /home/dia/ros2_ws/src/build/ros_gz_interfaces/rosidl_typesupport_fastrtps_c/ros_gz_interfaces/srv/detail/set_entity_pose__rosidl_typesupport_fastrtps_c.h /home/dia/ros2_ws/src/build/ros_gz_interfaces/rosidl_typesupport_fastrtps_c/ros_gz_interfaces/srv/detail/set_entity_pose__type_support_c.cpp /home/dia/ros2_ws/src/build/ros_gz_interfaces/rosidl_typesupport_fastrtps_c/ros_gz_interfaces/srv/detail/spawn_entity__rosidl_typesupport_fastrtps_c.h /home/dia/ros2_ws/src/build/ros_gz_interfaces/rosidl_typesupport_fastrtps_c/ros_gz_interfaces/srv/detail/spawn_entity__type_support_c.cpp
No files found
-- run_test.py: return code 1
-- run_test.py: generate result file '/home/dia/ros2_ws/src/build/ros_gz_interfaces/test_results/ros_gz_interfaces/cppcheck_rosidl_typesupport_fastrtps_c.xunit.xml' with failed test
-- run_test.py: verify result file '/home/dia/ros2_ws/src/build/ros_gz_interfaces/test_results/ros_gz_interfaces/cppcheck_rosidl_typesupport_fastrtps_c.xunit.xml'
<end of output>
Test time =   0.35 sec
----------------------------------------------------------
Test Failed.
"cppcheck_rosidl_typesupport_fastrtps_c" end time: Oct 05 15:30 CET
"cppcheck_rosidl_typesupport_fastrtps_c" time elapsed: 00:00:00
----------------------------------------------------------

5/29 Testing: cpplint_rosidl_typesupport_fastrtps_c
5/29 Test: cpplint_rosidl_typesupport_fastrtps_c
Command: "/usr/bin/python3.10" "-u" "/opt/ros/iron/share/ament_cmake_test/cmake/run_test.py" "/home/dia/ros2_ws/src/build/ros_gz_interfaces/test_results/ros_gz_interfaces/cpplint_rosidl_typesupport_fastrtps_c.xunit.xml" "--package-name" "ros_gz_interfaces" "--output-file" "/home/dia/ros2_ws/src/build/ros_gz_interfaces/ament_cpplint/cpplint_rosidl_typesupport_fastrtps_c.txt" "--command" "/opt/ros/iron/bin/ament_cpplint" "--xunit-file" "/home/dia/ros2_ws/src/build/ros_gz_interfaces/test_results/ros_gz_interfaces/cpplint_rosidl_typesupport_fastrtps_c.xunit.xml" "--linelength" "999" "--root" "/home/dia/ros2_ws/src/build/ros_gz_interfaces/rosidl_typesupport_fastrtps_c" "/home/dia/ros2_ws/src/build/ros_gz_interfaces/rosidl_typesupport_fastrtps_c/ros_gz_interfaces/msg/detail/altimeter__rosidl_typesupport_fastrtps_c.h" "/home/dia/ros2_ws/src/build/ros_gz_interfaces/rosidl_typesupport_fastrtps_c/ros_gz_interfaces/msg/detail/altimeter__type_support_c.cpp" "/home/dia/ros2_ws/src/build/ros_gz_interfaces/rosidl_typesupport_fastrtps_c/ros_gz_interfaces/msg/detail/contact__rosidl_typesupport_fastrtps_c.h" "/home/dia/ros2_ws/src/build/ros_gz_interfaces/rosidl_typesupport_fastrtps_c/ros_gz_interfaces/msg/detail/contact__type_support_c.cpp" "/home/dia/ros2_ws/src/build/ros_gz_interfaces/rosidl_typesupport_fastrtps_c/ros_gz_interfaces/msg/detail/contacts__rosidl_typesupport_fastrtps_c.h" "/home/dia/ros2_ws/src/build/ros_gz_interfaces/rosidl_typesupport_fastrtps_c/ros_gz_interfaces/msg/detail/contacts__type_support_c.cpp" "/home/dia/ros2_ws/src/build/ros_gz_interfaces/rosidl_typesupport_fastrtps_c/ros_gz_interfaces/msg/detail/dataframe__rosidl_typesupport_fastrtps_c.h" "/home/dia/ros2_ws/src/build/ros_gz_interfaces/rosidl_typesupport_fastrtps_c/ros_gz_interfaces/msg/detail/dataframe__type_support_c.cpp" "/home/dia/ros2_ws/src/build/ros_gz_interfaces/rosidl_typesupport_fastrtps_c/ros_gz_interfaces/msg/detail/entity__rosidl_typesupport_fastrtps_c.h" "/home/dia/ros2_ws/src/build/ros_gz_interfaces/rosidl_typesupport_fastrtps_c/ros_gz_interfaces/msg/detail/entity__type_support_c.cpp" "/home/dia/ros2_ws/src/build/ros_gz_interfaces/rosidl_typesupport_fastrtps_c/ros_gz_interfaces/msg/detail/entity_factory__rosidl_typesupport_fastrtps_c.h" "/home/dia/ros2_ws/src/build/ros_gz_interfaces/rosidl_typesupport_fastrtps_c/ros_gz_interfaces/msg/detail/entity_factory__type_support_c.cpp" "/home/dia/ros2_ws/src/build/ros_gz_interfaces/rosidl_typesupport_fastrtps_c/ros_gz_interfaces/msg/detail/entity_wrench__rosidl_typesupport_fastrtps_c.h" "/home/dia/ros2_ws/src/build/ros_gz_interfaces/rosidl_typesupport_fastrtps_c/ros_gz_interfaces/msg/detail/entity_wrench__type_support_c.cpp" "/home/dia/ros2_ws/src/build/ros_gz_interfaces/rosidl_typesupport_fastrtps_c/ros_gz_interfaces/msg/detail/float32_array__rosidl_typesupport_fastrtps_c.h" "/home/dia/ros2_ws/src/build/ros_gz_interfaces/rosidl_typesupport_fastrtps_c/ros_gz_interfaces/msg/detail/float32_array__type_support_c.cpp" "/home/dia/ros2_ws/src/build/ros_gz_interfaces/rosidl_typesupport_fastrtps_c/ros_gz_interfaces/msg/detail/gui_camera__rosidl_typesupport_fastrtps_c.h" "/home/dia/ros2_ws/src/build/ros_gz_interfaces/rosidl_typesupport_fastrtps_c/ros_gz_interfaces/msg/detail/gui_camera__type_support_c.cpp" "/home/dia/ros2_ws/src/build/ros_gz_interfaces/rosidl_typesupport_fastrtps_c/ros_gz_interfaces/msg/detail/joint_wrench__rosidl_typesupport_fastrtps_c.h" "/home/dia/ros2_ws/src/build/ros_gz_interfaces/rosidl_typesupport_fastrtps_c/ros_gz_interfaces/msg/detail/joint_wrench__type_support_c.cpp" "/home/dia/ros2_ws/src/build/ros_gz_interfaces/rosidl_typesupport_fastrtps_c/ros_gz_interfaces/msg/detail/light__rosidl_typesupport_fastrtps_c.h" "/home/dia/ros2_ws/src/build/ros_gz_interfaces/rosidl_typesupport_fastrtps_c/ros_gz_interfaces/msg/detail/light__type_support_c.cpp" "/home/dia/ros2_ws/src/build/ros_gz_interfaces/rosidl_typesupport_fastrtps_c/ros_gz_interfaces/msg/detail/material_color__rosidl_typesupport_fastrtps_c.h" "/home/dia/ros2_ws/src/build/ros_gz_interfaces/rosidl_typesupport_fastrtps_c/ros_gz_interfaces/msg/detail/material_color__type_support_c.cpp" "/home/dia/ros2_ws/src/build/ros_gz_interfaces/rosidl_typesupport_fastrtps_c/ros_gz_interfaces/msg/detail/param_vec__rosidl_typesupport_fastrtps_c.h" "/home/dia/ros2_ws/src/build/ros_gz_interfaces/rosidl_typesupport_fastrtps_c/ros_gz_interfaces/msg/detail/param_vec__type_support_c.cpp" "/home/dia/ros2_ws/src/build/ros_gz_interfaces/rosidl_typesupport_fastrtps_c/ros_gz_interfaces/msg/detail/sensor_noise__rosidl_typesupport_fastrtps_c.h" "/home/dia/ros2_ws/src/build/ros_gz_interfaces/rosidl_typesupport_fastrtps_c/ros_gz_interfaces/msg/detail/sensor_noise__type_support_c.cpp" "/home/dia/ros2_ws/src/build/ros_gz_interfaces/rosidl_typesupport_fastrtps_c/ros_gz_interfaces/msg/detail/string_vec__rosidl_typesupport_fastrtps_c.h" "/home/dia/ros2_ws/src/build/ros_gz_interfaces/rosidl_typesupport_fastrtps_c/ros_gz_interfaces/msg/detail/string_vec__type_support_c.cpp" "/home/dia/ros2_ws/src/build/ros_gz_interfaces/rosidl_typesupport_fastrtps_c/ros_gz_interfaces/msg/detail/track_visual__rosidl_typesupport_fastrtps_c.h" "/home/dia/ros2_ws/src/build/ros_gz_interfaces/rosidl_typesupport_fastrtps_c/ros_gz_interfaces/msg/detail/track_visual__type_support_c.cpp" "/home/dia/ros2_ws/src/build/ros_gz_interfaces/rosidl_typesupport_fastrtps_c/ros_gz_interfaces/msg/detail/video_record__rosidl_typesupport_fastrtps_c.h" "/home/dia/ros2_ws/src/build/ros_gz_interfaces/rosidl_typesupport_fastrtps_c/ros_gz_interfaces/msg/detail/video_record__type_support_c.cpp" "/home/dia/ros2_ws/src/build/ros_gz_interfaces/rosidl_typesupport_fastrtps_c/ros_gz_interfaces/msg/detail/world_control__rosidl_typesupport_fastrtps_c.h" "/home/dia/ros2_ws/src/build/ros_gz_interfaces/rosidl_typesupport_fastrtps_c/ros_gz_interfaces/msg/detail/world_control__type_support_c.cpp" "/home/dia/ros2_ws/src/build/ros_gz_interfaces/rosidl_typesupport_fastrtps_c/ros_gz_interfaces/msg/detail/world_reset__rosidl_typesupport_fastrtps_c.h" "/home/dia/ros2_ws/src/build/ros_gz_interfaces/rosidl_typesupport_fastrtps_c/ros_gz_interfaces/msg/detail/world_reset__type_support_c.cpp" "/home/dia/ros2_ws/src/build/ros_gz_interfaces/rosidl_typesupport_fastrtps_c/ros_gz_interfaces/srv/detail/control_world__rosidl_typesupport_fastrtps_c.h" "/home/dia/ros2_ws/src/build/ros_gz_interfaces/rosidl_typesupport_fastrtps_c/ros_gz_interfaces/srv/detail/control_world__type_support_c.cpp" "/home/dia/ros2_ws/src/build/ros_gz_interfaces/rosidl_typesupport_fastrtps_c/ros_gz_interfaces/srv/detail/delete_entity__rosidl_typesupport_fastrtps_c.h" "/home/dia/ros2_ws/src/build/ros_gz_interfaces/rosidl_typesupport_fastrtps_c/ros_gz_interfaces/srv/detail/delete_entity__type_support_c.cpp" "/home/dia/ros2_ws/src/build/ros_gz_interfaces/rosidl_typesupport_fastrtps_c/ros_gz_interfaces/srv/detail/set_entity_pose__rosidl_typesupport_fastrtps_c.h" "/home/dia/ros2_ws/src/build/ros_gz_interfaces/rosidl_typesupport_fastrtps_c/ros_gz_interfaces/srv/detail/set_entity_pose__type_support_c.cpp" "/home/dia/ros2_ws/src/build/ros_gz_interfaces/rosidl_typesupport_fastrtps_c/ros_gz_interfaces/srv/detail/spawn_entity__rosidl_typesupport_fastrtps_c.h" "/home/dia/ros2_ws/src/build/ros_gz_interfaces/rosidl_typesupport_fastrtps_c/ros_gz_interfaces/srv/detail/spawn_entity__type_support_c.cpp"
Directory: /home/dia/ros2_ws/src/ros_gz/ros_gz_interfaces
"cpplint_rosidl_typesupport_fastrtps_c" start time: Oct 05 15:30 CET
Output:
----------------------------------------------------------
-- run_test.py: invoking following command in '/home/dia/ros2_ws/src/ros_gz/ros_gz_interfaces':
 - /opt/ros/iron/bin/ament_cpplint --xunit-file /home/dia/ros2_ws/src/build/ros_gz_interfaces/test_results/ros_gz_interfaces/cpplint_rosidl_typesupport_fastrtps_c.xunit.xml --linelength 999 --root /home/dia/ros2_ws/src/build/ros_gz_interfaces/rosidl_typesupport_fastrtps_c /home/dia/ros2_ws/src/build/ros_gz_interfaces/rosidl_typesupport_fastrtps_c/ros_gz_interfaces/msg/detail/altimeter__rosidl_typesupport_fastrtps_c.h /home/dia/ros2_ws/src/build/ros_gz_interfaces/rosidl_typesupport_fastrtps_c/ros_gz_interfaces/msg/detail/altimeter__type_support_c.cpp /home/dia/ros2_ws/src/build/ros_gz_interfaces/rosidl_typesupport_fastrtps_c/ros_gz_interfaces/msg/detail/contact__rosidl_typesupport_fastrtps_c.h /home/dia/ros2_ws/src/build/ros_gz_interfaces/rosidl_typesupport_fastrtps_c/ros_gz_interfaces/msg/detail/contact__type_support_c.cpp /home/dia/ros2_ws/src/build/ros_gz_interfaces/rosidl_typesupport_fastrtps_c/ros_gz_interfaces/msg/detail/contacts__rosidl_typesupport_fastrtps_c.h /home/dia/ros2_ws/src/build/ros_gz_interfaces/rosidl_typesupport_fastrtps_c/ros_gz_interfaces/msg/detail/contacts__type_support_c.cpp /home/dia/ros2_ws/src/build/ros_gz_interfaces/rosidl_typesupport_fastrtps_c/ros_gz_interfaces/msg/detail/dataframe__rosidl_typesupport_fastrtps_c.h /home/dia/ros2_ws/src/build/ros_gz_interfaces/rosidl_typesupport_fastrtps_c/ros_gz_interfaces/msg/detail/dataframe__type_support_c.cpp /home/dia/ros2_ws/src/build/ros_gz_interfaces/rosidl_typesupport_fastrtps_c/ros_gz_interfaces/msg/detail/entity__rosidl_typesupport_fastrtps_c.h /home/dia/ros2_ws/src/build/ros_gz_interfaces/rosidl_typesupport_fastrtps_c/ros_gz_interfaces/msg/detail/entity__type_support_c.cpp /home/dia/ros2_ws/src/build/ros_gz_interfaces/rosidl_typesupport_fastrtps_c/ros_gz_interfaces/msg/detail/entity_factory__rosidl_typesupport_fastrtps_c.h /home/dia/ros2_ws/src/build/ros_gz_interfaces/rosidl_typesupport_fastrtps_c/ros_gz_interfaces/msg/detail/entity_factory__type_support_c.cpp /home/dia/ros2_ws/src/build/ros_gz_interfaces/rosidl_typesupport_fastrtps_c/ros_gz_interfaces/msg/detail/entity_wrench__rosidl_typesupport_fastrtps_c.h /home/dia/ros2_ws/src/build/ros_gz_interfaces/rosidl_typesupport_fastrtps_c/ros_gz_interfaces/msg/detail/entity_wrench__type_support_c.cpp /home/dia/ros2_ws/src/build/ros_gz_interfaces/rosidl_typesupport_fastrtps_c/ros_gz_interfaces/msg/detail/float32_array__rosidl_typesupport_fastrtps_c.h /home/dia/ros2_ws/src/build/ros_gz_interfaces/rosidl_typesupport_fastrtps_c/ros_gz_interfaces/msg/detail/float32_array__type_support_c.cpp /home/dia/ros2_ws/src/build/ros_gz_interfaces/rosidl_typesupport_fastrtps_c/ros_gz_interfaces/msg/detail/gui_camera__rosidl_typesupport_fastrtps_c.h /home/dia/ros2_ws/src/build/ros_gz_interfaces/rosidl_typesupport_fastrtps_c/ros_gz_interfaces/msg/detail/gui_camera__type_support_c.cpp /home/dia/ros2_ws/src/build/ros_gz_interfaces/rosidl_typesupport_fastrtps_c/ros_gz_interfaces/msg/detail/joint_wrench__rosidl_typesupport_fastrtps_c.h /home/dia/ros2_ws/src/build/ros_gz_interfaces/rosidl_typesupport_fastrtps_c/ros_gz_interfaces/msg/detail/joint_wrench__type_support_c.cpp /home/dia/ros2_ws/src/build/ros_gz_interfaces/rosidl_typesupport_fastrtps_c/ros_gz_interfaces/msg/detail/light__rosidl_typesupport_fastrtps_c.h /home/dia/ros2_ws/src/build/ros_gz_interfaces/rosidl_typesupport_fastrtps_c/ros_gz_interfaces/msg/detail/light__type_support_c.cpp /home/dia/ros2_ws/src/build/ros_gz_interfaces/rosidl_typesupport_fastrtps_c/ros_gz_interfaces/msg/detail/material_color__rosidl_typesupport_fastrtps_c.h /home/dia/ros2_ws/src/build/ros_gz_interfaces/rosidl_typesupport_fastrtps_c/ros_gz_interfaces/msg/detail/material_color__type_support_c.cpp /home/dia/ros2_ws/src/build/ros_gz_interfaces/rosidl_typesupport_fastrtps_c/ros_gz_interfaces/msg/detail/param_vec__rosidl_typesupport_fastrtps_c.h /home/dia/ros2_ws/src/build/ros_gz_interfaces/rosidl_typesupport_fastrtps_c/ros_gz_interfaces/msg/detail/param_vec__type_support_c.cpp /home/dia/ros2_ws/src/build/ros_gz_interfaces/rosidl_typesupport_fastrtps_c/ros_gz_interfaces/msg/detail/sensor_noise__rosidl_typesupport_fastrtps_c.h /home/dia/ros2_ws/src/build/ros_gz_interfaces/rosidl_typesupport_fastrtps_c/ros_gz_interfaces/msg/detail/sensor_noise__type_support_c.cpp /home/dia/ros2_ws/src/build/ros_gz_interfaces/rosidl_typesupport_fastrtps_c/ros_gz_interfaces/msg/detail/string_vec__rosidl_typesupport_fastrtps_c.h /home/dia/ros2_ws/src/build/ros_gz_interfaces/rosidl_typesupport_fastrtps_c/ros_gz_interfaces/msg/detail/string_vec__type_support_c.cpp /home/dia/ros2_ws/src/build/ros_gz_interfaces/rosidl_typesupport_fastrtps_c/ros_gz_interfaces/msg/detail/track_visual__rosidl_typesupport_fastrtps_c.h /home/dia/ros2_ws/src/build/ros_gz_interfaces/rosidl_typesupport_fastrtps_c/ros_gz_interfaces/msg/detail/track_visual__type_support_c.cpp /home/dia/ros2_ws/src/build/ros_gz_interfaces/rosidl_typesupport_fastrtps_c/ros_gz_interfaces/msg/detail/video_record__rosidl_typesupport_fastrtps_c.h /home/dia/ros2_ws/src/build/ros_gz_interfaces/rosidl_typesupport_fastrtps_c/ros_gz_interfaces/msg/detail/video_record__type_support_c.cpp /home/dia/ros2_ws/src/build/ros_gz_interfaces/rosidl_typesupport_fastrtps_c/ros_gz_interfaces/msg/detail/world_control__rosidl_typesupport_fastrtps_c.h /home/dia/ros2_ws/src/build/ros_gz_interfaces/rosidl_typesupport_fastrtps_c/ros_gz_interfaces/msg/detail/world_control__type_support_c.cpp /home/dia/ros2_ws/src/build/ros_gz_interfaces/rosidl_typesupport_fastrtps_c/ros_gz_interfaces/msg/detail/world_reset__rosidl_typesupport_fastrtps_c.h /home/dia/ros2_ws/src/build/ros_gz_interfaces/rosidl_typesupport_fastrtps_c/ros_gz_interfaces/msg/detail/world_reset__type_support_c.cpp /home/dia/ros2_ws/src/build/ros_gz_interfaces/rosidl_typesupport_fastrtps_c/ros_gz_interfaces/srv/detail/control_world__rosidl_typesupport_fastrtps_c.h /home/dia/ros2_ws/src/build/ros_gz_interfaces/rosidl_typesupport_fastrtps_c/ros_gz_interfaces/srv/detail/control_world__type_support_c.cpp /home/dia/ros2_ws/src/build/ros_gz_interfaces/rosidl_typesupport_fastrtps_c/ros_gz_interfaces/srv/detail/delete_entity__rosidl_typesupport_fastrtps_c.h /home/dia/ros2_ws/src/build/ros_gz_interfaces/rosidl_typesupport_fastrtps_c/ros_gz_interfaces/srv/detail/delete_entity__type_support_c.cpp /home/dia/ros2_ws/src/build/ros_gz_interfaces/rosidl_typesupport_fastrtps_c/ros_gz_interfaces/srv/detail/set_entity_pose__rosidl_typesupport_fastrtps_c.h /home/dia/ros2_ws/src/build/ros_gz_interfaces/rosidl_typesupport_fastrtps_c/ros_gz_interfaces/srv/detail/set_entity_pose__type_support_c.cpp /home/dia/ros2_ws/src/build/ros_gz_interfaces/rosidl_typesupport_fastrtps_c/ros_gz_interfaces/srv/detail/spawn_entity__rosidl_typesupport_fastrtps_c.h /home/dia/ros2_ws/src/build/ros_gz_interfaces/rosidl_typesupport_fastrtps_c/ros_gz_interfaces/srv/detail/spawn_entity__type_support_c.cpp
No files found
-- run_test.py: return code 1
-- run_test.py: generate result file '/home/dia/ros2_ws/src/build/ros_gz_interfaces/test_results/ros_gz_interfaces/cpplint_rosidl_typesupport_fastrtps_c.xunit.xml' with failed test
-- run_test.py: verify result file '/home/dia/ros2_ws/src/build/ros_gz_interfaces/test_results/ros_gz_interfaces/cpplint_rosidl_typesupport_fastrtps_c.xunit.xml'
<end of output>
Test time =   0.36 sec
----------------------------------------------------------
Test Failed.
"cpplint_rosidl_typesupport_fastrtps_c" end time: Oct 05 15:30 CET
"cpplint_rosidl_typesupport_fastrtps_c" time elapsed: 00:00:00
----------------------------------------------------------

6/29 Testing: uncrustify_rosidl_typesupport_fastrtps_c
6/29 Test: uncrustify_rosidl_typesupport_fastrtps_c
Command: "/usr/bin/python3.10" "-u" "/opt/ros/iron/share/ament_cmake_test/cmake/run_test.py" "/home/dia/ros2_ws/src/build/ros_gz_interfaces/test_results/ros_gz_interfaces/uncrustify_rosidl_typesupport_fastrtps_c.xunit.xml" "--package-name" "ros_gz_interfaces" "--output-file" "/home/dia/ros2_ws/src/build/ros_gz_interfaces/ament_uncrustify/uncrustify_rosidl_typesupport_fastrtps_c.txt" "--command" "/opt/ros/iron/bin/ament_uncrustify" "--xunit-file" "/home/dia/ros2_ws/src/build/ros_gz_interfaces/test_results/ros_gz_interfaces/uncrustify_rosidl_typesupport_fastrtps_c.xunit.xml" "--linelength" "0" "/home/dia/ros2_ws/src/build/ros_gz_interfaces/rosidl_typesupport_fastrtps_c/ros_gz_interfaces/msg/detail/altimeter__rosidl_typesupport_fastrtps_c.h" "/home/dia/ros2_ws/src/build/ros_gz_interfaces/rosidl_typesupport_fastrtps_c/ros_gz_interfaces/msg/detail/altimeter__type_support_c.cpp" "/home/dia/ros2_ws/src/build/ros_gz_interfaces/rosidl_typesupport_fastrtps_c/ros_gz_interfaces/msg/detail/contact__rosidl_typesupport_fastrtps_c.h" "/home/dia/ros2_ws/src/build/ros_gz_interfaces/rosidl_typesupport_fastrtps_c/ros_gz_interfaces/msg/detail/contact__type_support_c.cpp" "/home/dia/ros2_ws/src/build/ros_gz_interfaces/rosidl_typesupport_fastrtps_c/ros_gz_interfaces/msg/detail/contacts__rosidl_typesupport_fastrtps_c.h" "/home/dia/ros2_ws/src/build/ros_gz_interfaces/rosidl_typesupport_fastrtps_c/ros_gz_interfaces/msg/detail/contacts__type_support_c.cpp" "/home/dia/ros2_ws/src/build/ros_gz_interfaces/rosidl_typesupport_fastrtps_c/ros_gz_interfaces/msg/detail/dataframe__rosidl_typesupport_fastrtps_c.h" "/home/dia/ros2_ws/src/build/ros_gz_interfaces/rosidl_typesupport_fastrtps_c/ros_gz_interfaces/msg/detail/dataframe__type_support_c.cpp" "/home/dia/ros2_ws/src/build/ros_gz_interfaces/rosidl_typesupport_fastrtps_c/ros_gz_interfaces/msg/detail/entity__rosidl_typesupport_fastrtps_c.h" "/home/dia/ros2_ws/src/build/ros_gz_interfaces/rosidl_typesupport_fastrtps_c/ros_gz_interfaces/msg/detail/entity__type_support_c.cpp" "/home/dia/ros2_ws/src/build/ros_gz_interfaces/rosidl_typesupport_fastrtps_c/ros_gz_interfaces/msg/detail/entity_factory__rosidl_typesupport_fastrtps_c.h" "/home/dia/ros2_ws/src/build/ros_gz_interfaces/rosidl_typesupport_fastrtps_c/ros_gz_interfaces/msg/detail/entity_factory__type_support_c.cpp" "/home/dia/ros2_ws/src/build/ros_gz_interfaces/rosidl_typesupport_fastrtps_c/ros_gz_interfaces/msg/detail/entity_wrench__rosidl_typesupport_fastrtps_c.h" "/home/dia/ros2_ws/src/build/ros_gz_interfaces/rosidl_typesupport_fastrtps_c/ros_gz_interfaces/msg/detail/entity_wrench__type_support_c.cpp" "/home/dia/ros2_ws/src/build/ros_gz_interfaces/rosidl_typesupport_fastrtps_c/ros_gz_interfaces/msg/detail/float32_array__rosidl_typesupport_fastrtps_c.h" "/home/dia/ros2_ws/src/build/ros_gz_interfaces/rosidl_typesupport_fastrtps_c/ros_gz_interfaces/msg/detail/float32_array__type_support_c.cpp" "/home/dia/ros2_ws/src/build/ros_gz_interfaces/rosidl_typesupport_fastrtps_c/ros_gz_interfaces/msg/detail/gui_camera__rosidl_typesupport_fastrtps_c.h" "/home/dia/ros2_ws/src/build/ros_gz_interfaces/rosidl_typesupport_fastrtps_c/ros_gz_interfaces/msg/detail/gui_camera__type_support_c.cpp" "/home/dia/ros2_ws/src/build/ros_gz_interfaces/rosidl_typesupport_fastrtps_c/ros_gz_interfaces/msg/detail/joint_wrench__rosidl_typesupport_fastrtps_c.h" "/home/dia/ros2_ws/src/build/ros_gz_interfaces/rosidl_typesupport_fastrtps_c/ros_gz_interfaces/msg/detail/joint_wrench__type_support_c.cpp" "/home/dia/ros2_ws/src/build/ros_gz_interfaces/rosidl_typesupport_fastrtps_c/ros_gz_interfaces/msg/detail/light__rosidl_typesupport_fastrtps_c.h" "/home/dia/ros2_ws/src/build/ros_gz_interfaces/rosidl_typesupport_fastrtps_c/ros_gz_interfaces/msg/detail/light__type_support_c.cpp" "/home/dia/ros2_ws/src/build/ros_gz_interfaces/rosidl_typesupport_fastrtps_c/ros_gz_interfaces/msg/detail/material_color__rosidl_typesupport_fastrtps_c.h" "/home/dia/ros2_ws/src/build/ros_gz_interfaces/rosidl_typesupport_fastrtps_c/ros_gz_interfaces/msg/detail/material_color__type_support_c.cpp" "/home/dia/ros2_ws/src/build/ros_gz_interfaces/rosidl_typesupport_fastrtps_c/ros_gz_interfaces/msg/detail/param_vec__rosidl_typesupport_fastrtps_c.h" "/home/dia/ros2_ws/src/build/ros_gz_interfaces/rosidl_typesupport_fastrtps_c/ros_gz_interfaces/msg/detail/param_vec__type_support_c.cpp" "/home/dia/ros2_ws/src/build/ros_gz_interfaces/rosidl_typesupport_fastrtps_c/ros_gz_interfaces/msg/detail/sensor_noise__rosidl_typesupport_fastrtps_c.h" "/home/dia/ros2_ws/src/build/ros_gz_interfaces/rosidl_typesupport_fastrtps_c/ros_gz_interfaces/msg/detail/sensor_noise__type_support_c.cpp" "/home/dia/ros2_ws/src/build/ros_gz_interfaces/rosidl_typesupport_fastrtps_c/ros_gz_interfaces/msg/detail/string_vec__rosidl_typesupport_fastrtps_c.h" "/home/dia/ros2_ws/src/build/ros_gz_interfaces/rosidl_typesupport_fastrtps_c/ros_gz_interfaces/msg/detail/string_vec__type_support_c.cpp" "/home/dia/ros2_ws/src/build/ros_gz_interfaces/rosidl_typesupport_fastrtps_c/ros_gz_interfaces/msg/detail/track_visual__rosidl_typesupport_fastrtps_c.h" "/home/dia/ros2_ws/src/build/ros_gz_interfaces/rosidl_typesupport_fastrtps_c/ros_gz_interfaces/msg/detail/track_visual__type_support_c.cpp" "/home/dia/ros2_ws/src/build/ros_gz_interfaces/rosidl_typesupport_fastrtps_c/ros_gz_interfaces/msg/detail/video_record__rosidl_typesupport_fastrtps_c.h" "/home/dia/ros2_ws/src/build/ros_gz_interfaces/rosidl_typesupport_fastrtps_c/ros_gz_interfaces/msg/detail/video_record__type_support_c.cpp" "/home/dia/ros2_ws/src/build/ros_gz_interfaces/rosidl_typesupport_fastrtps_c/ros_gz_interfaces/msg/detail/world_control__rosidl_typesupport_fastrtps_c.h" "/home/dia/ros2_ws/src/build/ros_gz_interfaces/rosidl_typesupport_fastrtps_c/ros_gz_interfaces/msg/detail/world_control__type_support_c.cpp" "/home/dia/ros2_ws/src/build/ros_gz_interfaces/rosidl_typesupport_fastrtps_c/ros_gz_interfaces/msg/detail/world_reset__rosidl_typesupport_fastrtps_c.h" "/home/dia/ros2_ws/src/build/ros_gz_interfaces/rosidl_typesupport_fastrtps_c/ros_gz_interfaces/msg/detail/world_reset__type_support_c.cpp" "/home/dia/ros2_ws/src/build/ros_gz_interfaces/rosidl_typesupport_fastrtps_c/ros_gz_interfaces/srv/detail/control_world__rosidl_typesupport_fastrtps_c.h" "/home/dia/ros2_ws/src/build/ros_gz_interfaces/rosidl_typesupport_fastrtps_c/ros_gz_interfaces/srv/detail/control_world__type_support_c.cpp" "/home/dia/ros2_ws/src/build/ros_gz_interfaces/rosidl_typesupport_fastrtps_c/ros_gz_interfaces/srv/detail/delete_entity__rosidl_typesupport_fastrtps_c.h" "/home/dia/ros2_ws/src/build/ros_gz_interfaces/rosidl_typesupport_fastrtps_c/ros_gz_interfaces/srv/detail/delete_entity__type_support_c.cpp" "/home/dia/ros2_ws/src/build/ros_gz_interfaces/rosidl_typesupport_fastrtps_c/ros_gz_interfaces/srv/detail/set_entity_pose__rosidl_typesupport_fastrtps_c.h" "/home/dia/ros2_ws/src/build/ros_gz_interfaces/rosidl_typesupport_fastrtps_c/ros_gz_interfaces/srv/detail/set_entity_pose__type_support_c.cpp" "/home/dia/ros2_ws/src/build/ros_gz_interfaces/rosidl_typesupport_fastrtps_c/ros_gz_interfaces/srv/detail/spawn_entity__rosidl_typesupport_fastrtps_c.h" "/home/dia/ros2_ws/src/build/ros_gz_interfaces/rosidl_typesupport_fastrtps_c/ros_gz_interfaces/srv/detail/spawn_entity__type_support_c.cpp"
Directory: /home/dia/ros2_ws/src/ros_gz/ros_gz_interfaces
"uncrustify_rosidl_typesupport_fastrtps_c" start time: Oct 05 15:30 CET
Output:
----------------------------------------------------------
-- run_test.py: invoking following command in '/home/dia/ros2_ws/src/ros_gz/ros_gz_interfaces':
 - /opt/ros/iron/bin/ament_uncrustify --xunit-file /home/dia/ros2_ws/src/build/ros_gz_interfaces/test_results/ros_gz_interfaces/uncrustify_rosidl_typesupport_fastrtps_c.xunit.xml --linelength 0 /home/dia/ros2_ws/src/build/ros_gz_interfaces/rosidl_typesupport_fastrtps_c/ros_gz_interfaces/msg/detail/altimeter__rosidl_typesupport_fastrtps_c.h /home/dia/ros2_ws/src/build/ros_gz_interfaces/rosidl_typesupport_fastrtps_c/ros_gz_interfaces/msg/detail/altimeter__type_support_c.cpp /home/dia/ros2_ws/src/build/ros_gz_interfaces/rosidl_typesupport_fastrtps_c/ros_gz_interfaces/msg/detail/contact__rosidl_typesupport_fastrtps_c.h /home/dia/ros2_ws/src/build/ros_gz_interfaces/rosidl_typesupport_fastrtps_c/ros_gz_interfaces/msg/detail/contact__type_support_c.cpp /home/dia/ros2_ws/src/build/ros_gz_interfaces/rosidl_typesupport_fastrtps_c/ros_gz_interfaces/msg/detail/contacts__rosidl_typesupport_fastrtps_c.h /home/dia/ros2_ws/src/build/ros_gz_interfaces/rosidl_typesupport_fastrtps_c/ros_gz_interfaces/msg/detail/contacts__type_support_c.cpp /home/dia/ros2_ws/src/build/ros_gz_interfaces/rosidl_typesupport_fastrtps_c/ros_gz_interfaces/msg/detail/dataframe__rosidl_typesupport_fastrtps_c.h /home/dia/ros2_ws/src/build/ros_gz_interfaces/rosidl_typesupport_fastrtps_c/ros_gz_interfaces/msg/detail/dataframe__type_support_c.cpp /home/dia/ros2_ws/src/build/ros_gz_interfaces/rosidl_typesupport_fastrtps_c/ros_gz_interfaces/msg/detail/entity__rosidl_typesupport_fastrtps_c.h /home/dia/ros2_ws/src/build/ros_gz_interfaces/rosidl_typesupport_fastrtps_c/ros_gz_interfaces/msg/detail/entity__type_support_c.cpp /home/dia/ros2_ws/src/build/ros_gz_interfaces/rosidl_typesupport_fastrtps_c/ros_gz_interfaces/msg/detail/entity_factory__rosidl_typesupport_fastrtps_c.h /home/dia/ros2_ws/src/build/ros_gz_interfaces/rosidl_typesupport_fastrtps_c/ros_gz_interfaces/msg/detail/entity_factory__type_support_c.cpp /home/dia/ros2_ws/src/build/ros_gz_interfaces/rosidl_typesupport_fastrtps_c/ros_gz_interfaces/msg/detail/entity_wrench__rosidl_typesupport_fastrtps_c.h /home/dia/ros2_ws/src/build/ros_gz_interfaces/rosidl_typesupport_fastrtps_c/ros_gz_interfaces/msg/detail/entity_wrench__type_support_c.cpp /home/dia/ros2_ws/src/build/ros_gz_interfaces/rosidl_typesupport_fastrtps_c/ros_gz_interfaces/msg/detail/float32_array__rosidl_typesupport_fastrtps_c.h /home/dia/ros2_ws/src/build/ros_gz_interfaces/rosidl_typesupport_fastrtps_c/ros_gz_interfaces/msg/detail/float32_array__type_support_c.cpp /home/dia/ros2_ws/src/build/ros_gz_interfaces/rosidl_typesupport_fastrtps_c/ros_gz_interfaces/msg/detail/gui_camera__rosidl_typesupport_fastrtps_c.h /home/dia/ros2_ws/src/build/ros_gz_interfaces/rosidl_typesupport_fastrtps_c/ros_gz_interfaces/msg/detail/gui_camera__type_support_c.cpp /home/dia/ros2_ws/src/build/ros_gz_interfaces/rosidl_typesupport_fastrtps_c/ros_gz_interfaces/msg/detail/joint_wrench__rosidl_typesupport_fastrtps_c.h /home/dia/ros2_ws/src/build/ros_gz_interfaces/rosidl_typesupport_fastrtps_c/ros_gz_interfaces/msg/detail/joint_wrench__type_support_c.cpp /home/dia/ros2_ws/src/build/ros_gz_interfaces/rosidl_typesupport_fastrtps_c/ros_gz_interfaces/msg/detail/light__rosidl_typesupport_fastrtps_c.h /home/dia/ros2_ws/src/build/ros_gz_interfaces/rosidl_typesupport_fastrtps_c/ros_gz_interfaces/msg/detail/light__type_support_c.cpp /home/dia/ros2_ws/src/build/ros_gz_interfaces/rosidl_typesupport_fastrtps_c/ros_gz_interfaces/msg/detail/material_color__rosidl_typesupport_fastrtps_c.h /home/dia/ros2_ws/src/build/ros_gz_interfaces/rosidl_typesupport_fastrtps_c/ros_gz_interfaces/msg/detail/material_color__type_support_c.cpp /home/dia/ros2_ws/src/build/ros_gz_interfaces/rosidl_typesupport_fastrtps_c/ros_gz_interfaces/msg/detail/param_vec__rosidl_typesupport_fastrtps_c.h /home/dia/ros2_ws/src/build/ros_gz_interfaces/rosidl_typesupport_fastrtps_c/ros_gz_interfaces/msg/detail/param_vec__type_support_c.cpp /home/dia/ros2_ws/src/build/ros_gz_interfaces/rosidl_typesupport_fastrtps_c/ros_gz_interfaces/msg/detail/sensor_noise__rosidl_typesupport_fastrtps_c.h /home/dia/ros2_ws/src/build/ros_gz_interfaces/rosidl_typesupport_fastrtps_c/ros_gz_interfaces/msg/detail/sensor_noise__type_support_c.cpp /home/dia/ros2_ws/src/build/ros_gz_interfaces/rosidl_typesupport_fastrtps_c/ros_gz_interfaces/msg/detail/string_vec__rosidl_typesupport_fastrtps_c.h /home/dia/ros2_ws/src/build/ros_gz_interfaces/rosidl_typesupport_fastrtps_c/ros_gz_interfaces/msg/detail/string_vec__type_support_c.cpp /home/dia/ros2_ws/src/build/ros_gz_interfaces/rosidl_typesupport_fastrtps_c/ros_gz_interfaces/msg/detail/track_visual__rosidl_typesupport_fastrtps_c.h /home/dia/ros2_ws/src/build/ros_gz_interfaces/rosidl_typesupport_fastrtps_c/ros_gz_interfaces/msg/detail/track_visual__type_support_c.cpp /home/dia/ros2_ws/src/build/ros_gz_interfaces/rosidl_typesupport_fastrtps_c/ros_gz_interfaces/msg/detail/video_record__rosidl_typesupport_fastrtps_c.h /home/dia/ros2_ws/src/build/ros_gz_interfaces/rosidl_typesupport_fastrtps_c/ros_gz_interfaces/msg/detail/video_record__type_support_c.cpp /home/dia/ros2_ws/src/build/ros_gz_interfaces/rosidl_typesupport_fastrtps_c/ros_gz_interfaces/msg/detail/world_control__rosidl_typesupport_fastrtps_c.h /home/dia/ros2_ws/src/build/ros_gz_interfaces/rosidl_typesupport_fastrtps_c/ros_gz_interfaces/msg/detail/world_control__type_support_c.cpp /home/dia/ros2_ws/src/build/ros_gz_interfaces/rosidl_typesupport_fastrtps_c/ros_gz_interfaces/msg/detail/world_reset__rosidl_typesupport_fastrtps_c.h /home/dia/ros2_ws/src/build/ros_gz_interfaces/rosidl_typesupport_fastrtps_c/ros_gz_interfaces/msg/detail/world_reset__type_support_c.cpp /home/dia/ros2_ws/src/build/ros_gz_interfaces/rosidl_typesupport_fastrtps_c/ros_gz_interfaces/srv/detail/control_world__rosidl_typesupport_fastrtps_c.h /home/dia/ros2_ws/src/build/ros_gz_interfaces/rosidl_typesupport_fastrtps_c/ros_gz_interfaces/srv/detail/control_world__type_support_c.cpp /home/dia/ros2_ws/src/build/ros_gz_interfaces/rosidl_typesupport_fastrtps_c/ros_gz_interfaces/srv/detail/delete_entity__rosidl_typesupport_fastrtps_c.h /home/dia/ros2_ws/src/build/ros_gz_interfaces/rosidl_typesupport_fastrtps_c/ros_gz_interfaces/srv/detail/delete_entity__type_support_c.cpp /home/dia/ros2_ws/src/build/ros_gz_interfaces/rosidl_typesupport_fastrtps_c/ros_gz_interfaces/srv/detail/set_entity_pose__rosidl_typesupport_fastrtps_c.h /home/dia/ros2_ws/src/build/ros_gz_interfaces/rosidl_typesupport_fastrtps_c/ros_gz_interfaces/srv/detail/set_entity_pose__type_support_c.cpp /home/dia/ros2_ws/src/build/ros_gz_interfaces/rosidl_typesupport_fastrtps_c/ros_gz_interfaces/srv/detail/spawn_entity__rosidl_typesupport_fastrtps_c.h /home/dia/ros2_ws/src/build/ros_gz_interfaces/rosidl_typesupport_fastrtps_c/ros_gz_interfaces/srv/detail/spawn_entity__type_support_c.cpp
No files found
-- run_test.py: return code 1
-- run_test.py: generate result file '/home/dia/ros2_ws/src/build/ros_gz_interfaces/test_results/ros_gz_interfaces/uncrustify_rosidl_typesupport_fastrtps_c.xunit.xml' with failed test
-- run_test.py: verify result file '/home/dia/ros2_ws/src/build/ros_gz_interfaces/test_results/ros_gz_interfaces/uncrustify_rosidl_typesupport_fastrtps_c.xunit.xml'
<end of output>
Test time =   0.35 sec
----------------------------------------------------------
Test Failed.
"uncrustify_rosidl_typesupport_fastrtps_c" end time: Oct 05 15:30 CET
"uncrustify_rosidl_typesupport_fastrtps_c" time elapsed: 00:00:00
----------------------------------------------------------

7/29 Testing: cppcheck_rosidl_generated_cpp
7/29 Test: cppcheck_rosidl_generated_cpp
Command: "/usr/bin/python3.10" "-u" "/opt/ros/iron/share/ament_cmake_test/cmake/run_test.py" "/home/dia/ros2_ws/src/build/ros_gz_interfaces/test_results/ros_gz_interfaces/cppcheck_rosidl_generated_cpp.xunit.xml" "--package-name" "ros_gz_interfaces" "--output-file" "/home/dia/ros2_ws/src/build/ros_gz_interfaces/ament_cppcheck/cppcheck_rosidl_generated_cpp.txt" "--command" "/opt/ros/iron/bin/ament_cppcheck" "--xunit-file" "/home/dia/ros2_ws/src/build/ros_gz_interfaces/test_results/ros_gz_interfaces/cppcheck_rosidl_generated_cpp.xunit.xml" "/home/dia/ros2_ws/src/build/ros_gz_interfaces/rosidl_generator_cpp/ros_gz_interfaces"
Directory: /home/dia/ros2_ws/src/ros_gz/ros_gz_interfaces
"cppcheck_rosidl_generated_cpp" start time: Oct 05 15:30 CET
Output:
----------------------------------------------------------
-- run_test.py: invoking following command in '/home/dia/ros2_ws/src/ros_gz/ros_gz_interfaces':
 - /opt/ros/iron/bin/ament_cppcheck --xunit-file /home/dia/ros2_ws/src/build/ros_gz_interfaces/test_results/ros_gz_interfaces/cppcheck_rosidl_generated_cpp.xunit.xml /home/dia/ros2_ws/src/build/ros_gz_interfaces/rosidl_generator_cpp/ros_gz_interfaces
No files found
-- run_test.py: return code 1
-- run_test.py: generate result file '/home/dia/ros2_ws/src/build/ros_gz_interfaces/test_results/ros_gz_interfaces/cppcheck_rosidl_generated_cpp.xunit.xml' with failed test
-- run_test.py: verify result file '/home/dia/ros2_ws/src/build/ros_gz_interfaces/test_results/ros_gz_interfaces/cppcheck_rosidl_generated_cpp.xunit.xml'
<end of output>
Test time =   0.34 sec
----------------------------------------------------------
Test Failed.
"cppcheck_rosidl_generated_cpp" end time: Oct 05 15:30 CET
"cppcheck_rosidl_generated_cpp" time elapsed: 00:00:00
----------------------------------------------------------

8/29 Testing: cpplint_rosidl_generated_cpp
8/29 Test: cpplint_rosidl_generated_cpp
Command: "/usr/bin/python3.10" "-u" "/opt/ros/iron/share/ament_cmake_test/cmake/run_test.py" "/home/dia/ros2_ws/src/build/ros_gz_interfaces/test_results/ros_gz_interfaces/cpplint_rosidl_generated_cpp.xunit.xml" "--package-name" "ros_gz_interfaces" "--output-file" "/home/dia/ros2_ws/src/build/ros_gz_interfaces/ament_cpplint/cpplint_rosidl_generated_cpp.txt" "--command" "/opt/ros/iron/bin/ament_cpplint" "--xunit-file" "/home/dia/ros2_ws/src/build/ros_gz_interfaces/test_results/ros_gz_interfaces/cpplint_rosidl_generated_cpp.xunit.xml" "--linelength" "999" "--root" "/home/dia/ros2_ws/src/build/ros_gz_interfaces/rosidl_generator_cpp" "/home/dia/ros2_ws/src/build/ros_gz_interfaces/rosidl_generator_cpp/ros_gz_interfaces"
Directory: /home/dia/ros2_ws/src/ros_gz/ros_gz_interfaces
"cpplint_rosidl_generated_cpp" start time: Oct 05 15:30 CET
Output:
----------------------------------------------------------
-- run_test.py: invoking following command in '/home/dia/ros2_ws/src/ros_gz/ros_gz_interfaces':
 - /opt/ros/iron/bin/ament_cpplint --xunit-file /home/dia/ros2_ws/src/build/ros_gz_interfaces/test_results/ros_gz_interfaces/cpplint_rosidl_generated_cpp.xunit.xml --linelength 999 --root /home/dia/ros2_ws/src/build/ros_gz_interfaces/rosidl_generator_cpp /home/dia/ros2_ws/src/build/ros_gz_interfaces/rosidl_generator_cpp/ros_gz_interfaces
No files found
-- run_test.py: return code 1
-- run_test.py: generate result file '/home/dia/ros2_ws/src/build/ros_gz_interfaces/test_results/ros_gz_interfaces/cpplint_rosidl_generated_cpp.xunit.xml' with failed test
-- run_test.py: verify result file '/home/dia/ros2_ws/src/build/ros_gz_interfaces/test_results/ros_gz_interfaces/cpplint_rosidl_generated_cpp.xunit.xml'
<end of output>
Test time =   0.35 sec
----------------------------------------------------------
Test Failed.
"cpplint_rosidl_generated_cpp" end time: Oct 05 15:30 CET
"cpplint_rosidl_generated_cpp" time elapsed: 00:00:00
----------------------------------------------------------

9/29 Testing: uncrustify_rosidl_generated_cpp
9/29 Test: uncrustify_rosidl_generated_cpp
Command: "/usr/bin/python3.10" "-u" "/opt/ros/iron/share/ament_cmake_test/cmake/run_test.py" "/home/dia/ros2_ws/src/build/ros_gz_interfaces/test_results/ros_gz_interfaces/uncrustify_rosidl_generated_cpp.xunit.xml" "--package-name" "ros_gz_interfaces" "--output-file" "/home/dia/ros2_ws/src/build/ros_gz_interfaces/ament_uncrustify/uncrustify_rosidl_generated_cpp.txt" "--command" "/opt/ros/iron/bin/ament_uncrustify" "--xunit-file" "/home/dia/ros2_ws/src/build/ros_gz_interfaces/test_results/ros_gz_interfaces/uncrustify_rosidl_generated_cpp.xunit.xml" "--linelength" "0" "/home/dia/ros2_ws/src/build/ros_gz_interfaces/rosidl_generator_cpp/ros_gz_interfaces"
Directory: /home/dia/ros2_ws/src/ros_gz/ros_gz_interfaces
"uncrustify_rosidl_generated_cpp" start time: Oct 05 15:30 CET
Output:
----------------------------------------------------------
-- run_test.py: invoking following command in '/home/dia/ros2_ws/src/ros_gz/ros_gz_interfaces':
 - /opt/ros/iron/bin/ament_uncrustify --xunit-file /home/dia/ros2_ws/src/build/ros_gz_interfaces/test_results/ros_gz_interfaces/uncrustify_rosidl_generated_cpp.xunit.xml --linelength 0 /home/dia/ros2_ws/src/build/ros_gz_interfaces/rosidl_generator_cpp/ros_gz_interfaces
No files found
-- run_test.py: return code 1
-- run_test.py: generate result file '/home/dia/ros2_ws/src/build/ros_gz_interfaces/test_results/ros_gz_interfaces/uncrustify_rosidl_generated_cpp.xunit.xml' with failed test
-- run_test.py: verify result file '/home/dia/ros2_ws/src/build/ros_gz_interfaces/test_results/ros_gz_interfaces/uncrustify_rosidl_generated_cpp.xunit.xml'
<end of output>
Test time =   0.34 sec
----------------------------------------------------------
Test Failed.
"uncrustify_rosidl_generated_cpp" end time: Oct 05 15:30 CET
"uncrustify_rosidl_generated_cpp" time elapsed: 00:00:00
----------------------------------------------------------

10/29 Testing: cppcheck_rosidl_typesupport_fastrtps_cpp
10/29 Test: cppcheck_rosidl_typesupport_fastrtps_cpp
Command: "/usr/bin/python3.10" "-u" "/opt/ros/iron/share/ament_cmake_test/cmake/run_test.py" "/home/dia/ros2_ws/src/build/ros_gz_interfaces/test_results/ros_gz_interfaces/cppcheck_rosidl_typesupport_fastrtps_cpp.xunit.xml" "--package-name" "ros_gz_interfaces" "--output-file" "/home/dia/ros2_ws/src/build/ros_gz_interfaces/ament_cppcheck/cppcheck_rosidl_typesupport_fastrtps_cpp.txt" "--command" "/opt/ros/iron/bin/ament_cppcheck" "--xunit-file" "/home/dia/ros2_ws/src/build/ros_gz_interfaces/test_results/ros_gz_interfaces/cppcheck_rosidl_typesupport_fastrtps_cpp.xunit.xml" "/home/dia/ros2_ws/src/build/ros_gz_interfaces/rosidl_typesupport_fastrtps_cpp/ros_gz_interfaces/msg/detail/dds_fastrtps/altimeter__type_support.cpp" "/home/dia/ros2_ws/src/build/ros_gz_interfaces/rosidl_typesupport_fastrtps_cpp/ros_gz_interfaces/msg/detail/altimeter__rosidl_typesupport_fastrtps_cpp.hpp" "/home/dia/ros2_ws/src/build/ros_gz_interfaces/rosidl_typesupport_fastrtps_cpp/ros_gz_interfaces/msg/detail/dds_fastrtps/contact__type_support.cpp" "/home/dia/ros2_ws/src/build/ros_gz_interfaces/rosidl_typesupport_fastrtps_cpp/ros_gz_interfaces/msg/detail/contact__rosidl_typesupport_fastrtps_cpp.hpp" "/home/dia/ros2_ws/src/build/ros_gz_interfaces/rosidl_typesupport_fastrtps_cpp/ros_gz_interfaces/msg/detail/dds_fastrtps/contacts__type_support.cpp" "/home/dia/ros2_ws/src/build/ros_gz_interfaces/rosidl_typesupport_fastrtps_cpp/ros_gz_interfaces/msg/detail/contacts__rosidl_typesupport_fastrtps_cpp.hpp" "/home/dia/ros2_ws/src/build/ros_gz_interfaces/rosidl_typesupport_fastrtps_cpp/ros_gz_interfaces/msg/detail/dds_fastrtps/dataframe__type_support.cpp" "/home/dia/ros2_ws/src/build/ros_gz_interfaces/rosidl_typesupport_fastrtps_cpp/ros_gz_interfaces/msg/detail/dataframe__rosidl_typesupport_fastrtps_cpp.hpp" "/home/dia/ros2_ws/src/build/ros_gz_interfaces/rosidl_typesupport_fastrtps_cpp/ros_gz_interfaces/msg/detail/dds_fastrtps/entity__type_support.cpp" "/home/dia/ros2_ws/src/build/ros_gz_interfaces/rosidl_typesupport_fastrtps_cpp/ros_gz_interfaces/msg/detail/entity__rosidl_typesupport_fastrtps_cpp.hpp" "/home/dia/ros2_ws/src/build/ros_gz_interfaces/rosidl_typesupport_fastrtps_cpp/ros_gz_interfaces/msg/detail/dds_fastrtps/entity_factory__type_support.cpp" "/home/dia/ros2_ws/src/build/ros_gz_interfaces/rosidl_typesupport_fastrtps_cpp/ros_gz_interfaces/msg/detail/entity_factory__rosidl_typesupport_fastrtps_cpp.hpp" "/home/dia/ros2_ws/src/build/ros_gz_interfaces/rosidl_typesupport_fastrtps_cpp/ros_gz_interfaces/msg/detail/dds_fastrtps/entity_wrench__type_support.cpp" "/home/dia/ros2_ws/src/build/ros_gz_interfaces/rosidl_typesupport_fastrtps_cpp/ros_gz_interfaces/msg/detail/entity_wrench__rosidl_typesupport_fastrtps_cpp.hpp" "/home/dia/ros2_ws/src/build/ros_gz_interfaces/rosidl_typesupport_fastrtps_cpp/ros_gz_interfaces/msg/detail/dds_fastrtps/float32_array__type_support.cpp" "/home/dia/ros2_ws/src/build/ros_gz_interfaces/rosidl_typesupport_fastrtps_cpp/ros_gz_interfaces/msg/detail/float32_array__rosidl_typesupport_fastrtps_cpp.hpp" "/home/dia/ros2_ws/src/build/ros_gz_interfaces/rosidl_typesupport_fastrtps_cpp/ros_gz_interfaces/msg/detail/dds_fastrtps/gui_camera__type_support.cpp" "/home/dia/ros2_ws/src/build/ros_gz_interfaces/rosidl_typesupport_fastrtps_cpp/ros_gz_interfaces/msg/detail/gui_camera__rosidl_typesupport_fastrtps_cpp.hpp" "/home/dia/ros2_ws/src/build/ros_gz_interfaces/rosidl_typesupport_fastrtps_cpp/ros_gz_interfaces/msg/detail/dds_fastrtps/joint_wrench__type_support.cpp" "/home/dia/ros2_ws/src/build/ros_gz_interfaces/rosidl_typesupport_fastrtps_cpp/ros_gz_interfaces/msg/detail/joint_wrench__rosidl_typesupport_fastrtps_cpp.hpp" "/home/dia/ros2_ws/src/build/ros_gz_interfaces/rosidl_typesupport_fastrtps_cpp/ros_gz_interfaces/msg/detail/dds_fastrtps/light__type_support.cpp" "/home/dia/ros2_ws/src/build/ros_gz_interfaces/rosidl_typesupport_fastrtps_cpp/ros_gz_interfaces/msg/detail/light__rosidl_typesupport_fastrtps_cpp.hpp" "/home/dia/ros2_ws/src/build/ros_gz_interfaces/rosidl_typesupport_fastrtps_cpp/ros_gz_interfaces/msg/detail/dds_fastrtps/material_color__type_support.cpp" "/home/dia/ros2_ws/src/build/ros_gz_interfaces/rosidl_typesupport_fastrtps_cpp/ros_gz_interfaces/msg/detail/material_color__rosidl_typesupport_fastrtps_cpp.hpp" "/home/dia/ros2_ws/src/build/ros_gz_interfaces/rosidl_typesupport_fastrtps_cpp/ros_gz_interfaces/msg/detail/dds_fastrtps/param_vec__type_support.cpp" "/home/dia/ros2_ws/src/build/ros_gz_interfaces/rosidl_typesupport_fastrtps_cpp/ros_gz_interfaces/msg/detail/param_vec__rosidl_typesupport_fastrtps_cpp.hpp" "/home/dia/ros2_ws/src/build/ros_gz_interfaces/rosidl_typesupport_fastrtps_cpp/ros_gz_interfaces/msg/detail/dds_fastrtps/sensor_noise__type_support.cpp" "/home/dia/ros2_ws/src/build/ros_gz_interfaces/rosidl_typesupport_fastrtps_cpp/ros_gz_interfaces/msg/detail/sensor_noise__rosidl_typesupport_fastrtps_cpp.hpp" "/home/dia/ros2_ws/src/build/ros_gz_interfaces/rosidl_typesupport_fastrtps_cpp/ros_gz_interfaces/msg/detail/dds_fastrtps/string_vec__type_support.cpp" "/home/dia/ros2_ws/src/build/ros_gz_interfaces/rosidl_typesupport_fastrtps_cpp/ros_gz_interfaces/msg/detail/string_vec__rosidl_typesupport_fastrtps_cpp.hpp" "/home/dia/ros2_ws/src/build/ros_gz_interfaces/rosidl_typesupport_fastrtps_cpp/ros_gz_interfaces/msg/detail/dds_fastrtps/track_visual__type_support.cpp" "/home/dia/ros2_ws/src/build/ros_gz_interfaces/rosidl_typesupport_fastrtps_cpp/ros_gz_interfaces/msg/detail/track_visual__rosidl_typesupport_fastrtps_cpp.hpp" "/home/dia/ros2_ws/src/build/ros_gz_interfaces/rosidl_typesupport_fastrtps_cpp/ros_gz_interfaces/msg/detail/dds_fastrtps/video_record__type_support.cpp" "/home/dia/ros2_ws/src/build/ros_gz_interfaces/rosidl_typesupport_fastrtps_cpp/ros_gz_interfaces/msg/detail/video_record__rosidl_typesupport_fastrtps_cpp.hpp" "/home/dia/ros2_ws/src/build/ros_gz_interfaces/rosidl_typesupport_fastrtps_cpp/ros_gz_interfaces/msg/detail/dds_fastrtps/world_control__type_support.cpp" "/home/dia/ros2_ws/src/build/ros_gz_interfaces/rosidl_typesupport_fastrtps_cpp/ros_gz_interfaces/msg/detail/world_control__rosidl_typesupport_fastrtps_cpp.hpp" "/home/dia/ros2_ws/src/build/ros_gz_interfaces/rosidl_typesupport_fastrtps_cpp/ros_gz_interfaces/msg/detail/dds_fastrtps/world_reset__type_support.cpp" "/home/dia/ros2_ws/src/build/ros_gz_interfaces/rosidl_typesupport_fastrtps_cpp/ros_gz_interfaces/msg/detail/world_reset__rosidl_typesupport_fastrtps_cpp.hpp" "/home/dia/ros2_ws/src/build/ros_gz_interfaces/rosidl_typesupport_fastrtps_cpp/ros_gz_interfaces/srv/detail/dds_fastrtps/control_world__type_support.cpp" "/home/dia/ros2_ws/src/build/ros_gz_interfaces/rosidl_typesupport_fastrtps_cpp/ros_gz_interfaces/srv/detail/control_world__rosidl_typesupport_fastrtps_cpp.hpp" "/home/dia/ros2_ws/src/build/ros_gz_interfaces/rosidl_typesupport_fastrtps_cpp/ros_gz_interfaces/srv/detail/dds_fastrtps/delete_entity__type_support.cpp" "/home/dia/ros2_ws/src/build/ros_gz_interfaces/rosidl_typesupport_fastrtps_cpp/ros_gz_interfaces/srv/detail/delete_entity__rosidl_typesupport_fastrtps_cpp.hpp" "/home/dia/ros2_ws/src/build/ros_gz_interfaces/rosidl_typesupport_fastrtps_cpp/ros_gz_interfaces/srv/detail/dds_fastrtps/set_entity_pose__type_support.cpp" "/home/dia/ros2_ws/src/build/ros_gz_interfaces/rosidl_typesupport_fastrtps_cpp/ros_gz_interfaces/srv/detail/set_entity_pose__rosidl_typesupport_fastrtps_cpp.hpp" "/home/dia/ros2_ws/src/build/ros_gz_interfaces/rosidl_typesupport_fastrtps_cpp/ros_gz_interfaces/srv/detail/dds_fastrtps/spawn_entity__type_support.cpp" "/home/dia/ros2_ws/src/build/ros_gz_interfaces/rosidl_typesupport_fastrtps_cpp/ros_gz_interfaces/srv/detail/spawn_entity__rosidl_typesupport_fastrtps_cpp.hpp"
Directory: /home/dia/ros2_ws/src/ros_gz/ros_gz_interfaces
"cppcheck_rosidl_typesupport_fastrtps_cpp" start time: Oct 05 15:30 CET
Output:
----------------------------------------------------------
-- run_test.py: invoking following command in '/home/dia/ros2_ws/src/ros_gz/ros_gz_interfaces':
 - /opt/ros/iron/bin/ament_cppcheck --xunit-file /home/dia/ros2_ws/src/build/ros_gz_interfaces/test_results/ros_gz_interfaces/cppcheck_rosidl_typesupport_fastrtps_cpp.xunit.xml /home/dia/ros2_ws/src/build/ros_gz_interfaces/rosidl_typesupport_fastrtps_cpp/ros_gz_interfaces/msg/detail/dds_fastrtps/altimeter__type_support.cpp /home/dia/ros2_ws/src/build/ros_gz_interfaces/rosidl_typesupport_fastrtps_cpp/ros_gz_interfaces/msg/detail/altimeter__rosidl_typesupport_fastrtps_cpp.hpp /home/dia/ros2_ws/src/build/ros_gz_interfaces/rosidl_typesupport_fastrtps_cpp/ros_gz_interfaces/msg/detail/dds_fastrtps/contact__type_support.cpp /home/dia/ros2_ws/src/build/ros_gz_interfaces/rosidl_typesupport_fastrtps_cpp/ros_gz_interfaces/msg/detail/contact__rosidl_typesupport_fastrtps_cpp.hpp /home/dia/ros2_ws/src/build/ros_gz_interfaces/rosidl_typesupport_fastrtps_cpp/ros_gz_interfaces/msg/detail/dds_fastrtps/contacts__type_support.cpp /home/dia/ros2_ws/src/build/ros_gz_interfaces/rosidl_typesupport_fastrtps_cpp/ros_gz_interfaces/msg/detail/contacts__rosidl_typesupport_fastrtps_cpp.hpp /home/dia/ros2_ws/src/build/ros_gz_interfaces/rosidl_typesupport_fastrtps_cpp/ros_gz_interfaces/msg/detail/dds_fastrtps/dataframe__type_support.cpp /home/dia/ros2_ws/src/build/ros_gz_interfaces/rosidl_typesupport_fastrtps_cpp/ros_gz_interfaces/msg/detail/dataframe__rosidl_typesupport_fastrtps_cpp.hpp /home/dia/ros2_ws/src/build/ros_gz_interfaces/rosidl_typesupport_fastrtps_cpp/ros_gz_interfaces/msg/detail/dds_fastrtps/entity__type_support.cpp /home/dia/ros2_ws/src/build/ros_gz_interfaces/rosidl_typesupport_fastrtps_cpp/ros_gz_interfaces/msg/detail/entity__rosidl_typesupport_fastrtps_cpp.hpp /home/dia/ros2_ws/src/build/ros_gz_interfaces/rosidl_typesupport_fastrtps_cpp/ros_gz_interfaces/msg/detail/dds_fastrtps/entity_factory__type_support.cpp /home/dia/ros2_ws/src/build/ros_gz_interfaces/rosidl_typesupport_fastrtps_cpp/ros_gz_interfaces/msg/detail/entity_factory__rosidl_typesupport_fastrtps_cpp.hpp /home/dia/ros2_ws/src/build/ros_gz_interfaces/rosidl_typesupport_fastrtps_cpp/ros_gz_interfaces/msg/detail/dds_fastrtps/entity_wrench__type_support.cpp /home/dia/ros2_ws/src/build/ros_gz_interfaces/rosidl_typesupport_fastrtps_cpp/ros_gz_interfaces/msg/detail/entity_wrench__rosidl_typesupport_fastrtps_cpp.hpp /home/dia/ros2_ws/src/build/ros_gz_interfaces/rosidl_typesupport_fastrtps_cpp/ros_gz_interfaces/msg/detail/dds_fastrtps/float32_array__type_support.cpp /home/dia/ros2_ws/src/build/ros_gz_interfaces/rosidl_typesupport_fastrtps_cpp/ros_gz_interfaces/msg/detail/float32_array__rosidl_typesupport_fastrtps_cpp.hpp /home/dia/ros2_ws/src/build/ros_gz_interfaces/rosidl_typesupport_fastrtps_cpp/ros_gz_interfaces/msg/detail/dds_fastrtps/gui_camera__type_support.cpp /home/dia/ros2_ws/src/build/ros_gz_interfaces/rosidl_typesupport_fastrtps_cpp/ros_gz_interfaces/msg/detail/gui_camera__rosidl_typesupport_fastrtps_cpp.hpp /home/dia/ros2_ws/src/build/ros_gz_interfaces/rosidl_typesupport_fastrtps_cpp/ros_gz_interfaces/msg/detail/dds_fastrtps/joint_wrench__type_support.cpp /home/dia/ros2_ws/src/build/ros_gz_interfaces/rosidl_typesupport_fastrtps_cpp/ros_gz_interfaces/msg/detail/joint_wrench__rosidl_typesupport_fastrtps_cpp.hpp /home/dia/ros2_ws/src/build/ros_gz_interfaces/rosidl_typesupport_fastrtps_cpp/ros_gz_interfaces/msg/detail/dds_fastrtps/light__type_support.cpp /home/dia/ros2_ws/src/build/ros_gz_interfaces/rosidl_typesupport_fastrtps_cpp/ros_gz_interfaces/msg/detail/light__rosidl_typesupport_fastrtps_cpp.hpp /home/dia/ros2_ws/src/build/ros_gz_interfaces/rosidl_typesupport_fastrtps_cpp/ros_gz_interfaces/msg/detail/dds_fastrtps/material_color__type_support.cpp /home/dia/ros2_ws/src/build/ros_gz_interfaces/rosidl_typesupport_fastrtps_cpp/ros_gz_interfaces/msg/detail/material_color__rosidl_typesupport_fastrtps_cpp.hpp /home/dia/ros2_ws/src/build/ros_gz_interfaces/rosidl_typesupport_fastrtps_cpp/ros_gz_interfaces/msg/detail/dds_fastrtps/param_vec__type_support.cpp /home/dia/ros2_ws/src/build/ros_gz_interfaces/rosidl_typesupport_fastrtps_cpp/ros_gz_interfaces/msg/detail/param_vec__rosidl_typesupport_fastrtps_cpp.hpp /home/dia/ros2_ws/src/build/ros_gz_interfaces/rosidl_typesupport_fastrtps_cpp/ros_gz_interfaces/msg/detail/dds_fastrtps/sensor_noise__type_support.cpp /home/dia/ros2_ws/src/build/ros_gz_interfaces/rosidl_typesupport_fastrtps_cpp/ros_gz_interfaces/msg/detail/sensor_noise__rosidl_typesupport_fastrtps_cpp.hpp /home/dia/ros2_ws/src/build/ros_gz_interfaces/rosidl_typesupport_fastrtps_cpp/ros_gz_interfaces/msg/detail/dds_fastrtps/string_vec__type_support.cpp /home/dia/ros2_ws/src/build/ros_gz_interfaces/rosidl_typesupport_fastrtps_cpp/ros_gz_interfaces/msg/detail/string_vec__rosidl_typesupport_fastrtps_cpp.hpp /home/dia/ros2_ws/src/build/ros_gz_interfaces/rosidl_typesupport_fastrtps_cpp/ros_gz_interfaces/msg/detail/dds_fastrtps/track_visual__type_support.cpp /home/dia/ros2_ws/src/build/ros_gz_interfaces/rosidl_typesupport_fastrtps_cpp/ros_gz_interfaces/msg/detail/track_visual__rosidl_typesupport_fastrtps_cpp.hpp /home/dia/ros2_ws/src/build/ros_gz_interfaces/rosidl_typesupport_fastrtps_cpp/ros_gz_interfaces/msg/detail/dds_fastrtps/video_record__type_support.cpp /home/dia/ros2_ws/src/build/ros_gz_interfaces/rosidl_typesupport_fastrtps_cpp/ros_gz_interfaces/msg/detail/video_record__rosidl_typesupport_fastrtps_cpp.hpp /home/dia/ros2_ws/src/build/ros_gz_interfaces/rosidl_typesupport_fastrtps_cpp/ros_gz_interfaces/msg/detail/dds_fastrtps/world_control__type_support.cpp /home/dia/ros2_ws/src/build/ros_gz_interfaces/rosidl_typesupport_fastrtps_cpp/ros_gz_interfaces/msg/detail/world_control__rosidl_typesupport_fastrtps_cpp.hpp /home/dia/ros2_ws/src/build/ros_gz_interfaces/rosidl_typesupport_fastrtps_cpp/ros_gz_interfaces/msg/detail/dds_fastrtps/world_reset__type_support.cpp /home/dia/ros2_ws/src/build/ros_gz_interfaces/rosidl_typesupport_fastrtps_cpp/ros_gz_interfaces/msg/detail/world_reset__rosidl_typesupport_fastrtps_cpp.hpp /home/dia/ros2_ws/src/build/ros_gz_interfaces/rosidl_typesupport_fastrtps_cpp/ros_gz_interfaces/srv/detail/dds_fastrtps/control_world__type_support.cpp /home/dia/ros2_ws/src/build/ros_gz_interfaces/rosidl_typesupport_fastrtps_cpp/ros_gz_interfaces/srv/detail/control_world__rosidl_typesupport_fastrtps_cpp.hpp /home/dia/ros2_ws/src/build/ros_gz_interfaces/rosidl_typesupport_fastrtps_cpp/ros_gz_interfaces/srv/detail/dds_fastrtps/delete_entity__type_support.cpp /home/dia/ros2_ws/src/build/ros_gz_interfaces/rosidl_typesupport_fastrtps_cpp/ros_gz_interfaces/srv/detail/delete_entity__rosidl_typesupport_fastrtps_cpp.hpp /home/dia/ros2_ws/src/build/ros_gz_interfaces/rosidl_typesupport_fastrtps_cpp/ros_gz_interfaces/srv/detail/dds_fastrtps/set_entity_pose__type_support.cpp /home/dia/ros2_ws/src/build/ros_gz_interfaces/rosidl_typesupport_fastrtps_cpp/ros_gz_interfaces/srv/detail/set_entity_pose__rosidl_typesupport_fastrtps_cpp.hpp /home/dia/ros2_ws/src/build/ros_gz_interfaces/rosidl_typesupport_fastrtps_cpp/ros_gz_interfaces/srv/detail/dds_fastrtps/spawn_entity__type_support.cpp /home/dia/ros2_ws/src/build/ros_gz_interfaces/rosidl_typesupport_fastrtps_cpp/ros_gz_interfaces/srv/detail/spawn_entity__rosidl_typesupport_fastrtps_cpp.hpp
No files found
-- run_test.py: return code 1
-- run_test.py: generate result file '/home/dia/ros2_ws/src/build/ros_gz_interfaces/test_results/ros_gz_interfaces/cppcheck_rosidl_typesupport_fastrtps_cpp.xunit.xml' with failed test
-- run_test.py: verify result file '/home/dia/ros2_ws/src/build/ros_gz_interfaces/test_results/ros_gz_interfaces/cppcheck_rosidl_typesupport_fastrtps_cpp.xunit.xml'
<end of output>
Test time =   0.77 sec
----------------------------------------------------------
Test Failed.
"cppcheck_rosidl_typesupport_fastrtps_cpp" end time: Oct 05 15:30 CET
"cppcheck_rosidl_typesupport_fastrtps_cpp" time elapsed: 00:00:00
----------------------------------------------------------

11/29 Testing: cpplint_rosidl_typesupport_fastrtps_cpp
11/29 Test: cpplint_rosidl_typesupport_fastrtps_cpp
Command: "/usr/bin/python3.10" "-u" "/opt/ros/iron/share/ament_cmake_test/cmake/run_test.py" "/home/dia/ros2_ws/src/build/ros_gz_interfaces/test_results/ros_gz_interfaces/cpplint_rosidl_typesupport_fastrtps_cpp.xunit.xml" "--package-name" "ros_gz_interfaces" "--output-file" "/home/dia/ros2_ws/src/build/ros_gz_interfaces/ament_cpplint/cpplint_rosidl_typesupport_fastrtps_cpp.txt" "--command" "/opt/ros/iron/bin/ament_cpplint" "--xunit-file" "/home/dia/ros2_ws/src/build/ros_gz_interfaces/test_results/ros_gz_interfaces/cpplint_rosidl_typesupport_fastrtps_cpp.xunit.xml" "--linelength" "999" "--root" "/home/dia/ros2_ws/src/build/ros_gz_interfaces/rosidl_typesupport_fastrtps_cpp" "/home/dia/ros2_ws/src/build/ros_gz_interfaces/rosidl_typesupport_fastrtps_cpp/ros_gz_interfaces/msg/detail/dds_fastrtps/altimeter__type_support.cpp" "/home/dia/ros2_ws/src/build/ros_gz_interfaces/rosidl_typesupport_fastrtps_cpp/ros_gz_interfaces/msg/detail/altimeter__rosidl_typesupport_fastrtps_cpp.hpp" "/home/dia/ros2_ws/src/build/ros_gz_interfaces/rosidl_typesupport_fastrtps_cpp/ros_gz_interfaces/msg/detail/dds_fastrtps/contact__type_support.cpp" "/home/dia/ros2_ws/src/build/ros_gz_interfaces/rosidl_typesupport_fastrtps_cpp/ros_gz_interfaces/msg/detail/contact__rosidl_typesupport_fastrtps_cpp.hpp" "/home/dia/ros2_ws/src/build/ros_gz_interfaces/rosidl_typesupport_fastrtps_cpp/ros_gz_interfaces/msg/detail/dds_fastrtps/contacts__type_support.cpp" "/home/dia/ros2_ws/src/build/ros_gz_interfaces/rosidl_typesupport_fastrtps_cpp/ros_gz_interfaces/msg/detail/contacts__rosidl_typesupport_fastrtps_cpp.hpp" "/home/dia/ros2_ws/src/build/ros_gz_interfaces/rosidl_typesupport_fastrtps_cpp/ros_gz_interfaces/msg/detail/dds_fastrtps/dataframe__type_support.cpp" "/home/dia/ros2_ws/src/build/ros_gz_interfaces/rosidl_typesupport_fastrtps_cpp/ros_gz_interfaces/msg/detail/dataframe__rosidl_typesupport_fastrtps_cpp.hpp" "/home/dia/ros2_ws/src/build/ros_gz_interfaces/rosidl_typesupport_fastrtps_cpp/ros_gz_interfaces/msg/detail/dds_fastrtps/entity__type_support.cpp" "/home/dia/ros2_ws/src/build/ros_gz_interfaces/rosidl_typesupport_fastrtps_cpp/ros_gz_interfaces/msg/detail/entity__rosidl_typesupport_fastrtps_cpp.hpp" "/home/dia/ros2_ws/src/build/ros_gz_interfaces/rosidl_typesupport_fastrtps_cpp/ros_gz_interfaces/msg/detail/dds_fastrtps/entity_factory__type_support.cpp" "/home/dia/ros2_ws/src/build/ros_gz_interfaces/rosidl_typesupport_fastrtps_cpp/ros_gz_interfaces/msg/detail/entity_factory__rosidl_typesupport_fastrtps_cpp.hpp" "/home/dia/ros2_ws/src/build/ros_gz_interfaces/rosidl_typesupport_fastrtps_cpp/ros_gz_interfaces/msg/detail/dds_fastrtps/entity_wrench__type_support.cpp" "/home/dia/ros2_ws/src/build/ros_gz_interfaces/rosidl_typesupport_fastrtps_cpp/ros_gz_interfaces/msg/detail/entity_wrench__rosidl_typesupport_fastrtps_cpp.hpp" "/home/dia/ros2_ws/src/build/ros_gz_interfaces/rosidl_typesupport_fastrtps_cpp/ros_gz_interfaces/msg/detail/dds_fastrtps/float32_array__type_support.cpp" "/home/dia/ros2_ws/src/build/ros_gz_interfaces/rosidl_typesupport_fastrtps_cpp/ros_gz_interfaces/msg/detail/float32_array__rosidl_typesupport_fastrtps_cpp.hpp" "/home/dia/ros2_ws/src/build/ros_gz_interfaces/rosidl_typesupport_fastrtps_cpp/ros_gz_interfaces/msg/detail/dds_fastrtps/gui_camera__type_support.cpp" "/home/dia/ros2_ws/src/build/ros_gz_interfaces/rosidl_typesupport_fastrtps_cpp/ros_gz_interfaces/msg/detail/gui_camera__rosidl_typesupport_fastrtps_cpp.hpp" "/home/dia/ros2_ws/src/build/ros_gz_interfaces/rosidl_typesupport_fastrtps_cpp/ros_gz_interfaces/msg/detail/dds_fastrtps/joint_wrench__type_support.cpp" "/home/dia/ros2_ws/src/build/ros_gz_interfaces/rosidl_typesupport_fastrtps_cpp/ros_gz_interfaces/msg/detail/joint_wrench__rosidl_typesupport_fastrtps_cpp.hpp" "/home/dia/ros2_ws/src/build/ros_gz_interfaces/rosidl_typesupport_fastrtps_cpp/ros_gz_interfaces/msg/detail/dds_fastrtps/light__type_support.cpp" "/home/dia/ros2_ws/src/build/ros_gz_interfaces/rosidl_typesupport_fastrtps_cpp/ros_gz_interfaces/msg/detail/light__rosidl_typesupport_fastrtps_cpp.hpp" "/home/dia/ros2_ws/src/build/ros_gz_interfaces/rosidl_typesupport_fastrtps_cpp/ros_gz_interfaces/msg/detail/dds_fastrtps/material_color__type_support.cpp" "/home/dia/ros2_ws/src/build/ros_gz_interfaces/rosidl_typesupport_fastrtps_cpp/ros_gz_interfaces/msg/detail/material_color__rosidl_typesupport_fastrtps_cpp.hpp" "/home/dia/ros2_ws/src/build/ros_gz_interfaces/rosidl_typesupport_fastrtps_cpp/ros_gz_interfaces/msg/detail/dds_fastrtps/param_vec__type_support.cpp" "/home/dia/ros2_ws/src/build/ros_gz_interfaces/rosidl_typesupport_fastrtps_cpp/ros_gz_interfaces/msg/detail/param_vec__rosidl_typesupport_fastrtps_cpp.hpp" "/home/dia/ros2_ws/src/build/ros_gz_interfaces/rosidl_typesupport_fastrtps_cpp/ros_gz_interfaces/msg/detail/dds_fastrtps/sensor_noise__type_support.cpp" "/home/dia/ros2_ws/src/build/ros_gz_interfaces/rosidl_typesupport_fastrtps_cpp/ros_gz_interfaces/msg/detail/sensor_noise__rosidl_typesupport_fastrtps_cpp.hpp" "/home/dia/ros2_ws/src/build/ros_gz_interfaces/rosidl_typesupport_fastrtps_cpp/ros_gz_interfaces/msg/detail/dds_fastrtps/string_vec__type_support.cpp" "/home/dia/ros2_ws/src/build/ros_gz_interfaces/rosidl_typesupport_fastrtps_cpp/ros_gz_interfaces/msg/detail/string_vec__rosidl_typesupport_fastrtps_cpp.hpp" "/home/dia/ros2_ws/src/build/ros_gz_interfaces/rosidl_typesupport_fastrtps_cpp/ros_gz_interfaces/msg/detail/dds_fastrtps/track_visual__type_support.cpp" "/home/dia/ros2_ws/src/build/ros_gz_interfaces/rosidl_typesupport_fastrtps_cpp/ros_gz_interfaces/msg/detail/track_visual__rosidl_typesupport_fastrtps_cpp.hpp" "/home/dia/ros2_ws/src/build/ros_gz_interfaces/rosidl_typesupport_fastrtps_cpp/ros_gz_interfaces/msg/detail/dds_fastrtps/video_record__type_support.cpp" "/home/dia/ros2_ws/src/build/ros_gz_interfaces/rosidl_typesupport_fastrtps_cpp/ros_gz_interfaces/msg/detail/video_record__rosidl_typesupport_fastrtps_cpp.hpp" "/home/dia/ros2_ws/src/build/ros_gz_interfaces/rosidl_typesupport_fastrtps_cpp/ros_gz_interfaces/msg/detail/dds_fastrtps/world_control__type_support.cpp" "/home/dia/ros2_ws/src/build/ros_gz_interfaces/rosidl_typesupport_fastrtps_cpp/ros_gz_interfaces/msg/detail/world_control__rosidl_typesupport_fastrtps_cpp.hpp" "/home/dia/ros2_ws/src/build/ros_gz_interfaces/rosidl_typesuppo
[...]
Directory: /home/dia/ros2_ws/src/ros_gz/ros_gz_interfaces
"cpplint_rosidl_typesupport_introspection_cpp" start time: Oct 05 15:30 CET
Output:
----------------------------------------------------------
-- run_test.py: invoking following command in '/home/dia/ros2_ws/src/ros_gz/ros_gz_interfaces':
 - /opt/ros/iron/bin/ament_cpplint --xunit-file /home/dia/ros2_ws/src/build/ros_gz_interfaces/test_results/ros_gz_interfaces/cpplint_rosidl_typesupport_introspection_cpp.xunit.xml --linelength 999 --root /home/dia/ros2_ws/src/build/ros_gz_interfaces/rosidl_typesupport_introspection_cpp /home/dia/ros2_ws/src/build/ros_gz_interfaces/rosidl_typesupport_introspection_cpp/ros_gz_interfaces
No files found
-- run_test.py: return code 1
-- run_test.py: generate result file '/home/dia/ros2_ws/src/build/ros_gz_interfaces/test_results/ros_gz_interfaces/cpplint_rosidl_typesupport_introspection_cpp.xunit.xml' with failed test
-- run_test.py: verify result file '/home/dia/ros2_ws/src/build/ros_gz_interfaces/test_results/ros_gz_interfaces/cpplint_rosidl_typesupport_introspection_cpp.xunit.xml'
<end of output>
Test time =   0.34 sec
----------------------------------------------------------
Test Failed.
"cpplint_rosidl_typesupport_introspection_cpp" end time: Oct 05 15:30 CET
"cpplint_rosidl_typesupport_introspection_cpp" time elapsed: 00:00:00
----------------------------------------------------------

21/29 Testing: uncrustify_rosidl_typesupport_introspection_cpp
21/29 Test: uncrustify_rosidl_typesupport_introspection_cpp
Command: "/usr/bin/python3.10" "-u" "/opt/ros/iron/share/ament_cmake_test/cmake/run_test.py" "/home/dia/ros2_ws/src/build/ros_gz_interfaces/test_results/ros_gz_interfaces/uncrustify_rosidl_typesupport_introspection_cpp.xunit.xml" "--package-name" "ros_gz_interfaces" "--output-file" "/home/dia/ros2_ws/src/build/ros_gz_interfaces/ament_uncrustify/uncrustify_rosidl_typesupport_introspection_cpp.txt" "--command" "/opt/ros/iron/bin/ament_uncrustify" "--xunit-file" "/home/dia/ros2_ws/src/build/ros_gz_interfaces/test_results/ros_gz_interfaces/uncrustify_rosidl_typesupport_introspection_cpp.xunit.xml" "--linelength" "0" "/home/dia/ros2_ws/src/build/ros_gz_interfaces/rosidl_typesupport_introspection_cpp/ros_gz_interfaces"
Directory: /home/dia/ros2_ws/src/ros_gz/ros_gz_interfaces
"uncrustify_rosidl_typesupport_introspection_cpp" start time: Oct 05 15:30 CET
Output:
----------------------------------------------------------
-- run_test.py: invoking following command in '/home/dia/ros2_ws/src/ros_gz/ros_gz_interfaces':
 - /opt/ros/iron/bin/ament_uncrustify --xunit-file /home/dia/ros2_ws/src/build/ros_gz_interfaces/test_results/ros_gz_interfaces/uncrustify_rosidl_typesupport_introspection_cpp.xunit.xml --linelength 0 /home/dia/ros2_ws/src/build/ros_gz_interfaces/rosidl_typesupport_introspection_cpp/ros_gz_interfaces
No files found
-- run_test.py: return code 1
-- run_test.py: generate result file '/home/dia/ros2_ws/src/build/ros_gz_interfaces/test_results/ros_gz_interfaces/uncrustify_rosidl_typesupport_introspection_cpp.xunit.xml' with failed test
-- run_test.py: verify result file '/home/dia/ros2_ws/src/build/ros_gz_interfaces/test_results/ros_gz_interfaces/uncrustify_rosidl_typesupport_introspection_cpp.xunit.xml'
<end of output>
Test time =   0.35 sec
----------------------------------------------------------
Test Failed.
"uncrustify_rosidl_typesupport_introspection_cpp" end time: Oct 05 15:30 CET
"uncrustify_rosidl_typesupport_introspection_cpp" time elapsed: 00:00:00
----------------------------------------------------------

22/29 Testing: cppcheck_rosidl_typesupport_cpp
22/29 Test: cppcheck_rosidl_typesupport_cpp
Command: "/usr/bin/python3.10" "-u" "/opt/ros/iron/share/ament_cmake_test/cmake/run_test.py" "/home/dia/ros2_ws/src/build/ros_gz_interfaces/test_results/ros_gz_interfaces/cppcheck_rosidl_typesupport_cpp.xunit.xml" "--package-name" "ros_gz_interfaces" "--output-file" "/home/dia/ros2_ws/src/build/ros_gz_interfaces/ament_cppcheck/cppcheck_rosidl_typesupport_cpp.txt" "--command" "/opt/ros/iron/bin/ament_cppcheck" "--xunit-file" "/home/dia/ros2_ws/src/build/ros_gz_interfaces/test_results/ros_gz_interfaces/cppcheck_rosidl_typesupport_cpp.xunit.xml" "/home/dia/ros2_ws/src/build/ros_gz_interfaces/rosidl_typesupport_cpp/ros_gz_interfaces"
Directory: /home/dia/ros2_ws/src/ros_gz/ros_gz_interfaces
"cppcheck_rosidl_typesupport_cpp" start time: Oct 05 15:30 CET
Output:
----------------------------------------------------------
-- run_test.py: invoking following command in '/home/dia/ros2_ws/src/ros_gz/ros_gz_interfaces':
 - /opt/ros/iron/bin/ament_cppcheck --xunit-file /home/dia/ros2_ws/src/build/ros_gz_interfaces/test_results/ros_gz_interfaces/cppcheck_rosidl_typesupport_cpp.xunit.xml /home/dia/ros2_ws/src/build/ros_gz_interfaces/rosidl_typesupport_cpp/ros_gz_interfaces
No files found
-- run_test.py: return code 1
-- run_test.py: generate result file '/home/dia/ros2_ws/src/build/ros_gz_interfaces/test_results/ros_gz_interfaces/cppcheck_rosidl_typesupport_cpp.xunit.xml' with failed test
-- run_test.py: verify result file '/home/dia/ros2_ws/src/build/ros_gz_interfaces/test_results/ros_gz_interfaces/cppcheck_rosidl_typesupport_cpp.xunit.xml'
<end of output>
Test time =   0.34 sec
----------------------------------------------------------
Test Failed.
"cppcheck_rosidl_typesupport_cpp" end time: Oct 05 15:30 CET
"cppcheck_rosidl_typesupport_cpp" time elapsed: 00:00:00
----------------------------------------------------------

23/29 Testing: cpplint_rosidl_typesupport_cpp
23/29 Test: cpplint_rosidl_typesupport_cpp
Command: "/usr/bin/python3.10" "-u" "/opt/ros/iron/share/ament_cmake_test/cmake/run_test.py" "/home/dia/ros2_ws/src/build/ros_gz_interfaces/test_results/ros_gz_interfaces/cpplint_rosidl_typesupport_cpp.xunit.xml" "--package-name" "ros_gz_interfaces" "--output-file" "/home/dia/ros2_ws/src/build/ros_gz_interfaces/ament_cpplint/cpplint_rosidl_typesupport_cpp.txt" "--command" "/opt/ros/iron/bin/ament_cpplint" "--xunit-file" "/home/dia/ros2_ws/src/build/ros_gz_interfaces/test_results/ros_gz_interfaces/cpplint_rosidl_typesupport_cpp.xunit.xml" "--linelength" "999" "--root" "/home/dia/ros2_ws/src/build/ros_gz_interfaces/rosidl_typesupport_cpp" "/home/dia/ros2_ws/src/build/ros_gz_interfaces/rosidl_typesupport_cpp/ros_gz_interfaces"
Directory: /home/dia/ros2_ws/src/ros_gz/ros_gz_interfaces
"cpplint_rosidl_typesupport_cpp" start time: Oct 05 15:30 CET
Output:
----------------------------------------------------------
-- run_test.py: invoking following command in '/home/dia/ros2_ws/src/ros_gz/ros_gz_interfaces':
 - /opt/ros/iron/bin/ament_cpplint --xunit-file /home/dia/ros2_ws/src/build/ros_gz_interfaces/test_results/ros_gz_interfaces/cpplint_rosidl_typesupport_cpp.xunit.xml --linelength 999 --root /home/dia/ros2_ws/src/build/ros_gz_interfaces/rosidl_typesupport_cpp /home/dia/ros2_ws/src/build/ros_gz_interfaces/rosidl_typesupport_cpp/ros_gz_interfaces
No files found
-- run_test.py: return code 1
-- run_test.py: generate result file '/home/dia/ros2_ws/src/build/ros_gz_interfaces/test_results/ros_gz_interfaces/cpplint_rosidl_typesupport_cpp.xunit.xml' with failed test
-- run_test.py: verify result file '/home/dia/ros2_ws/src/build/ros_gz_interfaces/test_results/ros_gz_interfaces/cpplint_rosidl_typesupport_cpp.xunit.xml'
<end of output>
Test time =   0.35 sec
----------------------------------------------------------
Test Failed.
"cpplint_rosidl_typesupport_cpp" end time: Oct 05 15:30 CET
"cpplint_rosidl_typesupport_cpp" time elapsed: 00:00:00
----------------------------------------------------------

24/29 Testing: uncrustify_rosidl_typesupport_cpp
24/29 Test: uncrustify_rosidl_typesupport_cpp
Command: "/usr/bin/python3.10" "-u" "/opt/ros/iron/share/ament_cmake_test/cmake/run_test.py" "/home/dia/ros2_ws/src/build/ros_gz_interfaces/test_results/ros_gz_interfaces/uncrustify_rosidl_typesupport_cpp.xunit.xml" "--package-name" "ros_gz_interfaces" "--output-file" "/home/dia/ros2_ws/src/build/ros_gz_interfaces/ament_uncrustify/uncrustify_rosidl_typesupport_cpp.txt" "--command" "/opt/ros/iron/bin/ament_uncrustify" "--xunit-file" "/home/dia/ros2_ws/src/build/ros_gz_interfaces/test_results/ros_gz_interfaces/uncrustify_rosidl_typesupport_cpp.xunit.xml" "--linelength" "0" "/home/dia/ros2_ws/src/build/ros_gz_interfaces/rosidl_typesupport_cpp/ros_gz_interfaces"
Directory: /home/dia/ros2_ws/src/ros_gz/ros_gz_interfaces
"uncrustify_rosidl_typesupport_cpp" start time: Oct 05 15:30 CET
Output:
----------------------------------------------------------
-- run_test.py: invoking following command in '/home/dia/ros2_ws/src/ros_gz/ros_gz_interfaces':
 - /opt/ros/iron/bin/ament_uncrustify --xunit-file /home/dia/ros2_ws/src/build/ros_gz_interfaces/test_results/ros_gz_interfaces/uncrustify_rosidl_typesupport_cpp.xunit.xml --linelength 0 /home/dia/ros2_ws/src/build/ros_gz_interfaces/rosidl_typesupport_cpp/ros_gz_interfaces
No files found
-- run_test.py: return code 1
-- run_test.py: generate result file '/home/dia/ros2_ws/src/build/ros_gz_interfaces/test_results/ros_gz_interfaces/uncrustify_rosidl_typesupport_cpp.xunit.xml' with failed test
-- run_test.py: verify result file '/home/dia/ros2_ws/src/build/ros_gz_interfaces/test_results/ros_gz_interfaces/uncrustify_rosidl_typesupport_cpp.xunit.xml'
<end of output>
Test time =   0.34 sec
----------------------------------------------------------
Test Failed.
"uncrustify_rosidl_typesupport_cpp" end time: Oct 05 15:30 CET
"uncrustify_rosidl_typesupport_cpp" time elapsed: 00:00:00
----------------------------------------------------------

25/29 Testing: cppcheck_rosidl_generated_py
25/29 Test: cppcheck_rosidl_generated_py
Command: "/usr/bin/python3.10" "-u" "/opt/ros/iron/share/ament_cmake_test/cmake/run_test.py" "/home/dia/ros2_ws/src/build/ros_gz_interfaces/test_results/ros_gz_interfaces/cppcheck_rosidl_generated_py.xunit.xml" "--package-name" "ros_gz_interfaces" "--output-file" "/home/dia/ros2_ws/src/build/ros_gz_interfaces/ament_cppcheck/cppcheck_rosidl_generated_py.txt" "--command" "/opt/ros/iron/bin/ament_cppcheck" "--xunit-file" "/home/dia/ros2_ws/src/build/ros_gz_interfaces/test_results/ros_gz_interfaces/cppcheck_rosidl_generated_py.xunit.xml" "/home/dia/ros2_ws/src/build/ros_gz_interfaces/rosidl_generator_py/ros_gz_interfaces"
Directory: /home/dia/ros2_ws/src/ros_gz/ros_gz_interfaces
"cppcheck_rosidl_generated_py" start time: Oct 05 15:30 CET
Output:
----------------------------------------------------------
-- run_test.py: invoking following command in '/home/dia/ros2_ws/src/ros_gz/ros_gz_interfaces':
 - /opt/ros/iron/bin/ament_cppcheck --xunit-file /home/dia/ros2_ws/src/build/ros_gz_interfaces/test_results/ros_gz_interfaces/cppcheck_rosidl_generated_py.xunit.xml /home/dia/ros2_ws/src/build/ros_gz_interfaces/rosidl_generator_py/ros_gz_interfaces
No files found
-- run_test.py: return code 1
-- run_test.py: generate result file '/home/dia/ros2_ws/src/build/ros_gz_interfaces/test_results/ros_gz_interfaces/cppcheck_rosidl_generated_py.xunit.xml' with failed test
-- run_test.py: verify result file '/home/dia/ros2_ws/src/build/ros_gz_interfaces/test_results/ros_gz_interfaces/cppcheck_rosidl_generated_py.xunit.xml'
<end of output>
Test time =   0.35 sec
----------------------------------------------------------
Test Failed.
"cppcheck_rosidl_generated_py" end time: Oct 05 15:30 CET
"cppcheck_rosidl_generated_py" time elapsed: 00:00:00
----------------------------------------------------------

26/29 Testing: cpplint_rosidl_generated_py
26/29 Test: cpplint_rosidl_generated_py
Command: "/usr/bin/python3.10" "-u" "/opt/ros/iron/share/ament_cmake_test/cmake/run_test.py" "/home/dia/ros2_ws/src/build/ros_gz_interfaces/test_results/ros_gz_interfaces/cpplint_rosidl_generated_py.xunit.xml" "--package-name" "ros_gz_interfaces" "--output-file" "/home/dia/ros2_ws/src/build/ros_gz_interfaces/ament_cpplint/cpplint_rosidl_generated_py.txt" "--command" "/opt/ros/iron/bin/ament_cpplint" "--xunit-file" "/home/dia/ros2_ws/src/build/ros_gz_interfaces/test_results/ros_gz_interfaces/cpplint_rosidl_generated_py.xunit.xml" "--filters=-readability/fn_size" "--linelength" "999" "--root" "/home/dia/ros2_ws/src/build/ros_gz_interfaces/rosidl_generator_py" "/home/dia/ros2_ws/src/build/ros_gz_interfaces/rosidl_generator_py/ros_gz_interfaces"
Directory: /home/dia/ros2_ws/src/ros_gz/ros_gz_interfaces
"cpplint_rosidl_generated_py" start time: Oct 05 15:30 CET
Output:
----------------------------------------------------------
-- run_test.py: invoking following command in '/home/dia/ros2_ws/src/ros_gz/ros_gz_interfaces':
 - /opt/ros/iron/bin/ament_cpplint --xunit-file /home/dia/ros2_ws/src/build/ros_gz_interfaces/test_results/ros_gz_interfaces/cpplint_rosidl_generated_py.xunit.xml --filters=-readability/fn_size --linelength 999 --root /home/dia/ros2_ws/src/build/ros_gz_interfaces/rosidl_generator_py /home/dia/ros2_ws/src/build/ros_gz_interfaces/rosidl_generator_py/ros_gz_interfaces
No files found
-- run_test.py: return code 1
-- run_test.py: generate result file '/home/dia/ros2_ws/src/build/ros_gz_interfaces/test_results/ros_gz_interfaces/cpplint_rosidl_generated_py.xunit.xml' with failed test
-- run_test.py: verify result file '/home/dia/ros2_ws/src/build/ros_gz_interfaces/test_results/ros_gz_interfaces/cpplint_rosidl_generated_py.xunit.xml'
<end of output>
Test time =   0.35 sec
----------------------------------------------------------
Test Failed.
"cpplint_rosidl_generated_py" end time: Oct 05 15:30 CET
"cpplint_rosidl_generated_py" time elapsed: 00:00:00
----------------------------------------------------------

27/29 Testing: flake8_rosidl_generated_py
27/29 Test: flake8_rosidl_generated_py
Command: "/usr/bin/python3.10" "-u" "/opt/ros/iron/share/ament_cmake_test/cmake/run_test.py" "/home/dia/ros2_ws/src/build/ros_gz_interfaces/test_results/ros_gz_interfaces/flake8_rosidl_generated_py.xunit.xml" "--package-name" "ros_gz_interfaces" "--output-file" "/home/dia/ros2_ws/src/build/ros_gz_interfaces/ament_flake8/flake8_rosidl_generated_py.txt" "--command" "/opt/ros/iron/bin/ament_flake8" "--xunit-file" "/home/dia/ros2_ws/src/build/ros_gz_interfaces/test_results/ros_gz_interfaces/flake8_rosidl_generated_py.xunit.xml" "--linelength" "999" "/home/dia/ros2_ws/src/build/ros_gz_interfaces/rosidl_generator_py/ros_gz_interfaces"
Directory: /home/dia/ros2_ws/src/ros_gz/ros_gz_interfaces
"flake8_rosidl_generated_py" start time: Oct 05 15:30 CET
Output:
----------------------------------------------------------
-- run_test.py: invoking following command in '/home/dia/ros2_ws/src/ros_gz/ros_gz_interfaces':
 - /opt/ros/iron/bin/ament_flake8 --xunit-file /home/dia/ros2_ws/src/build/ros_gz_interfaces/test_results/ros_gz_interfaces/flake8_rosidl_generated_py.xunit.xml --linelength 999 /home/dia/ros2_ws/src/build/ros_gz_interfaces/rosidl_generator_py/ros_gz_interfaces

1 files checked
No problems found

Checked files:

* /home/dia/ros2_ws/src/build/ros_gz_interfaces/rosidl_generator_py/ros_gz_interfaces/__init__.py
-- run_test.py: return code 0
-- run_test.py: verify result file '/home/dia/ros2_ws/src/build/ros_gz_interfaces/test_results/ros_gz_interfaces/flake8_rosidl_generated_py.xunit.xml'
<end of output>
Test time =   1.50 sec
----------------------------------------------------------
Test Passed.
"flake8_rosidl_generated_py" end time: Oct 05 15:30 CET
"flake8_rosidl_generated_py" time elapsed: 00:00:01
----------------------------------------------------------

28/29 Testing: pep257_rosidl_generated_py
28/29 Test: pep257_rosidl_generated_py
Command: "/usr/bin/python3.10" "-u" "/opt/ros/iron/share/ament_cmake_test/cmake/run_test.py" "/home/dia/ros2_ws/src/build/ros_gz_interfaces/test_results/ros_gz_interfaces/pep257_rosidl_generated_py.xunit.xml" "--package-name" "ros_gz_interfaces" "--output-file" "/home/dia/ros2_ws/src/build/ros_gz_interfaces/ament_pep257/pep257_rosidl_generated_py.txt" "--command" "/opt/ros/iron/bin/ament_pep257" "--xunit-file" "/home/dia/ros2_ws/src/build/ros_gz_interfaces/test_results/ros_gz_interfaces/pep257_rosidl_generated_py.xunit.xml" "/home/dia/ros2_ws/src/build/ros_gz_interfaces/rosidl_generator_py/ros_gz_interfaces"
Directory: /home/dia/ros2_ws/src/ros_gz/ros_gz_interfaces
"pep257_rosidl_generated_py" start time: Oct 05 15:30 CET
Output:
----------------------------------------------------------
-- run_test.py: invoking following command in '/home/dia/ros2_ws/src/ros_gz/ros_gz_interfaces':
 - /opt/ros/iron/bin/ament_pep257 --xunit-file /home/dia/ros2_ws/src/build/ros_gz_interfaces/test_results/ros_gz_interfaces/pep257_rosidl_generated_py.xunit.xml /home/dia/ros2_ws/src/build/ros_gz_interfaces/rosidl_generator_py/ros_gz_interfaces
checking /home/dia/ros2_ws/src/build/ros_gz_interfaces/rosidl_generator_py/ros_gz_interfaces/__init__.py
No problems found
-- run_test.py: return code 0
-- run_test.py: verify result file '/home/dia/ros2_ws/src/build/ros_gz_interfaces/test_results/ros_gz_interfaces/pep257_rosidl_generated_py.xunit.xml'
<end of output>
Test time =   0.46 sec
----------------------------------------------------------
Test Passed.
"pep257_rosidl_generated_py" end time: Oct 05 15:30 CET
"pep257_rosidl_generated_py" time elapsed: 00:00:00
----------------------------------------------------------

29/29 Testing: uncrustify_rosidl_generated_py
29/29 Test: uncrustify_rosidl_generated_py
Command: "/usr/bin/python3.10" "-u" "/opt/ros/iron/share/ament_cmake_test/cmake/run_test.py" "/home/dia/ros2_ws/src/build/ros_gz_interfaces/test_results/ros_gz_interfaces/uncrustify_rosidl_generated_py.xunit.xml" "--package-name" "ros_gz_interfaces" "--output-file" "/home/dia/ros2_ws/src/build/ros_gz_interfaces/ament_uncrustify/uncrustify_rosidl_generated_py.txt" "--command" "/opt/ros/iron/bin/ament_uncrustify" "--xunit-file" "/home/dia/ros2_ws/src/build/ros_gz_interfaces/test_results/ros_gz_interfaces/uncrustify_rosidl_generated_py.xunit.xml" "--linelength" "0" "/home/dia/ros2_ws/src/build/ros_gz_interfaces/rosidl_generator_py/ros_gz_interfaces"
Directory: /home/dia/ros2_ws/src/ros_gz/ros_gz_interfaces
"uncrustify_rosidl_generated_py" start time: Oct 05 15:30 CET
Output:
----------------------------------------------------------
-- run_test.py: invoking following command in '/home/dia/ros2_ws/src/ros_gz/ros_gz_interfaces':
 - /opt/ros/iron/bin/ament_uncrustify --xunit-file /home/dia/ros2_ws/src/build/ros_gz_interfaces/test_results/ros_gz_interfaces/uncrustify_rosidl_generated_py.xunit.xml --linelength 0 /home/dia/ros2_ws/src/build/ros_gz_interfaces/rosidl_generator_py/ros_gz_interfaces
No files found
-- run_test.py: return code 1
-- run_test.py: generate result file '/home/dia/ros2_ws/src/build/ros_gz_interfaces/test_results/ros_gz_interfaces/uncrustify_rosidl_generated_py.xunit.xml' with failed test
-- run_test.py: verify result file '/home/dia/ros2_ws/src/build/ros_gz_interfaces/test_results/ros_gz_interfaces/uncrustify_rosidl_generated_py.xunit.xml'
<end of output>
Test time =   0.36 sec
----------------------------------------------------------
Test Failed.
"uncrustify_rosidl_generated_py" end time: Oct 05 15:30 CET
"uncrustify_rosidl_generated_py" time elapsed: 00:00:00
----------------------------------------------------------

End testing: Oct 05 15:30 CET

cppcheck =   6.88 sec*proc

cpplint =   3.30 sec*proc

flake8 =   1.50 sec*proc

linter =  15.62 sec*proc

pep257 =   0.46 sec*proc

uncrustify =   3.48 sec*proc

