<?xml version="1.0" encoding="UTF-8"?>
<Site BuildName="(empty)"
	BuildStamp="20241005-1430-Experimental"
	Name="dia-desktop"
	Generator="ctest-3.22.1"
	CompilerName="/usr/bin/c++"
	CompilerVersion="11.4.0"
	OSName="Linux"
	Hostname="dia-desktop"
	OSRelease="5.15.136-tegra"
	OSVersion="#1 SMP PREEMPT Mon May 6 09:56:39 PDT 2024"
	OSPlatform="aarch64"
	Is64Bits="1"
	VendorString=""
	VendorID="Unknown Manufacturer"
	FamilyID="8"
	ModelID="0"
	ProcessorCacheSize="0"
	NumberOfLogicalCPU="6"
	NumberOfPhysicalCPU="1"
	TotalVirtualMemory="3810"
	TotalPhysicalMemory="7620"
	LogicalProcessorsPerPhysical="6"
	ProcessorClockFrequency="0"
	>
	<Testing>
		<StartDateTime>Oct 05 15:30 CET</StartDateTime>
		<StartTestTime>1728138610</StartTestTime>
		<TestList>
			<Test>./cppcheck_rosidl_generated_c</Test>
			<Test>./cpplint_rosidl_generated_c</Test>
			<Test>./uncrustify_rosidl_generated_c</Test>
			<Test>./cppcheck_rosidl_typesupport_fastrtps_c</Test>
			<Test>./cpplint_rosidl_typesupport_fastrtps_c</Test>
			<Test>./uncrustify_rosidl_typesupport_fastrtps_c</Test>
			<Test>./cppcheck_rosidl_generated_cpp</Test>
			<Test>./cpplint_rosidl_generated_cpp</Test>
			<Test>./uncrustify_rosidl_generated_cpp</Test>
			<Test>./cppcheck_rosidl_typesupport_fastrtps_cpp</Test>
			<Test>./cpplint_rosidl_typesupport_fastrtps_cpp</Test>
			<Test>./uncrustify_rosidl_typesupport_fastrtps_cpp</Test>
			<Test>./cppcheck_rosidl_typesupport_introspection_c</Test>
			<Test>./cpplint_rosidl_typesupport_introspection_c</Test>
			<Test>./uncrustify_rosidl_typesupport_introspection_c</Test>
			<Test>./cppcheck_rosidl_typesupport_c</Test>
			<Test>./cpplint_rosidl_typesupport_c</Test>
			<Test>./uncrustify_rosidl_typesupport_c</Test>
			<Test>./cppcheck_rosidl_typesupport_introspection_cpp</Test>
			<Test>./cpplint_rosidl_typesupport_introspection_cpp</Test>
			<Test>./uncrustify_rosidl_typesupport_introspection_cpp</Test>
			<Test>./cppcheck_rosidl_typesupport_cpp</Test>
			<Test>./cpplint_rosidl_typesupport_cpp</Test>
			<Test>./uncrustify_rosidl_typesupport_cpp</Test>
			<Test>./cppcheck_rosidl_generated_py</Test>
			<Test>./cpplint_rosidl_generated_py</Test>
			<Test>./flake8_rosidl_generated_py</Test>
			<Test>./pep257_rosidl_generated_py</Test>
			<Test>./uncrustify_rosidl_generated_py</Test>
		</TestList>
		<Test Status="passed">
			<Name>cppcheck_rosidl_generated_c</Name>
			<Path>.</Path>
			<FullName>./cppcheck_rosidl_generated_c</FullName>
			<FullCommandLine>/usr/bin/python3.10 "-u" "/opt/ros/iron/share/ament_cmake_test/cmake/run_test.py" "/home/dia/ros2_ws/src/build/ros_gz_interfaces/test_results/ros_gz_interfaces/cppcheck_rosidl_generated_c.xunit.xml" "--package-name" "ros_gz_interfaces" "--output-file" "/home/dia/ros2_ws/src/build/ros_gz_interfaces/ament_cppcheck/cppcheck_rosidl_generated_c.txt" "--command" "/opt/ros/iron/bin/ament_cppcheck" "--xunit-file" "/home/dia/ros2_ws/src/build/ros_gz_interfaces/test_results/ros_gz_interfaces/cppcheck_rosidl_generated_c.xunit.xml" "/home/dia/ros2_ws/src/build/ros_gz_interfaces/rosidl_generator_c/ros_gz_interfaces"</FullCommandLine>
			<Results>
				<NamedMeasurement type="numeric/double" name="Execution Time">
					<Value>3.65652</Value>
				</NamedMeasurement>
				<NamedMeasurement type="numeric/double" name="Processors">
					<Value>1</Value>
				</NamedMeasurement>
				<NamedMeasurement type="text/string" name="Completion Status">
					<Value>Completed</Value>
				</NamedMeasurement>
				<NamedMeasurement type="text/string" name="Command Line">
					<Value>/usr/bin/python3.10 "-u" "/opt/ros/iron/share/ament_cmake_test/cmake/run_test.py" "/home/dia/ros2_ws/src/build/ros_gz_interfaces/test_results/ros_gz_interfaces/cppcheck_rosidl_generated_c.xunit.xml" "--package-name" "ros_gz_interfaces" "--output-file" "/home/dia/ros2_ws/src/build/ros_gz_interfaces/ament_cppcheck/cppcheck_rosidl_generated_c.txt" "--command" "/opt/ros/iron/bin/ament_cppcheck" "--xunit-file" "/home/dia/ros2_ws/src/build/ros_gz_interfaces/test_results/ros_gz_interfaces/cppcheck_rosidl_generated_c.xunit.xml" "/home/dia/ros2_ws/src/build/ros_gz_interfaces/rosidl_generator_c/ros_gz_interfaces"</Value>
				</NamedMeasurement>
				<NamedMeasurement type="text/string" name="Environment">
					<Value>#CTEST_RESOURCE_GROUP_COUNT=</Value>
				</NamedMeasurement>
				<Measurement>
					<Value>-- run_test.py: invoking following command in '/home/dia/ros2_ws/src/ros_gz/ros_gz_interfaces':
 - /opt/ros/iron/bin/ament_cppcheck --xunit-file /home/dia/ros2_ws/src/build/ros_gz_interfaces/test_results/ros_gz_interfaces/cppcheck_rosidl_generated_c.xunit.xml /home/dia/ros2_ws/src/build/ros_gz_interfaces/rosidl_generator_c/ros_gz_interfaces
cppcheck 2.7 has known performance issues and therefore will not be used, set the AMENT_CPPCHECK_ALLOW_SLOW_VERSIONS environment variable to override this.
-- run_test.py: return code 0
-- run_test.py: verify result file '/home/dia/ros2_ws/src/build/ros_gz_interfaces/test_results/ros_gz_interfaces/cppcheck_rosidl_generated_c.xunit.xml'
</Value>
				</Measurement>
			</Results>
			<Labels>
				<Label>cppcheck</Label>
				<Label>linter</Label>
			</Labels>
		</Test>
		<Test Status="passed">
			<Name>cpplint_rosidl_generated_c</Name>
			<Path>.</Path>
			<FullName>./cpplint_rosidl_generated_c</FullName>
			<FullCommandLine>/usr/bin/python3.10 "-u" "/opt/ros/iron/share/ament_cmake_test/cmake/run_test.py" "/home/dia/ros2_ws/src/build/ros_gz_interfaces/test_results/ros_gz_interfaces/cpplint_rosidl_generated_c.xunit.xml" "--package-name" "ros_gz_interfaces" "--output-file" "/home/dia/ros2_ws/src/build/ros_gz_interfaces/ament_cpplint/cpplint_rosidl_generated_c.txt" "--command" "/opt/ros/iron/bin/ament_cpplint" "--xunit-file" "/home/dia/ros2_ws/src/build/ros_gz_interfaces/test_results/ros_gz_interfaces/cpplint_rosidl_generated_c.xunit.xml" "--linelength" "999" "--root" "/home/dia/ros2_ws/src/build/ros_gz_interfaces/rosidl_generator_c" "/home/dia/ros2_ws/src/build/ros_gz_interfaces/rosidl_generator_c/ros_gz_interfaces"</FullCommandLine>
			<Results>
				<NamedMeasurement type="numeric/double" name="Execution Time">
					<Value>0.425251</Value>
				</NamedMeasurement>
				<NamedMeasurement type="numeric/double" name="Processors">
					<Value>1</Value>
				</NamedMeasurement>
				<NamedMeasurement type="text/string" name="Completion Status">
					<Value>Completed</Value>
				</NamedMeasurement>
				<NamedMeasurement type="text/string" name="Command Line">
					<Value>/usr/bin/python3.10 "-u" "/opt/ros/iron/share/ament_cmake_test/cmake/run_test.py" "/home/dia/ros2_ws/src/build/ros_gz_interfaces/test_results/ros_gz_interfaces/cpplint_rosidl_generated_c.xunit.xml" "--package-name" "ros_gz_interfaces" "--output-file" "/home/dia/ros2_ws/src/build/ros_gz_interfaces/ament_cpplint/cpplint_rosidl_generated_c.txt" "--command" "/opt/ros/iron/bin/ament_cpplint" "--xunit-file" "/home/dia/ros2_ws/src/build/ros_gz_interfaces/test_results/ros_gz_interfaces/cpplint_rosidl_generated_c.xunit.xml" "--linelength" "999" "--root" "/home/dia/ros2_ws/src/build/ros_gz_interfaces/rosidl_generator_c" "/home/dia/ros2_ws/src/build/ros_gz_interfaces/rosidl_generator_c/ros_gz_interfaces"</Value>
				</NamedMeasurement>
				<NamedMeasurement type="text/string" name="Environment">
					<Value>#CTEST_RESOURCE_GROUP_COUNT=</Value>
				</NamedMeasurement>
				<Measurement>
					<Value>-- run_test.py: invoking following command in '/home/dia/ros2_ws/src/ros_gz/ros_gz_interfaces':
 - /opt/ros/iron/bin/ament_cpplint --xunit-file /home/dia/ros2_ws/src/build/ros_gz_interfaces/test_results/ros_gz_interfaces/cpplint_rosidl_generated_c.xunit.xml --linelength 999 --root /home/dia/ros2_ws/src/build/ros_gz_interfaces/rosidl_generator_c /home/dia/ros2_ws/src/build/ros_gz_interfaces/rosidl_generator_c/ros_gz_interfaces
Using '--root=/home/dia/ros2_ws/src/build/ros_gz_interfaces/rosidl_generator_c' argument

Done processing /home/dia/ros2_ws/src/build/ros_gz_interfaces/rosidl_generator_c/ros_gz_interfaces/msg/rosidl_generator_c__visibility_control.h

No problems found
-- run_test.py: return code 0
-- run_test.py: verify result file '/home/dia/ros2_ws/src/build/ros_gz_interfaces/test_results/ros_gz_interfaces/cpplint_rosidl_generated_c.xunit.xml'
</Value>
				</Measurement>
			</Results>
			<Labels>
				<Label>cpplint</Label>
				<Label>linter</Label>
			</Labels>
		</Test>
		<Test Status="passed">
			<Name>uncrustify_rosidl_generated_c</Name>
			<Path>.</Path>
			<FullName>./uncrustify_rosidl_generated_c</FullName>
			<FullCommandLine>/usr/bin/python3.10 "-u" "/opt/ros/iron/share/ament_cmake_test/cmake/run_test.py" "/home/dia/ros2_ws/src/build/ros_gz_interfaces/test_results/ros_gz_interfaces/uncrustify_rosidl_generated_c.xunit.xml" "--package-name" "ros_gz_interfaces" "--output-file" "/home/dia/ros2_ws/src/build/ros_gz_interfaces/ament_uncrustify/uncrustify_rosidl_generated_c.txt" "--command" "/opt/ros/iron/bin/ament_uncrustify" "--xunit-file" "/home/dia/ros2_ws/src/build/ros_gz_interfaces/test_results/ros_gz_interfaces/uncrustify_rosidl_generated_c.xunit.xml" "--linelength" "0" "/home/dia/ros2_ws/src/build/ros_gz_interfaces/rosidl_generator_c/ros_gz_interfaces"</FullCommandLine>
			<Results>
				<NamedMeasurement type="numeric/double" name="Execution Time">
					<Value>0.524266</Value>
				</NamedMeasurement>
				<NamedMeasurement type="numeric/double" name="Processors">
					<Value>1</Value>
				</NamedMeasurement>
				<NamedMeasurement type="text/string" name="Completion Status">
					<Value>Completed</Value>
				</NamedMeasurement>
				<NamedMeasurement type="text/string" name="Command Line">
					<Value>/usr/bin/python3.10 "-u" "/opt/ros/iron/share/ament_cmake_test/cmake/run_test.py" "/home/dia/ros2_ws/src/build/ros_gz_interfaces/test_results/ros_gz_interfaces/uncrustify_rosidl_generated_c.xunit.xml" "--package-name" "ros_gz_interfaces" "--output-file" "/home/dia/ros2_ws/src/build/ros_gz_interfaces/ament_uncrustify/uncrustify_rosidl_generated_c.txt" "--command" "/opt/ros/iron/bin/ament_uncrustify" "--xunit-file" "/home/dia/ros2_ws/src/build/ros_gz_interfaces/test_results/ros_gz_interfaces/uncrustify_rosidl_generated_c.xunit.xml" "--linelength" "0" "/home/dia/ros2_ws/src/build/ros_gz_interfaces/rosidl_generator_c/ros_gz_interfaces"</Value>
				</NamedMeasurement>
				<NamedMeasurement type="text/string" name="Environment">
					<Value>#CTEST_RESOURCE_GROUP_COUNT=</Value>
				</NamedMeasurement>
				<Measurement>
					<Value>-- run_test.py: invoking following command in '/home/dia/ros2_ws/src/ros_gz/ros_gz_interfaces':
 - /opt/ros/iron/bin/ament_uncrustify --xunit-file /home/dia/ros2_ws/src/build/ros_gz_interfaces/test_results/ros_gz_interfaces/uncrustify_rosidl_generated_c.xunit.xml --linelength 0 /home/dia/ros2_ws/src/build/ros_gz_interfaces/rosidl_generator_c/ros_gz_interfaces
No code style divergence in file '/home/dia/ros2_ws/src/build/ros_gz_interfaces/rosidl_generator_c/ros_gz_interfaces/msg/rosidl_generator_c__visibility_control.h'

No problems found
-- run_test.py: return code 0
-- run_test.py: verify result file '/home/dia/ros2_ws/src/build/ros_gz_interfaces/test_results/ros_gz_interfaces/uncrustify_rosidl_generated_c.xunit.xml'
</Value>
				</Measurement>
			</Results>
			<Labels>
				<Label>linter</Label>
				<Label>uncrustify</Label>
			</Labels>
		</Test>
		<Test Status="failed">
			<Name>cppcheck_rosidl_typesupport_fastrtps_c</Name>
			<Path>.</Path>
			<FullName>./cppcheck_rosidl_typesupport_fastrtps_c</FullName>
			<FullCommandLine>/usr/bin/python3.10 "-u" "/opt/ros/iron/share/ament_cmake_test/cmake/run_test.py" "/home/dia/ros2_ws/src/build/ros_gz_interfaces/test_results/ros_gz_interfaces/cppcheck_rosidl_typesupport_fastrtps_c.xunit.xml" "--package-name" "ros_gz_interfaces" "--output-file" "/home/dia/ros2_ws/src/build/ros_gz_interfaces/ament_cppcheck/cppcheck_rosidl_typesupport_fastrtps_c.txt" "--command" "/opt/ros/iron/bin/ament_cppcheck" "--xunit-file" "/home/dia/ros2_ws/src/build/ros_gz_interfaces/test_results/ros_gz_interfaces/cppcheck_rosidl_typesupport_fastrtps_c.xunit.xml" "/home/dia/ros2_ws/src/build/ros_gz_interfaces/rosidl_typesupport_fastrtps_c/ros_gz_interfaces/msg/detail/altimeter__rosidl_typesupport_fastrtps_c.h" "/home/dia/ros2_ws/src/build/ros_gz_interfaces/rosidl_typesupport_fastrtps_c/ros_gz_interfaces/msg/detail/altimeter__type_support_c.cpp" "/home/dia/ros2_ws/src/build/ros_gz_interfaces/rosidl_typesupport_fastrtps_c/ros_gz_interfaces/msg/detail/contact__rosidl_typesupport_fastrtps_c.h" "/home/dia/ros2_ws/src/build/ros_gz_interfaces/rosidl_typesupport_fastrtps_c/ros_gz_interfaces/msg/detail/contact__type_support_c.cpp" "/home/dia/ros2_ws/src/build/ros_gz_interfaces/rosidl_typesupport_fastrtps_c/ros_gz_interfaces/msg/detail/contacts__rosidl_typesupport_fastrtps_c.h" "/home/dia/ros2_ws/src/build/ros_gz_interfaces/rosidl_typesupport_fastrtps_c/ros_gz_interfaces/msg/detail/contacts__type_support_c.cpp" "/home/dia/ros2_ws/src/build/ros_gz_interfaces/rosidl_typesupport_fastrtps_c/ros_gz_interfaces/msg/detail/dataframe__rosidl_typesupport_fastrtps_c.h" "/home/dia/ros2_ws/src/build/ros_gz_interfaces/rosidl_typesupport_fastrtps_c/ros_gz_interfaces/msg/detail/dataframe__type_support_c.cpp" "/home/dia/ros2_ws/src/build/ros_gz_interfaces/rosidl_typesupport_fastrtps_c/ros_gz_interfaces/msg/detail/entity__rosidl_typesupport_fastrtps_c.h" "/home/dia/ros2_ws/src/build/ros_gz_interfaces/rosidl_typesupport_fastrtps_c/ros_gz_interfaces/msg/detail/entity__type_support_c.cpp" "/home/dia/ros2_ws/src/build/ros_gz_interfaces/rosidl_typesupport_fastrtps_c/ros_gz_interfaces/msg/detail/entity_factory__rosidl_typesupport_fastrtps_c.h" "/home/dia/ros2_ws/src/build/ros_gz_interfaces/rosidl_typesupport_fastrtps_c/ros_gz_interfaces/msg/detail/entity_factory__type_support_c.cpp" "/home/dia/ros2_ws/src/build/ros_gz_interfaces/rosidl_typesupport_fastrtps_c/ros_gz_interfaces/msg/detail/entity_wrench__rosidl_typesupport_fastrtps_c.h" "/home/dia/ros2_ws/src/build/ros_gz_interfaces/rosidl_typesupport_fastrtps_c/ros_gz_interfaces/msg/detail/entity_wrench__type_support_c.cpp" "/home/dia/ros2_ws/src/build/ros_gz_interfaces/rosidl_typesupport_fastrtps_c/ros_gz_interfaces/msg/detail/float32_array__rosidl_typesupport_fastrtps_c.h" "/home/dia/ros2_ws/src/build/ros_gz_interfaces/rosidl_typesupport_fastrtps_c/ros_gz_interfaces/msg/detail/float32_array__type_support_c.cpp" "/home/dia/ros2_ws/src/build/ros_gz_interfaces/rosidl_typesupport_fastrtps_c/ros_gz_interfaces/msg/detail/gui_camera__rosidl_typesupport_fastrtps_c.h" "/home/dia/ros2_ws/src/build/ros_gz_interfaces/rosidl_typesupport_fastrtps_c/ros_gz_interfaces/msg/detail/gui_camera__type_support_c.cpp" "/home/dia/ros2_ws/src/build/ros_gz_interfaces/rosidl_typesupport_fastrtps_c/ros_gz_interfaces/msg/detail/joint_wrench__rosidl_typesupport_fastrtps_c.h" "/home/dia/ros2_ws/src/build/ros_gz_interfaces/rosidl_typesupport_fastrtps_c/ros_gz_interfaces/msg/detail/joint_wrench__type_support_c.cpp" "/home/dia/ros2_ws/src/build/ros_gz_interfaces/rosidl_typesupport_fastrtps_c/ros_gz_interfaces/msg/detail/light__rosidl_typesupport_fastrtps_c.h" "/home/dia/ros2_ws/src/build/ros_gz_interfaces/rosidl_typesupport_fastrtps_c/ros_gz_interfaces/msg/detail/light__type_support_c.cpp" "/home/dia/ros2_ws/src/build/ros_gz_interfaces/rosidl_typesupport_fastrtps_c/ros_gz_interfaces/msg/detail/material_color__rosidl_typesupport_fastrtps_c.h" "/home/dia/ros2_ws/src/build/ros_gz_interfaces/rosidl_typesupport_fastrtps_c/ros_gz_interfaces/msg/detail/material_color__type_support_c.cpp" "/home/dia/ros2_ws/src/build/ros_gz_interfaces/rosidl_typesupport_fastrtps_c/ros_gz_interfaces/msg/detail/param_vec__rosidl_typesupport_fastrtps_c.h" "/home/dia/ros2_ws/src/build/ros_gz_interfaces/rosidl_typesupport_fastrtps_c/ros_gz_interfaces/msg/detail/param_vec__type_support_c.cpp" "/home/dia/ros2_ws/src/build/ros_gz_interfaces/rosidl_typesupport_fastrtps_c/ros_gz_interfaces/msg/detail/sensor_noise__rosidl_typesupport_fastrtps_c.h" "/home/dia/ros2_ws/src/build/ros_gz_interfaces/rosidl_typesupport_fastrtps_c/ros_gz_interfaces/msg/detail/sensor_noise__type_support_c.cpp" "/home/dia/ros2_ws/src/build/ros_gz_interfaces/rosidl_typesupport_fastrtps_c/ros_gz_interfaces/msg/detail/string_vec__rosidl_typesupport_fastrtps_c.h" "/home/dia/ros2_ws/src/build/ros_gz_interfaces/rosidl_typesupport_fastrtps_c/ros_gz_interfaces/msg/detail/string_vec__type_support_c.cpp" "/home/dia/ros2_ws/src/build/ros_gz_interfaces/rosidl_typesupport_fastrtps_c/ros_gz_interfaces/msg/detail/track_visual__rosidl_typesupport_fastrtps_c.h" "/home/dia/ros2_ws/src/build/ros_gz_interfaces/rosidl_typesupport_fastrtps_c/ros_gz_interfaces/msg/detail/track_visual__type_support_c.cpp" "/home/dia/ros2_ws/src/build/ros_gz_interfaces/rosidl_typesupport_fastrtps_c/ros_gz_interfaces/msg/detail/video_record__rosidl_typesupport_fastrtps_c.h" "/home/dia/ros2_ws/src/build/ros_gz_interfaces/rosidl_typesupport_fastrtps_c/ros_gz_interfaces/msg/detail/video_record__type_support_c.cpp" "/home/dia/ros2_ws/src/build/ros_gz_interfaces/rosidl_typesupport_fastrtps_c/ros_gz_interfaces/msg/detail/world_control__rosidl_typesupport_fastrtps_c.h" "/home/dia/ros2_ws/src/build/ros_gz_interfaces/rosidl_typesupport_fastrtps_c/ros_gz_interfaces/msg/detail/world_control__type_support_c.cpp" "/home/dia/ros2_ws/src/build/ros_gz_interfaces/rosidl_typesupport_fastrtps_c/ros_gz_interfaces/msg/detail/world_reset__rosidl_typesupport_fastrtps_c.h" "/home/dia/ros2_ws/src/build/ros_gz_interfaces/rosidl_typesupport_fastrtps_c/ros_gz_interfaces/msg/detail/world_reset__type_support_c.cpp" "/home/dia/ros2_ws/src/build/ros_gz_interfaces/rosidl_typesupport_fastrtps_c/ros_gz_interfaces/srv/detail/control_world__rosidl_typesupport_fastrtps_c.h" "/home/dia/ros2_ws/src/build/ros_gz_interfaces/rosidl_typesupport_fastrtps_c/ros_gz_interfaces/srv/detail/control_world__type_support_c.cpp" "/home/dia/ros2_ws/src/build/ros_gz_interfaces/rosidl_typesupport_fastrtps_c/ros_gz_interfaces/srv/detail/delete_entity__rosidl_typesupport_fastrtps_c.h" "/home/dia/ros2_ws/src/build/ros_gz_interfaces/rosidl_typesupport_fastrtps_c/ros_gz_interfaces/srv/detail/delete_entity__type_support_c.cpp" "/home/dia/ros2_ws/src/build/ros_gz_interfaces/rosidl_typesupport_fastrtps_c/ros_gz_interfaces/srv/detail/set_entity_pose__rosidl_typesupport_fastrtps_c.h" "/home/dia/ros2_ws/src/build/ros_gz_interfaces/rosidl_typesupport_fastrtps_c/ros_gz_interfaces/srv/detail/set_entity_pose__type_support_c.cpp" "/home/dia/ros2_ws/src/build/ros_gz_interfaces/rosidl_typesupport_fastrtps_c/ros_gz_interfaces/srv/detail/spawn_entity__rosidl_typesupport_fastrtps_c.h" "/home/dia/ros2_ws/src/build/ros_gz_interfaces/rosidl_typesupport_fastrtps_c/ros_gz_interfaces/srv/detail/spawn_entity__type_support_c.cpp"</FullCommandLine>
			<Results>
				<NamedMeasurement type="text/string" name="Exit Code">
					<Value>Failed</Value>
				</NamedMeasurement>
				<NamedMeasurement type="text/string" name="Exit Value">
					<Value>1</Value>
				</NamedMeasurement>
				<NamedMeasurement type="numeric/double" name="Execution Time">
					<Value>0.354608</Value>
				</NamedMeasurement>
				<NamedMeasurement type="numeric/double" name="Processors">
					<Value>1</Value>
				</NamedMeasurement>
				<NamedMeasurement type="text/string" name="Completion Status">
					<Value>Completed</Value>
				</NamedMeasurement>
				<NamedMeasurement type="text/string" name="Command Line">
					<Value>/usr/bin/python3.10 "-u" "/opt/ros/iron/share/ament_cmake_test/cmake/run_test.py" "/home/dia/ros2_ws/src/build/ros_gz_interfaces/test_results/ros_gz_interfaces/cppcheck_rosidl_typesupport_fastrtps_c.xunit.xml" "--package-name" "ros_gz_interfaces" "--output-file" "/home/dia/ros2_ws/src/build/ros_gz_interfaces/ament_cppcheck/cppcheck_rosidl_typesupport_fastrtps_c.txt" "--command" "/opt/ros/iron/bin/ament_cppcheck" "--xunit-file" "/home/dia/ros2_ws/src/build/ros_gz_interfaces/test_results/ros_gz_interfaces/cppcheck_rosidl_typesupport_fastrtps_c.xunit.xml" "/home/dia/ros2_ws/src/build/ros_gz_interfaces/rosidl_typesupport_fastrtps_c/ros_gz_interfaces/msg/detail/altimeter__rosidl_typesupport_fastrtps_c.h" "/home/dia/ros2_ws/src/build/ros_gz_interfaces/rosidl_typesupport_fastrtps_c/ros_gz_interfaces/msg/detail/altimeter__type_support_c.cpp" "/home/dia/ros2_ws/src/build/ros_gz_interfaces/rosidl_typesupport_fastrtps_c/ros_gz_interfaces/msg/detail/contact__rosidl_typesupport_fastrtps_c.h" "/home/dia/ros2_ws/src/build/ros_gz_interfaces/rosidl_typesupport_fastrtps_c/ros_gz_interfaces/msg/detail/contact__type_support_c.cpp" "/home/dia/ros2_ws/src/build/ros_gz_interfaces/rosidl_typesupport_fastrtps_c/ros_gz_interfaces/msg/detail/contacts__rosidl_typesupport_fastrtps_c.h" "/home/dia/ros2_ws/src/build/ros_gz_interfaces/rosidl_typesupport_fastrtps_c/ros_gz_interfaces/msg/detail/contacts__type_support_c.cpp" "/home/dia/ros2_ws/src/build/ros_gz_interfaces/rosidl_typesupport_fastrtps_c/ros_gz_interfaces/msg/detail/dataframe__rosidl_typesupport_fastrtps_c.h" "/home/dia/ros2_ws/src/build/ros_gz_interfaces/rosidl_typesupport_fastrtps_c/ros_gz_interfaces/msg/detail/dataframe__type_support_c.cpp" "/home/dia/ros2_ws/src/build/ros_gz_interfaces/rosidl_typesupport_fastrtps_c/ros_gz_interfaces/msg/detail/entity__rosidl_typesupport_fastrtps_c.h" "/home/dia/ros2_ws/src/build/ros_gz_interfaces/rosidl_typesupport_fastrtps_c/ros_gz_interfaces/msg/detail/entity__type_support_c.cpp" "/home/dia/ros2_ws/src/build/ros_gz_interfaces/rosidl_typesupport_fastrtps_c/ros_gz_interfaces/msg/detail/entity_factory__rosidl_typesupport_fastrtps_c.h" "/home/dia/ros2_ws/src/build/ros_gz_interfaces/rosidl_typesupport_fastrtps_c/ros_gz_interfaces/msg/detail/entity_factory__type_support_c.cpp" "/home/dia/ros2_ws/src/build/ros_gz_interfaces/rosidl_typesupport_fastrtps_c/ros_gz_interfaces/msg/detail/entity_wrench__rosidl_typesupport_fastrtps_c.h" "/home/dia/ros2_ws/src/build/ros_gz_interfaces/rosidl_typesupport_fastrtps_c/ros_gz_interfaces/msg/detail/entity_wrench__type_support_c.cpp" "/home/dia/ros2_ws/src/build/ros_gz_interfaces/rosidl_typesupport_fastrtps_c/ros_gz_interfaces/msg/detail/float32_array__rosidl_typesupport_fastrtps_c.h" "/home/dia/ros2_ws/src/build/ros_gz_interfaces/rosidl_typesupport_fastrtps_c/ros_gz_interfaces/msg/detail/float32_array__type_support_c.cpp" "/home/dia/ros2_ws/src/build/ros_gz_interfaces/rosidl_typesupport_fastrtps_c/ros_gz_interfaces/msg/detail/gui_camera__rosidl_typesupport_fastrtps_c.h" "/home/dia/ros2_ws/src/build/ros_gz_interfaces/rosidl_typesupport_fastrtps_c/ros_gz_interfaces/msg/detail/gui_camera__type_support_c.cpp" "/home/dia/ros2_ws/src/build/ros_gz_interfaces/rosidl_typesupport_fastrtps_c/ros_gz_interfaces/msg/detail/joint_wrench__rosidl_typesupport_fastrtps_c.h" "/home/dia/ros2_ws/src/build/ros_gz_interfaces/rosidl_typesupport_fastrtps_c/ros_gz_interfaces/msg/detail/joint_wrench__type_support_c.cpp" "/home/dia/ros2_ws/src/build/ros_gz_interfaces/rosidl_typesupport_fastrtps_c/ros_gz_interfaces/msg/detail/light__rosidl_typesupport_fastrtps_c.h" "/home/dia/ros2_ws/src/build/ros_gz_interfaces/rosidl_typesupport_fastrtps_c/ros_gz_interfaces/msg/detail/light__type_support_c.cpp" "/home/dia/ros2_ws/src/build/ros_gz_interfaces/rosidl_typesupport_fastrtps_c/ros_gz_interfaces/msg/detail/material_color__rosidl_typesupport_fastrtps_c.h" "/home/dia/ros2_ws/src/build/ros_gz_interfaces/rosidl_typesupport_fastrtps_c/ros_gz_interfaces/msg/detail/material_color__type_support_c.cpp" "/home/dia/ros2_ws/src/build/ros_gz_interfaces/rosidl_typesupport_fastrtps_c/ros_gz_interfaces/msg/detail/param_vec__rosidl_typesupport_fastrtps_c.h" "/home/dia/ros2_ws/src/build/ros_gz_interfaces/rosidl_typesupport_fastrtps_c/ros_gz_interfaces/msg/detail/param_vec__type_support_c.cpp" "/home/dia/ros2_ws/src/build/ros_gz_interfaces/rosidl_typesupport_fastrtps_c/ros_gz_interfaces/msg/detail/sensor_noise__rosidl_typesupport_fastrtps_c.h" "/home/dia/ros2_ws/src/build/ros_gz_interfaces/rosidl_typesupport_fastrtps_c/ros_gz_interfaces/msg/detail/sensor_noise__type_support_c.cpp" "/home/dia/ros2_ws/src/build/ros_gz_interfaces/rosidl_typesupport_fastrtps_c/ros_gz_interfaces/msg/detail/string_vec__rosidl_typesupport_fastrtps_c.h" "/home/dia/ros2_ws/src/build/ros_gz_interfaces/rosidl_typesupport_fastrtps_c/ros_gz_interfaces/msg/detail/string_vec__type_support_c.cpp" "/home/dia/ros2_ws/src/build/ros_gz_interfaces/rosidl_typesupport_fastrtps_c/ros_gz_interfaces/msg/detail/track_visual__rosidl_typesupport_fastrtps_c.h" "/home/dia/ros2_ws/src/build/ros_gz_interfaces/rosidl_typesupport_fastrtps_c/ros_gz_interfaces/msg/detail/track_visual__type_support_c.cpp" "/home/dia/ros2_ws/src/build/ros_gz_interfaces/rosidl_typesupport_fastrtps_c/ros_gz_interfaces/msg/detail/video_record__rosidl_typesupport_fastrtps_c.h" "/home/dia/ros2_ws/src/build/ros_gz_interfaces/rosidl_typesupport_fastrtps_c/ros_gz_interfaces/msg/detail/video_record__type_support_c.cpp" "/home/dia/ros2_ws/src/build/ros_gz_interfaces/rosidl_typesupport_fastrtps_c/ros_gz_interfaces/msg/detail/world_control__rosidl_typesupport_fastrtps_c.h" "/home/dia/ros2_ws/src/build/ros_gz_interfaces/rosidl_typesupport_fastrtps_c/ros_gz_interfaces/msg/detail/world_control__type_support_c.cpp" "/home/dia/ros2_ws/src/build/ros_gz_interfaces/rosidl_typesupport_fastrtps_c/ros_gz_interfaces/msg/detail/world_reset__rosidl_typesupport_fastrtps_c.h" "/home/dia/ros2_ws/src/build/ros_gz_interfaces/rosidl_typesupport_fastrtps_c/ros_gz_interfaces/msg/detail/world_reset__type_support_c.cpp" "/home/dia/ros2_ws/src/build/ros_gz_interfaces/rosidl_typesupport_fastrtps_c/ros_gz_interfaces/srv/detail/control_world__rosidl_typesupport_fastrtps_c.h" "/home/dia/ros2_ws/src/build/ros_gz_interfaces/rosidl_typesupport_fastrtps_c/ros_gz_interfaces/srv/detail/control_world__type_support_c.cpp" "/home/dia/ros2_ws/src/build/ros_gz_interfaces/rosidl_typesupport_fastrtps_c/ros_gz_interfaces/srv/detail/delete_entity__rosidl_typesupport_fastrtps_c.h" "/home/dia/ros2_ws/src/build/ros_gz_interfaces/rosidl_typesupport_fastrtps_c/ros_gz_interfaces/srv/detail/delete_entity__type_support_c.cpp" "/home/dia/ros2_ws/src/build/ros_gz_interfaces/rosidl_typesupport_fastrtps_c/ros_gz_interfaces/srv/detail/set_entity_pose__rosidl_typesupport_fastrtps_c.h" "/home/dia/ros2_ws/src/build/ros_gz_interfaces/rosidl_typesupport_fastrtps_c/ros_gz_interfaces/srv/detail/set_entity_pose__type_support_c.cpp" "/home/dia/ros2_ws/src/build/ros_gz_interfaces/rosidl_typesupport_fastrtps_c/ros_gz_interfaces/srv/detail/spawn_entity__rosidl_typesupport_fastrtps_c.h" "/home/dia/ros2_ws/src/build/ros_gz_interfaces/rosidl_typesupport_fastrtps_c/ros_gz_interfaces/srv/detail/spawn_entity__type_support_c.cpp"</Value>
				</NamedMeasurement>
				<NamedMeasurement type="text/string" name="Environment">
					<Value>#CTEST_RESOURCE_GROUP_COUNT=</Value>
				</NamedMeasurement>
				<Measurement>
					<Value>-- run_test.py: invoking following command in '/home/dia/ros2_ws/src/ros_gz/ros_gz_interfaces':
 - /opt/ros/iron/bin/ament_cppcheck --xunit-file /home/dia/ros2_ws/src/build/ros_gz_interfaces/test_results/ros_gz_interfaces/cppcheck_rosidl_typesupport_fastrtps_c.xunit.xml /home/dia/ros2_ws/src/build/ros_gz_interfaces/rosidl_typesupport_fastrtps_c/ros_gz_interfaces/msg/detail/altimeter__rosidl_typesupport_fastrtps_c.h /home/dia/ros2_ws/src/build/ros_gz_interfaces/rosidl_typesupport_fastrtps_c/ros_gz_interfaces/msg/detail/altimeter__type_support_c.cpp /home/dia/ros2_ws/src/build/ros_gz_interfaces/rosidl_typesupport_fastrtps_c/ros_gz_interfaces/msg/detail/contact__rosidl_typesupport_fastrtps_c.h /home/dia/ros2_ws/src/build/ros_gz_interfaces/rosidl_typesupport_fastrtps_c/ros_gz_interfaces/msg/detail/contact__type_support_c.cpp /home/dia/ros2_ws/src/build/ros_gz_interfaces/rosidl_typesupport_fastrtps_c/ros_gz_interfaces/msg/detail/contacts__rosidl_typesupport_fastrtps_c.h /home/dia/ros2_ws/src/build/ros_gz_interfaces/rosidl_typesupport_fastrtps_c/ros_gz_interfaces/msg/detail/contacts__type_support_c.cpp /home/dia/ros2_ws/src/build/ros_gz_interfaces/rosidl_typesupport_fastrtps_c/ros_gz_interfaces/msg/detail/dataframe__rosidl_typesupport_fastrtps_c.h /home/dia/ros2_ws/src/build/ros_gz_interfaces/rosidl_typesupport_fastrtps_c/ros_gz_interfaces/msg/detail/dataframe__type_support_c.cpp /home/dia/ros2_ws/src/build/ros_gz_interfaces/rosidl_typesupport_fastrtps_c/ros_gz_interfaces/msg/detail/entity__rosidl_typesupport_fastrtps_c.h /home/dia/ros2_ws/src/build/ros_gz_interfaces/rosidl_typesupport_fastrtps_c/ros_gz_interfaces/msg/detail/entity__type_support_c.cpp /home/dia/ros2_ws/src/build/ros_gz_interfaces/rosidl_typesupport_fastrtps_c/ros_gz_interfaces/msg/detail/entity_factory__rosidl_typesupport_fastrtps_c.h /home/dia/ros2_ws/src/build/ros_gz_interfaces/rosidl_typesupport_fastrtps_c/ros_gz_interfaces/msg/detail/entity_factory__type_support_c.cpp /home/dia/ros2_ws/src/build/ros_gz_interfaces/rosidl_typesupport_fastrtps_c/ros_gz_interfaces/msg/detail/entity_wrench__rosidl_typesupport_fastrtps_c.h /home/dia/ros2_ws/src/build/ros_gz_interfaces/rosidl_typesupport_fastrtps_c/ros_gz_interfaces/msg/detail/entity_wrench__type_support_c.cpp /home/dia/ros2_ws/src/build/ros_gz_interfaces/rosidl_typesupport_fastrtps_c/ros_gz_interfaces/msg/detail/float32_array__rosidl_typesupport_fastrtps_c.h /home/dia/ros2_ws/src/build/ros_gz_interfaces/rosidl_typesupport_fastrtps_c/ros_gz_interfaces/msg/detail/float32_array__type_support_c.cpp /home/dia/ros2_ws/src/build/ros_gz_interfaces/rosidl_typesupport_fastrtps_c/ros_gz_interfaces/msg/detail/gui_camera__rosidl_typesupport_fastrtps_c.h /home/dia/ros2_ws/src/build/ros_gz_interfaces/rosidl_typesupport_fastrtps_c/ros_gz_interfaces/msg/detail/gui_camera__type_support_c.cpp /home/dia/ros2_ws/src/build/ros_gz_interfaces/rosidl_typesupport_fastrtps_c/ros_gz_interfaces/msg/detail/joint_wrench__rosidl_typesupport_fastrtps_c.h /home/dia/ros2_ws/src/build/ros_gz_interfaces/rosidl_typesupport_fastrtps_c/ros_gz_interfaces/msg/detail/joint_wrench__type_support_c.cpp /home/dia/ros2_ws/src/build/ros_gz_interfaces/rosidl_typesupport_fastrtps_c/ros_gz_interfaces/msg/detail/light__rosidl_typesupport_fastrtps_c.h /home/dia/ros2_ws/src/build/ros_gz_interfaces/rosidl_typesupport_fastrtps_c/ros_gz_interfaces/msg/detail/light__type_support_c.cpp /home/dia/ros2_ws/src/build/ros_gz_interfaces/rosidl_typesupport_fastrtps_c/ros_gz_interfaces/msg/detail/material_color__rosidl_typesupport_fastrtps_c.h /home/dia/ros2_ws/src/build/ros_gz_interfaces/rosidl_typesupport_fastrtps_c/ros_gz_interfaces/msg/detail/material_color__type_support_c.cpp /home/dia/ros2_ws/src/build/ros_gz_interfaces/rosidl_typesupport_fastrtps_c/ros_gz_interfaces/msg/detail/param_vec__rosidl_typesupport_fastrtps_c.h /home/dia/ros2_ws/src/build/ros_gz_interfaces/rosidl_typesupport_fastrtps_c/ros_gz_interfaces/msg/detail/param_vec__type_support_c.cpp /home/dia/ros2_ws/src/build/ros_gz_interfaces/rosidl_typesupport_fastrtps_c/ros_gz_interfaces/msg/detail/sensor_noise__rosidl_typesupport_fastrtps_c.h /home/dia/ros2_ws/src/build/ros_gz_interfaces/rosidl_typesupport_fastrtps_c/ros_gz_interfaces/msg/detail/sensor_noise__type_support_c.cpp /home/dia/ros2_ws/src/build/ros_gz_interfaces/rosidl_typesupport_fastrtps_c/ros_gz_interfaces/msg/detail/string_vec__rosidl_typesupport_fastrtps_c.h /home/dia/ros2_ws/src/build/ros_gz_interfaces/rosidl_typesupport_fastrtps_c/ros_gz_interfaces/msg/detail/string_vec__type_support_c.cpp /home/dia/ros2_ws/src/build/ros_gz_interfaces/rosidl_typesupport_fastrtps_c/ros_gz_interfaces/msg/detail/track_visual__rosidl_typesupport_fastrtps_c.h /home/dia/ros2_ws/src/build/ros_gz_interfaces/rosidl_typesupport_fastrtps_c/ros_gz_interfaces/msg/detail/track_visual__type_support_c.cpp /home/dia/ros2_ws/src/build/ros_gz_interfaces/rosidl_typesupport_fastrtps_c/ros_gz_interfaces/msg/detail/video_record__rosidl_typesupport_fastrtps_c.h /home/dia/ros2_ws/src/build/ros_gz_interfaces/rosidl_typesupport_fastrtps_c/ros_gz_interfaces/msg/detail/video_record__type_support_c.cpp /home/dia/ros2_ws/src/build/ros_gz_interfaces/rosidl_typesupport_fastrtps_c/ros_gz_interfaces/msg/detail/world_control__rosidl_typesupport_fastrtps_c.h /home/dia/ros2_ws/src/build/ros_gz_interfaces/rosidl_typesupport_fastrtps_c/ros_gz_interfaces/msg/detail/world_control__type_support_c.cpp /home/dia/ros2_ws/src/build/ros_gz_interfaces/rosidl_typesupport_fastrtps_c/ros_gz_interfaces/msg/detail/world_reset__rosidl_typesupport_fastrtps_c.h /home/dia/ros2_ws/src/build/ros_gz_interfaces/rosidl_typesupport_fastrtps_c/ros_gz_interfaces/msg/detail/world_reset__type_support_c.cpp /home/dia/ros2_ws/src/build/ros_gz_interfaces/rosidl_typesupport_fastrtps_c/ros_gz_interfaces/srv/detail/control_world__rosidl_typesupport_fastrtps_c.h /home/dia/ros2_ws/src/build/ros_gz_interfaces/rosidl_typesupport_fastrtps_c/ros_gz_interfaces/srv/detail/control_world__type_support_c.cpp /home/dia/ros2_ws/src/build/ros_gz_interfaces/rosidl_typesupport_fastrtps_c/ros_gz_interfaces/srv/detail/delete_entity__rosidl_typesupport_fastrtps_c.h /home/dia/ros2_ws/src/build/ros_gz_interfaces/rosidl_typesupport_fastrtps_c/ros_gz_interfaces/srv/detail/delete_entity__type_support_c.cpp /home/dia/ros2_ws/src/build/ros_gz_interfaces/rosidl_typesupport_fastrtps_c/ros_gz_interfaces/srv/detail/set_entity_pose__rosidl_typesupport_fastrtps_c.h /home/dia/ros2_ws/src/build/ros_gz_interfaces/rosidl_typesupport_fastrtps_c/ros_gz_interfaces/srv/detail/set_entity_pose__type_support_c.cpp /home/dia/ros2_ws/src/build/ros_gz_interfaces/rosidl_typesupport_fastrtps_c/ros_gz_interfaces/srv/detail/spawn_entity__rosidl_typesupport_fastrtps_c.h /home/dia/ros2_ws/src/build/ros_gz_interfaces/rosidl_typesupport_fastrtps_c/ros_gz_interfaces/srv/detail/spawn_entity__type_support_c.cpp
No files found
-- run_test.py: return code 1
-- run_test.py: generate result file '/home/dia/ros2_ws/src/build/ros_gz_interfaces/test_results/ros_gz_interfaces/cppcheck_rosidl_typesupport_fastrtps_c.xunit.xml' with failed test
-- run_test.py: verify result file '/home/dia/ros2_ws/src/build/ros_gz_interfaces/test_results/ros_gz_interfaces/cppcheck_rosidl_typesupport_fastrtps_c.xunit.xml'
</Value>
				</Measurement>
			</Results>
			<Labels>
				<Label>cppcheck</Label>
				<Label>linter</Label>
			</Labels>
		</Test>
		<Test Status="failed">
			<Name>cpplint_rosidl_typesupport_fastrtps_c</Name>
			<Path>.</Path>
			<FullName>./cpplint_rosidl_typesupport_fastrtps_c</FullName>
			<FullCommandLine>/usr/bin/python3.10 "-u" "/opt/ros/iron/share/ament_cmake_test/cmake/run_test.py" "/home/dia/ros2_ws/src/build/ros_gz_interfaces/test_results/ros_gz_interfaces/cpplint_rosidl_typesupport_fastrtps_c.xunit.xml" "--package-name" "ros_gz_interfaces" "--output-file" "/home/dia/ros2_ws/src/build/ros_gz_interfaces/ament_cpplint/cpplint_rosidl_typesupport_fastrtps_c.txt" "--command" "/opt/ros/iron/bin/ament_cpplint" "--xunit-file" "/home/dia/ros2_ws/src/build/ros_gz_interfaces/test_results/ros_gz_interfaces/cpplint_rosidl_typesupport_fastrtps_c.xunit.xml" "--linelength" "999" "--root" "/home/dia/ros2_ws/src/build/ros_gz_interfaces/rosidl_typesupport_fastrtps_c" "/home/dia/ros2_ws/src/build/ros_gz_interfaces/rosidl_typesupport_fastrtps_c/ros_gz_interfaces/msg/detail/altimeter__rosidl_typesupport_fastrtps_c.h" "/home/dia/ros2_ws/src/build/ros_gz_interfaces/rosidl_typesupport_fastrtps_c/ros_gz_interfaces/msg/detail/altimeter__type_support_c.cpp" "/home/dia/ros2_ws/src/build/ros_gz_interfaces/rosidl_typesupport_fastrtps_c/ros_gz_interfaces/msg/detail/contact__rosidl_typesupport_fastrtps_c.h" "/home/dia/ros2_ws/src/build/ros_gz_interfaces/rosidl_typesupport_fastrtps_c/ros_gz_interfaces/msg/detail/contact__type_support_c.cpp" "/home/dia/ros2_ws/src/build/ros_gz_interfaces/rosidl_typesupport_fastrtps_c/ros_gz_interfaces/msg/detail/contacts__rosidl_typesupport_fastrtps_c.h" "/home/dia/ros2_ws/src/build/ros_gz_interfaces/rosidl_typesupport_fastrtps_c/ros_gz_interfaces/msg/detail/contacts__type_support_c.cpp" "/home/dia/ros2_ws/src/build/ros_gz_interfaces/rosidl_typesupport_fastrtps_c/ros_gz_interfaces/msg/detail/dataframe__rosidl_typesupport_fastrtps_c.h" "/home/dia/ros2_ws/src/build/ros_gz_interfaces/rosidl_typesupport_fastrtps_c/ros_gz_interfaces/msg/detail/dataframe__type_support_c.cpp" "/home/dia/ros2_ws/src/build/ros_gz_interfaces/rosidl_typesupport_fastrtps_c/ros_gz_interfaces/msg/detail/entity__rosidl_typesupport_fastrtps_c.h" "/home/dia/ros2_ws/src/build/ros_gz_interfaces/rosidl_typesupport_fastrtps_c/ros_gz_interfaces/msg/detail/entity__type_support_c.cpp" "/home/dia/ros2_ws/src/build/ros_gz_interfaces/rosidl_typesupport_fastrtps_c/ros_gz_interfaces/msg/detail/entity_factory__rosidl_typesupport_fastrtps_c.h" "/home/dia/ros2_ws/src/build/ros_gz_interfaces/rosidl_typesupport_fastrtps_c/ros_gz_interfaces/msg/detail/entity_factory__type_support_c.cpp" "/home/dia/ros2_ws/src/build/ros_gz_interfaces/rosidl_typesupport_fastrtps_c/ros_gz_interfaces/msg/detail/entity_wrench__rosidl_typesupport_fastrtps_c.h" "/home/dia/ros2_ws/src/build/ros_gz_interfaces/rosidl_typesupport_fastrtps_c/ros_gz_interfaces/msg/detail/entity_wrench__type_support_c.cpp" "/home/dia/ros2_ws/src/build/ros_gz_interfaces/rosidl_typesupport_fastrtps_c/ros_gz_interfaces/msg/detail/float32_array__rosidl_typesupport_fastrtps_c.h" "/home/dia/ros2_ws/src/build/ros_gz_interfaces/rosidl_typesupport_fastrtps_c/ros_gz_interfaces/msg/detail/float32_array__type_support_c.cpp" "/home/dia/ros2_ws/src/build/ros_gz_interfaces/rosidl_typesupport_fastrtps_c/ros_gz_interfaces/msg/detail/gui_camera__rosidl_typesupport_fastrtps_c.h" "/home/dia/ros2_ws/src/build/ros_gz_interfaces/rosidl_typesupport_fastrtps_c/ros_gz_interfaces/msg/detail/gui_camera__type_support_c.cpp" "/home/dia/ros2_ws/src/build/ros_gz_interfaces/rosidl_typesupport_fastrtps_c/ros_gz_interfaces/msg/detail/joint_wrench__rosidl_typesupport_fastrtps_c.h" "/home/dia/ros2_ws/src/build/ros_gz_interfaces/rosidl_typesupport_fastrtps_c/ros_gz_interfaces/msg/detail/joint_wrench__type_support_c.cpp" "/home/dia/ros2_ws/src/build/ros_gz_interfaces/rosidl_typesupport_fastrtps_c/ros_gz_interfaces/msg/detail/light__rosidl_typesupport_fastrtps_c.h" "/home/dia/ros2_ws/src/build/ros_gz_interfaces/rosidl_typesupport_fastrtps_c/ros_gz_interfaces/msg/detail/light__type_support_c.cpp" "/home/dia/ros2_ws/src/build/ros_gz_interfaces/rosidl_typesupport_fastrtps_c/ros_gz_interfaces/msg/detail/material_color__rosidl_typesupport_fastrtps_c.h" "/home/dia/ros2_ws/src/build/ros_gz_interfaces/rosidl_typesupport_fastrtps_c/ros_gz_interfaces/msg/detail/material_color__type_support_c.cpp" "/home/dia/ros2_ws/src/build/ros_gz_interfaces/rosidl_typesupport_fastrtps_c/ros_gz_interfaces/msg/detail/param_vec__rosidl_typesupport_fastrtps_c.h" "/home/dia/ros2_ws/src/build/ros_gz_interfaces/rosidl_typesupport_fastrtps_c/ros_gz_interfaces/msg/detail/param_vec__type_support_c.cpp" "/home/dia/ros2_ws/src/build/ros_gz_interfaces/rosidl_typesupport_fastrtps_c/ros_gz_interfaces/msg/detail/sensor_noise__rosidl_typesupport_fastrtps_c.h" "/home/dia/ros2_ws/src/build/ros_gz_interfaces/rosidl_typesupport_fastrtps_c/ros_gz_interfaces/msg/detail/sensor_noise__type_support_c.cpp" "/home/dia/ros2_ws/src/build/ros_gz_interfaces/rosidl_typesupport_fastrtps_c/ros_gz_interfaces/msg/detail/string_vec__rosidl_typesupport_fastrtps_c.h" "/home/dia/ros2_ws/src/build/ros_gz_interfaces/rosidl_typesupport_fastrtps_c/ros_gz_interfaces/msg/detail/string_vec__type_support_c.cpp" "/home/dia/ros2_ws/src/build/ros_gz_interfaces/rosidl_typesupport_fastrtps_c/ros_gz_interfaces/msg/detail/track_visual__rosidl_typesupport_fastrtps_c.h" "/home/dia/ros2_ws/src/build/ros_gz_interfaces/rosidl_typesupport_fastrtps_c/ros_gz_interfaces/msg/detail/track_visual__type_support_c.cpp" "/home/dia/ros2_ws/src/build/ros_gz_interfaces/rosidl_typesupport_fastrtps_c/ros_gz_interfaces/msg/detail/video_record__rosidl_typesupport_fastrtps_c.h" "/home/dia/ros2_ws/src/build/ros_gz_interfaces/rosidl_typesupport_fastrtps_c/ros_gz_interfaces/msg/detail/video_record__type_support_c.cpp" "/home/dia/ros2_ws/src/build/ros_gz_interfaces/rosidl_typesupport_fastrtps_c/ros_gz_interfaces/msg/detail/world_control__rosidl_typesupport_fastrtps_c.h" "/home/dia/ros2_ws/src/build/ros_gz_interfaces/rosidl_typesupport_fastrtps_c/ros_gz_interfaces/msg/detail/world_control__type_support_c.cpp" "/home/dia/ros2_ws/src/build/ros_gz_interfaces/rosidl_typesupport_fastrtps_c/ros_gz_interfaces/msg/detail/world_reset__rosidl_typesupport_fastrtps_c.h" "/home/dia/ros2_ws/src/build/ros_gz_interfaces/rosidl_typesupport_fastrtps_c/ros_gz_interfaces/msg/detail/world_reset__type_support_c.cpp" "/home/dia/ros2_ws/src/build/ros_gz_interfaces/rosidl_typesupport_fastrtps_c/ros_gz_interfaces/srv/detail/control_world__rosidl_typesupport_fastrtps_c.h" "/home/dia/ros2_ws/src/build/ros_gz_interfaces/rosidl_typesupport_fastrtps_c/ros_gz_interfaces/srv/detail/control_world__type_support_c.cpp" "/home/dia/ros2_ws/src/build/ros_gz_interfaces/rosidl_typesupport_fastrtps_c/ros_gz_interfaces/srv/detail/delete_entity__rosidl_typesupport_fastrtps_c.h" "/home/dia/ros2_ws/src/build/ros_gz_interfaces/rosidl_typesupport_fastrtps_c/ros_gz_interfaces/srv/detail/delete_entity__type_support_c.cpp" "/home/dia/ros2_ws/src/build/ros_gz_interfaces/rosidl_typesupport_fastrtps_c/ros_gz_interfaces/srv/detail/set_entity_pose__rosidl_typesupport_fastrtps_c.h" "/home/dia/ros2_ws/src/build/ros_gz_interfaces/rosidl_typesupport_fastrtps_c/ros_gz_interfaces/srv/detail/set_entity_pose__type_support_c.cpp" "/home/dia/ros2_ws/src/build/ros_gz_interfaces/rosidl_typesupport_fastrtps_c/ros_gz_interfaces/srv/detail/spawn_entity__rosidl_typesupport_fastrtps_c.h" "/home/dia/ros2_ws/src/build/ros_gz_interfaces/rosidl_typesupport_fastrtps_c/ros_gz_interfaces/srv/detail/spawn_entity__type_support_c.cpp"</FullCommandLine>
			<Results>
				<NamedMeasurement type="text/string" name="Exit Code">
					<Value>Failed</Value>
				</NamedMeasurement>
				<NamedMeasurement type="text/string" name="Exit Value">
					<Value>1</Value>
				</NamedMeasurement>
				<NamedMeasurement type="numeric/double" name="Execution Time">
					<Value>0.35544</Value>
				</NamedMeasurement>
				<NamedMeasurement type="numeric/double" name="Processors">
					<Value>1</Value>
				</NamedMeasurement>
				<NamedMeasurement type="text/string" name="Completion Status">
					<Value>Completed</Value>
				</NamedMeasurement>
				<NamedMeasurement type="text/string" name="Command Line">
					<Value>/usr/bin/python3.10 "-u" "/opt/ros/iron/share/ament_cmake_test/cmake/run_test.py" "/home/dia/ros2_ws/src/build/ros_gz_interfaces/test_results/ros_gz_interfaces/cpplint_rosidl_typesupport_fastrtps_c.xunit.xml" "--package-name" "ros_gz_interfaces" "--output-file" "/home/dia/ros2_ws/src/build/ros_gz_interfaces/ament_cpplint/cpplint_rosidl_typesupport_fastrtps_c.txt" "--command" "/opt/ros/iron/bin/ament_cpplint" "--xunit-file" "/home/dia/ros2_ws/src/build/ros_gz_interfaces/test_results/ros_gz_interfaces/cpplint_rosidl_typesupport_fastrtps_c.xunit.xml" "--linelength" "999" "--root" "/home/dia/ros2_ws/src/build/ros_gz_interfaces/rosidl_typesupport_fastrtps_c" "/home/dia/ros2_ws/src/build/ros_gz_interfaces/rosidl_typesupport_fastrtps_c/ros_gz_interfaces/msg/detail/altimeter__rosidl_typesupport_fastrtps_c.h" "/home/dia/ros2_ws/src/build/ros_gz_interfaces/rosidl_typesupport_fastrtps_c/ros_gz_interfaces/msg/detail/altimeter__type_support_c.cpp" "/home/dia/ros2_ws/src/build/ros_gz_interfaces/rosidl_typesupport_fastrtps_c/ros_gz_interfaces/msg/detail/contact__rosidl_typesupport_fastrtps_c.h" "/home/dia/ros2_ws/src/build/ros_gz_interfaces/rosidl_typesupport_fastrtps_c/ros_gz_interfaces/msg/detail/contact__type_support_c.cpp" "/home/dia/ros2_ws/src/build/ros_gz_interfaces/rosidl_typesupport_fastrtps_c/ros_gz_interfaces/msg/detail/contacts__rosidl_typesupport_fastrtps_c.h" "/home/dia/ros2_ws/src/build/ros_gz_interfaces/rosidl_typesupport_fastrtps_c/ros_gz_interfaces/msg/detail/contacts__type_support_c.cpp" "/home/dia/ros2_ws/src/build/ros_gz_interfaces/rosidl_typesupport_fastrtps_c/ros_gz_interfaces/msg/detail/dataframe__rosidl_typesupport_fastrtps_c.h" "/home/dia/ros2_ws/src/build/ros_gz_interfaces/rosidl_typesupport_fastrtps_c/ros_gz_interfaces/msg/detail/dataframe__type_support_c.cpp" "/home/dia/ros2_ws/src/build/ros_gz_interfaces/rosidl_typesupport_fastrtps_c/ros_gz_interfaces/msg/detail/entity__rosidl_typesupport_fastrtps_c.h" "/home/dia/ros2_ws/src/build/ros_gz_interfaces/rosidl_typesupport_fastrtps_c/ros_gz_interfaces/msg/detail/entity__type_support_c.cpp" "/home/dia/ros2_ws/src/build/ros_gz_interfaces/rosidl_typesupport_fastrtps_c/ros_gz_interfaces/msg/detail/entity_factory__rosidl_typesupport_fastrtps_c.h" "/home/dia/ros2_ws/src/build/ros_gz_interfaces/rosidl_typesupport_fastrtps_c/ros_gz_interfaces/msg/detail/entity_factory__type_support_c.cpp" "/home/dia/ros2_ws/src/build/ros_gz_interfaces/rosidl_typesupport_fastrtps_c/ros_gz_interfaces/msg/detail/entity_wrench__rosidl_typesupport_fastrtps_c.h" "/home/dia/ros2_ws/src/build/ros_gz_interfaces/rosidl_typesupport_fastrtps_c/ros_gz_interfaces/msg/detail/entity_wrench__type_support_c.cpp" "/home/dia/ros2_ws/src/build/ros_gz_interfaces/rosidl_typesupport_fastrtps_c/ros_gz_interfaces/msg/detail/float32_array__rosidl_typesupport_fastrtps_c.h" "/home/dia/ros2_ws/src/build/ros_gz_interfaces/rosidl_typesupport_fastrtps_c/ros_gz_interfaces/msg/detail/float32_array__type_support_c.cpp" "/home/dia/ros2_ws/src/build/ros_gz_interfaces/rosidl_typesupport_fastrtps_c/ros_gz_interfaces/msg/detail/gui_camera__rosidl_typesupport_fastrtps_c.h" "/home/dia/ros2_ws/src/build/ros_gz_interfaces/rosidl_typesupport_fastrtps_c/ros_gz_interfaces/msg/detail/gui_camera__type_support_c.cpp" "/home/dia/ros2_ws/src/build/ros_gz_interfaces/rosidl_typesupport_fastrtps_c/ros_gz_interfaces/msg/detail/joint_wrench__rosidl_typesupport_fastrtps_c.h" "/home/dia/ros2_ws/src/build/ros_gz_interfaces/rosidl_typesupport_fastrtps_c/ros_gz_interfaces/msg/detail/joint_wrench__type_support_c.cpp" "/home/dia/ros2_ws/src/build/ros_gz_interfaces/rosidl_typesupport_fastrtps_c/ros_gz_interfaces/msg/detail/light__rosidl_typesupport_fastrtps_c.h" "/home/dia/ros2_ws/src/build/ros_gz_interfaces/rosidl_typesupport_fastrtps_c/ros_gz_interfaces/msg/detail/light__type_support_c.cpp" "/home/dia/ros2_ws/src/build/ros_gz_interfaces/rosidl_typesupport_fastrtps_c/ros_gz_interfaces/msg/detail/material_color__rosidl_typesupport_fastrtps_c.h" "/home/dia/ros2_ws/src/build/ros_gz_interfaces/rosidl_typesupport_fastrtps_c/ros_gz_interfaces/msg/detail/material_color__type_support_c.cpp" "/home/dia/ros2_ws/src/build/ros_gz_interfaces/rosidl_typesupport_fastrtps_c/ros_gz_interfaces/msg/detail/param_vec__rosidl_typesupport_fastrtps_c.h" "/home/dia/ros2_ws/src/build/ros_gz_interfaces/rosidl_typesupport_fastrtps_c/ros_gz_interfaces/msg/detail/param_vec__type_support_c.cpp" "/home/dia/ros2_ws/src/build/ros_gz_interfaces/rosidl_typesupport_fastrtps_c/ros_gz_interfaces/msg/detail/sensor_noise__rosidl_typesupport_fastrtps_c.h" "/home/dia/ros2_ws/src/build/ros_gz_interfaces/rosidl_typesupport_fastrtps_c/ros_gz_interfaces/msg/detail/sensor_noise__type_support_c.cpp" "/home/dia/ros2_ws/src/build/ros_gz_interfaces/rosidl_typesupport_fastrtps_c/ros_gz_interfaces/msg/detail/string_vec__rosidl_typesupport_fastrtps_c.h" "/home/dia/ros2_ws/src/build/ros_gz_interfaces/rosidl_typesupport_fastrtps_c/ros_gz_interfaces/msg/detail/string_vec__type_support_c.cpp" "/home/dia/ros2_ws/src/build/ros_gz_interfaces/rosidl_typesupport_fastrtps_c/ros_gz_interfaces/msg/detail/track_visual__rosidl_typesupport_fastrtps_c.h" "/home/dia/ros2_ws/src/build/ros_gz_interfaces/rosidl_typesupport_fastrtps_c/ros_gz_interfaces/msg/detail/track_visual__type_support_c.cpp" "/home/dia/ros2_ws/src/build/ros_gz_interfaces/rosidl_typesupport_fastrtps_c/ros_gz_interfaces/msg/detail/video_record__rosidl_typesupport_fastrtps_c.h" "/home/dia/ros2_ws/src/build/ros_gz_interfaces/rosidl_typesupport_fastrtps_c/ros_gz_interfaces/msg/detail/video_record__type_support_c.cpp" "/home/dia/ros2_ws/src/build/ros_gz_interfaces/rosidl_typesupport_fastrtps_c/ros_gz_interfaces/msg/detail/world_control__rosidl_typesupport_fastrtps_c.h" "/home/dia/ros2_ws/src/build/ros_gz_interfaces/rosidl_typesupport_fastrtps_c/ros_gz_interfaces/msg/detail/world_control__type_support_c.cpp" "/home/dia/ros2_ws/src/build/ros_gz_interfaces/rosidl_typesupport_fastrtps_c/ros_gz_interfaces/msg/detail/world_reset__rosidl_typesupport_fastrtps_c.h" "/home/dia/ros2_ws/src/build/ros_gz_interfaces/rosidl_typesupport_fastrtps_c/ros_gz_interfaces/msg/detail/world_reset__type_support_c.cpp" "/home/dia/ros2_ws/src/build/ros_gz_interfaces/rosidl_typesupport_fastrtps_c/ros_gz_interfaces/srv/detail/control_world__rosidl_typesupport_fastrtps_c.h" "/home/dia/ros2_ws/src/build/ros_gz_interfaces/rosidl_typesupport_fastrtps_c/ros_gz_interfaces/srv/detail/control_world__type_support_c.cpp" "/home/dia/ros2_ws/src/build/ros_gz_interfaces/rosidl_typesupport_fastrtps_c/ros_gz_interfaces/srv/detail/delete_entity__rosidl_typesupport_fastrtps_c.h" "/home/dia/ros2_ws/src/build/ros_gz_interfaces/rosidl_typesupport_fastrtps_c/ros_gz_interfaces/srv/detail/delete_entity__type_support_c.cpp" "/home/dia/ros2_ws/src/build/ros_gz_interfaces/rosidl_typesupport_fastrtps_c/ros_gz_interfaces/srv/detail/set_entity_pose__rosidl_typesupport_fastrtps_c.h" "/home/dia/ros2_ws/src/build/ros_gz_interfaces/rosidl_typesupport_fastrtps_c/ros_gz_interfaces/srv/detail/set_entity_pose__type_support_c.cpp" "/home/dia/ros2_ws/src/build/ros_gz_interfaces/rosidl_typesupport_fastrtps_c/ros_gz_interfaces/srv/detail/spawn_entity__rosidl_typesupport_fastrtps_c.h" "/home/dia/ros2_ws/src/build/ros_gz_interfaces/rosidl_typesupport_fastrtps_c/ros_gz_interfaces/srv/detail/spawn_entity__type_support_c.cpp"</Value>
				</NamedMeasurement>
				<NamedMeasurement type="text/string" name="Environment">
					<Value>#CTEST_RESOURCE_GROUP_COUNT=</Value>
				</NamedMeasurement>
				<Measurement>
					<Value>-- run_test.py: invoking following command in '/home/dia/ros2_ws/src/ros_gz/ros_gz_interfaces':
 - /opt/ros/iron/bin/ament_cpplint --xunit-file /home/dia/ros2_ws/src/build/ros_gz_interfaces/test_results/ros_gz_interfaces/cpplint_rosidl_typesupport_fastrtps_c.xunit.xml --linelength 999 --root /home/dia/ros2_ws/src/build/ros_gz_interfaces/rosidl_typesupport_fastrtps_c /home/dia/ros2_ws/src/build/ros_gz_interfaces/rosidl_typesupport_fastrtps_c/ros_gz_interfaces/msg/detail/altimeter__rosidl_typesupport_fastrtps_c.h /home/dia/ros2_ws/src/build/ros_gz_interfaces/rosidl_typesupport_fastrtps_c/ros_gz_interfaces/msg/detail/altimeter__type_support_c.cpp /home/dia/ros2_ws/src/build/ros_gz_interfaces/rosidl_typesupport_fastrtps_c/ros_gz_interfaces/msg/detail/contact__rosidl_typesupport_fastrtps_c.h /home/dia/ros2_ws/src/build/ros_gz_interfaces/rosidl_typesupport_fastrtps_c/ros_gz_interfaces/msg/detail/contact__type_support_c.cpp /home/dia/ros2_ws/src/build/ros_gz_interfaces/rosidl_typesupport_fastrtps_c/ros_gz_interfaces/msg/detail/contacts__rosidl_typesupport_fastrtps_c.h /home/dia/ros2_ws/src/build/ros_gz_interfaces/rosidl_typesupport_fastrtps_c/ros_gz_interfaces/msg/detail/contacts__type_support_c.cpp /home/dia/ros2_ws/src/build/ros_gz_interfaces/rosidl_typesupport_fastrtps_c/ros_gz_interfaces/msg/detail/dataframe__rosidl_typesupport_fastrtps_c.h /home/dia/ros2_ws/src/build/ros_gz_interfaces/rosidl_typesupport_fastrtps_c/ros_gz_interfaces/msg/detail/dataframe__type_support_c.cpp /home/dia/ros2_ws/src/build/ros_gz_interfaces/rosidl_typesupport_fastrtps_c/ros_gz_interfaces/msg/detail/entity__rosidl_typesupport_fastrtps_c.h /home/dia/ros2_ws/src/build/ros_gz_interfaces/rosidl_typesupport_fastrtps_c/ros_gz_interfaces/msg/detail/entity__type_support_c.cpp /home/dia/ros2_ws/src/build/ros_gz_interfaces/rosidl_typesupport_fastrtps_c/ros_gz_interfaces/msg/detail/entity_factory__rosidl_typesupport_fastrtps_c.h /home/dia/ros2_ws/src/build/ros_gz_interfaces/rosidl_typesupport_fastrtps_c/ros_gz_interfaces/msg/detail/entity_factory__type_support_c.cpp /home/dia/ros2_ws/src/build/ros_gz_interfaces/rosidl_typesupport_fastrtps_c/ros_gz_interfaces/msg/detail/entity_wrench__rosidl_typesupport_fastrtps_c.h /home/dia/ros2_ws/src/build/ros_gz_interfaces/rosidl_typesupport_fastrtps_c/ros_gz_interfaces/msg/detail/entity_wrench__type_support_c.cpp /home/dia/ros2_ws/src/build/ros_gz_interfaces/rosidl_typesupport_fastrtps_c/ros_gz_interfaces/msg/detail/float32_array__rosidl_typesupport_fastrtps_c.h /home/dia/ros2_ws/src/build/ros_gz_interfaces/rosidl_typesupport_fastrtps_c/ros_gz_interfaces/msg/detail/float32_array__type_support_c.cpp /home/dia/ros2_ws/src/build/ros_gz_interfaces/rosidl_typesupport_fastrtps_c/ros_gz_interfaces/msg/detail/gui_camera__rosidl_typesupport_fastrtps_c.h /home/dia/ros2_ws/src/build/ros_gz_interfaces/rosidl_typesupport_fastrtps_c/ros_gz_interfaces/msg/detail/gui_camera__type_support_c.cpp /home/dia/ros2_ws/src/build/ros_gz_interfaces/rosidl_typesupport_fastrtps_c/ros_gz_interfaces/msg/detail/joint_wrench__rosidl_typesupport_fastrtps_c.h /home/dia/ros2_ws/src/build/ros_gz_interfaces/rosidl_typesupport_fastrtps_c/ros_gz_interfaces/msg/detail/joint_wrench__type_support_c.cpp /home/dia/ros2_ws/src/build/ros_gz_interfaces/rosidl_typesupport_fastrtps_c/ros_gz_interfaces/msg/detail/light__rosidl_typesupport_fastrtps_c.h /home/dia/ros2_ws/src/build/ros_gz_interfaces/rosidl_typesupport_fastrtps_c/ros_gz_interfaces/msg/detail/light__type_support_c.cpp /home/dia/ros2_ws/src/build/ros_gz_interfaces/rosidl_typesupport_fastrtps_c/ros_gz_interfaces/msg/detail/material_color__rosidl_typesupport_fastrtps_c.h /home/dia/ros2_ws/src/build/ros_gz_interfaces/rosidl_typesupport_fastrtps_c/ros_gz_interfaces/msg/detail/material_color__type_support_c.cpp /home/dia/ros2_ws/src/build/ros_gz_interfaces/rosidl_typesupport_fastrtps_c/ros_gz_interfaces/msg/detail/param_vec__rosidl_typesupport_fastrtps_c.h /home/dia/ros2_ws/src/build/ros_gz_interfaces/rosidl_typesupport_fastrtps_c/ros_gz_interfaces/msg/detail/param_vec__type_support_c.cpp /home/dia/ros2_ws/src/build/ros_gz_interfaces/rosidl_typesupport_fastrtps_c/ros_gz_interfaces/msg/detail/sensor_noise__rosidl_typesupport_fastrtps_c.h /home/dia/ros2_ws/src/build/ros_gz_interfaces/rosidl_typesupport_fastrtps_c/ros_gz_interfaces/msg/detail/sensor_noise__type_support_c.cpp /home/dia/ros2_ws/src/build/ros_gz_interfaces/rosidl_typesupport_fastrtps_c/ros_gz_interfaces/msg/detail/string_vec__rosidl_typesupport_fastrtps_c.h /home/dia/ros2_ws/src/build/ros_gz_interfaces/rosidl_typesupport_fastrtps_c/ros_gz_interfaces/msg/detail/string_vec__type_support_c.cpp /home/dia/ros2_ws/src/build/ros_gz_interfaces/rosidl_typesupport_fastrtps_c/ros_gz_interfaces/msg/detail/track_visual__rosidl_typesupport_fastrtps_c.h /home/dia/ros2_ws/src/build/ros_gz_interfaces/rosidl_typesupport_fastrtps_c/ros_gz_interfaces/msg/detail/track_visual__type_support_c.cpp /home/dia/ros2_ws/src/build/ros_gz_interfaces/rosidl_typesupport_fastrtps_c/ros_gz_interfaces/msg/detail/video_record__rosidl_typesupport_fastrtps_c.h /home/dia/ros2_ws/src/build/ros_gz_interfaces/rosidl_typesupport_fastrtps_c/ros_gz_interfaces/msg/detail/video_record__type_support_c.cpp /home/dia/ros2_ws/src/build/ros_gz_interfaces/rosidl_typesupport_fastrtps_c/ros_gz_interfaces/msg/detail/world_control__rosidl_typesupport_fastrtps_c.h /home/dia/ros2_ws/src/build/ros_gz_interfaces/rosidl_typesupport_fastrtps_c/ros_gz_interfaces/msg/detail/world_control__type_support_c.cpp /home/dia/ros2_ws/src/build/ros_gz_interfaces/rosidl_typesupport_fastrtps_c/ros_gz_interfaces/msg/detail/world_reset__rosidl_typesupport_fastrtps_c.h /home/dia/ros2_ws/src/build/ros_gz_interfaces/rosidl_typesupport_fastrtps_c/ros_gz_interfaces/msg/detail/world_reset__type_support_c.cpp /home/dia/ros2_ws/src/build/ros_gz_interfaces/rosidl_typesupport_fastrtps_c/ros_gz_interfaces/srv/detail/control_world__rosidl_typesupport_fastrtps_c.h /home/dia/ros2_ws/src/build/ros_gz_interfaces/rosidl_typesupport_fastrtps_c/ros_gz_interfaces/srv/detail/control_world__type_support_c.cpp /home/dia/ros2_ws/src/build/ros_gz_interfaces/rosidl_typesupport_fastrtps_c/ros_gz_interfaces/srv/detail/delete_entity__rosidl_typesupport_fastrtps_c.h /home/dia/ros2_ws/src/build/ros_gz_interfaces/rosidl_typesupport_fastrtps_c/ros_gz_interfaces/srv/detail/delete_entity__type_support_c.cpp /home/dia/ros2_ws/src/build/ros_gz_interfaces/rosidl_typesupport_fastrtps_c/ros_gz_interfaces/srv/detail/set_entity_pose__rosidl_typesupport_fastrtps_c.h /home/dia/ros2_ws/src/build/ros_gz_interfaces/rosidl_typesupport_fastrtps_c/ros_gz_interfaces/srv/detail/set_entity_pose__type_support_c.cpp /home/dia/ros2_ws/src/build/ros_gz_interfaces/rosidl_typesupport_fastrtps_c/ros_gz_interfaces/srv/detail/spawn_entity__rosidl_typesupport_fastrtps_c.h /home/dia/ros2_ws/src/build/ros_gz_interfaces/rosidl_typesupport_fastrtps_c/ros_gz_interfaces/srv/detail/spawn_entity__type_support_c.cpp
No files found
-- run_test.py: return code 1
-- run_test.py: generate result file '/home/dia/ros2_ws/src/build/ros_gz_interfaces/test_results/ros_gz_interfaces/cpplint_rosidl_typesupport_fastrtps_c.xunit.xml' with failed test
-- run_test.py: verify result file '/home/dia/ros2_ws/src/build/ros_gz_interfaces/test_results/ros_gz_interfaces/cpplint_rosidl_typesupport_fastrtps_c.xunit.xml'
</Value>
				</Measurement>
			</Results>
			<Labels>
				<Label>cpplint</Label>
				<Label>linter</Label>
			</Labels>
		</Test>
		<Test Status="failed">
			<Name>uncrustify_rosidl_typesupport_fastrtps_c</Name>
			<Path>.</Path>
			<FullName>./uncrustify_rosidl_typesupport_fastrtps_c</FullName>
			<FullCommandLine>/usr/bin/python3.10 "-u" "/opt/ros/iron/share/ament_cmake_test/cmake/run_test.py" "/home/dia/ros2_ws/src/build/ros_gz_interfaces/test_results/ros_gz_interfaces/uncrustify_rosidl_typesupport_fastrtps_c.xunit.xml" "--package-name" "ros_gz_interfaces" "--output-file" "/home/dia/ros2_ws/src/build/ros_gz_interfaces/ament_uncrustify/uncrustify_rosidl_typesupport_fastrtps_c.txt" "--command" "/opt/ros/iron/bin/ament_uncrustify" "--xunit-file" "/home/dia/ros2_ws/src/build/ros_gz_interfaces/test_results/ros_gz_interfaces/uncrustify_rosidl_typesupport_fastrtps_c.xunit.xml" "--linelength" "0" "/home/dia/ros2_ws/src/build/ros_gz_interfaces/rosidl_typesupport_fastrtps_c/ros_gz_interfaces/msg/detail/altimeter__rosidl_typesupport_fastrtps_c.h" "/home/dia/ros2_ws/src/build/ros_gz_interfaces/rosidl_typesupport_fastrtps_c/ros_gz_interfaces/msg/detail/altimeter__type_support_c.cpp" "/home/dia/ros2_ws/src/build/ros_gz_interfaces/rosidl_typesupport_fastrtps_c/ros_gz_interfaces/msg/detail/contact__rosidl_typesupport_fastrtps_c.h" "/home/dia/ros2_ws/src/build/ros_gz_interfaces/rosidl_typesupport_fastrtps_c/ros_gz_interfaces/msg/detail/contact__type_support_c.cpp" "/home/dia/ros2_ws/src/build/ros_gz_interfaces/rosidl_typesupport_fastrtps_c/ros_gz_interfaces/msg/detail/contacts__rosidl_typesupport_fastrtps_c.h" "/home/dia/ros2_ws/src/build/ros_gz_interfaces/rosidl_typesupport_fastrtps_c/ros_gz_interfaces/msg/detail/contacts__type_support_c.cpp" "/home/dia/ros2_ws/src/build/ros_gz_interfaces/rosidl_typesupport_fastrtps_c/ros_gz_interfaces/msg/detail/dataframe__rosidl_typesupport_fastrtps_c.h" "/home/dia/ros2_ws/src/build/ros_gz_interfaces/rosidl_typesupport_fastrtps_c/ros_gz_interfaces/msg/detail/dataframe__type_support_c.cpp" "/home/dia/ros2_ws/src/build/ros_gz_interfaces/rosidl_typesupport_fastrtps_c/ros_gz_interfaces/msg/detail/entity__rosidl_typesupport_fastrtps_c.h" "/home/dia/ros2_ws/src/build/ros_gz_interfaces/rosidl_typesupport_fastrtps_c/ros_gz_interfaces/msg/detail/entity__type_support_c.cpp" "/home/dia/ros2_ws/src/build/ros_gz_interfaces/rosidl_typesupport_fastrtps_c/ros_gz_interfaces/msg/detail/entity_factory__rosidl_typesupport_fastrtps_c.h" "/home/dia/ros2_ws/src/build/ros_gz_interfaces/rosidl_typesupport_fastrtps_c/ros_gz_interfaces/msg/detail/entity_factory__type_support_c.cpp" "/home/dia/ros2_ws/src/build/ros_gz_interfaces/rosidl_typesupport_fastrtps_c/ros_gz_interfaces/msg/detail/entity_wrench__rosidl_typesupport_fastrtps_c.h" "/home/dia/ros2_ws/src/build/ros_gz_interfaces/rosidl_typesupport_fastrtps_c/ros_gz_interfaces/msg/detail/entity_wrench__type_support_c.cpp" "/home/dia/ros2_ws/src/build/ros_gz_interfaces/rosidl_typesupport_fastrtps_c/ros_gz_interfaces/msg/detail/float32_array__rosidl_typesupport_fastrtps_c.h" "/home/dia/ros2_ws/src/build/ros_gz_interfaces/rosidl_typesupport_fastrtps_c/ros_gz_interfaces/msg/detail/float32_array__type_support_c.cpp" "/home/dia/ros2_ws/src/build/ros_gz_interfaces/rosidl_typesupport_fastrtps_c/ros_gz_interfaces/msg/detail/gui_camera__rosidl_typesupport_fastrtps_c.h" "/home/dia/ros2_ws/src/build/ros_gz_interfaces/rosidl_typesupport_fastrtps_c/ros_gz_interfaces/msg/detail/gui_camera__type_support_c.cpp" "/home/dia/ros2_ws/src/build/ros_gz_interfaces/rosidl_typesupport_fastrtps_c/ros_gz_interfaces/msg/detail/joint_wrench__rosidl_typesupport_fastrtps_c.h" "/home/dia/ros2_ws/src/build/ros_gz_interfaces/rosidl_typesupport_fastrtps_c/ros_gz_interfaces/msg/detail/joint_wrench__type_support_c.cpp" "/home/dia/ros2_ws/src/build/ros_gz_interfaces/rosidl_typesupport_fastrtps_c/ros_gz_interfaces/msg/detail/light__rosidl_typesupport_fastrtps_c.h" "/home/dia/ros2_ws/src/build/ros_gz_interfaces/rosidl_typesupport_fastrtps_c/ros_gz_interfaces/msg/detail/light__type_support_c.cpp" "/home/dia/ros2_ws/src/build/ros_gz_interfaces/rosidl_typesupport_fastrtps_c/ros_gz_interfaces/msg/detail/material_color__rosidl_typesupport_fastrtps_c.h" "/home/dia/ros2_ws/src/build/ros_gz_interfaces/rosidl_typesupport_fastrtps_c/ros_gz_interfaces/msg/detail/material_color__type_support_c.cpp" "/home/dia/ros2_ws/src/build/ros_gz_interfaces/rosidl_typesupport_fastrtps_c/ros_gz_interfaces/msg/detail/param_vec__rosidl_typesupport_fastrtps_c.h" "/home/dia/ros2_ws/src/build/ros_gz_interfaces/rosidl_typesupport_fastrtps_c/ros_gz_interfaces/msg/detail/param_vec__type_support_c.cpp" "/home/dia/ros2_ws/src/build/ros_gz_interfaces/rosidl_typesupport_fastrtps_c/ros_gz_interfaces/msg/detail/sensor_noise__rosidl_typesupport_fastrtps_c.h" "/home/dia/ros2_ws/src/build/ros_gz_interfaces/rosidl_typesupport_fastrtps_c/ros_gz_interfaces/msg/detail/sensor_noise__type_support_c.cpp" "/home/dia/ros2_ws/src/build/ros_gz_interfaces/rosidl_typesupport_fastrtps_c/ros_gz_interfaces/msg/detail/string_vec__rosidl_typesupport_fastrtps_c.h" "/home/dia/ros2_ws/src/build/ros_gz_interfaces/rosidl_typesupport_fastrtps_c/ros_gz_interfaces/msg/detail/string_vec__type_support_c.cpp" "/home/dia/ros2_ws/src/build/ros_gz_interfaces/rosidl_typesupport_fastrtps_c/ros_gz_interfaces/msg/detail/track_visual__rosidl_typesupport_fastrtps_c.h" "/home/dia/ros2_ws/src/build/ros_gz_interfaces/rosidl_typesupport_fastrtps_c/ros_gz_interfaces/msg/detail/track_visual__type_support_c.cpp" "/home/dia/ros2_ws/src/build/ros_gz_interfaces/rosidl_typesupport_fastrtps_c/ros_gz_interfaces/msg/detail/video_record__rosidl_typesupport_fastrtps_c.h" "/home/dia/ros2_ws/src/build/ros_gz_interfaces/rosidl_typesupport_fastrtps_c/ros_gz_interfaces/msg/detail/video_record__type_support_c.cpp" "/home/dia/ros2_ws/src/build/ros_gz_interfaces/rosidl_typesupport_fastrtps_c/ros_gz_interfaces/msg/detail/world_control__rosidl_typesupport_fastrtps_c.h" "/home/dia/ros2_ws/src/build/ros_gz_interfaces/rosidl_typesupport_fastrtps_c/ros_gz_interfaces/msg/detail/world_control__type_support_c.cpp" "/home/dia/ros2_ws/src/build/ros_gz_interfaces/rosidl_typesupport_fastrtps_c/ros_gz_interfaces/msg/detail/world_reset__rosidl_typesupport_fastrtps_c.h" "/home/dia/ros2_ws/src/build/ros_gz_interfaces/rosidl_typesupport_fastrtps_c/ros_gz_interfaces/msg/detail/world_reset__type_support_c.cpp" "/home/dia/ros2_ws/src/build/ros_gz_interfaces/rosidl_typesupport_fastrtps_c/ros_gz_interfaces/srv/detail/control_world__rosidl_typesupport_fastrtps_c.h" "/home/dia/ros2_ws/src/build/ros_gz_interfaces/rosidl_typesupport_fastrtps_c/ros_gz_interfaces/srv/detail/control_world__type_support_c.cpp" "/home/dia/ros2_ws/src/build/ros_gz_interfaces/rosidl_typesupport_fastrtps_c/ros_gz_interfaces/srv/detail/delete_entity__rosidl_typesupport_fastrtps_c.h" "/home/dia/ros2_ws/src/build/ros_gz_interfaces/rosidl_typesupport_fastrtps_c/ros_gz_interfaces/srv/detail/delete_entity__type_support_c.cpp" "/home/dia/ros2_ws/src/build/ros_gz_interfaces/rosidl_typesupport_fastrtps_c/ros_gz_interfaces/srv/detail/set_entity_pose__rosidl_typesupport_fastrtps_c.h" "/home/dia/ros2_ws/src/build/ros_gz_interfaces/rosidl_typesupport_fastrtps_c/ros_gz_interfaces/srv/detail/set_entity_pose__type_support_c.cpp" "/home/dia/ros2_ws/src/build/ros_gz_interfaces/rosidl_typesupport_fastrtps_c/ros_gz_interfaces/srv/detail/spawn_entity__rosidl_typesupport_fastrtps_c.h" "/home/dia/ros2_ws/src/build/ros_gz_interfaces/rosidl_typesupport_fastrtps_c/ros_gz_interfaces/srv/detail/spawn_entity__type_support_c.cpp"</FullCommandLine>
			<Results>
				<NamedMeasurement type="text/string" name="Exit Code">
					<Value>Failed</Value>
				</NamedMeasurement>
				<NamedMeasurement type="text/string" name="Exit Value">
					<Value>1</Value>
				</NamedMeasurement>
				<NamedMeasurement type="numeric/double" name="Execution Time">
					<Value>0.351545</Value>
				</NamedMeasurement>
				<NamedMeasurement type="numeric/double" name="Processors">
					<Value>1</Value>
				</NamedMeasurement>
				<NamedMeasurement type="text/string" name="Completion Status">
					<Value>Completed</Value>
				</NamedMeasurement>
				<NamedMeasurement type="text/string" name="Command Line">
					<Value>/usr/bin/python3.10 "-u" "/opt/ros/iron/share/ament_cmake_test/cmake/run_test.py" "/home/dia/ros2_ws/src/build/ros_gz_interfaces/test_results/ros_gz_interfaces/uncrustify_rosidl_typesupport_fastrtps_c.xunit.xml" "--package-name" "ros_gz_interfaces" "--output-file" "/home/dia/ros2_ws/src/build/ros_gz_interfaces/ament_uncrustify/uncrustify_rosidl_typesupport_fastrtps_c.txt" "--command" "/opt/ros/iron/bin/ament_uncrustify" "--xunit-file" "/home/dia/ros2_ws/src/build/ros_gz_interfaces/test_results/ros_gz_interfaces/uncrustify_rosidl_typesupport_fastrtps_c.xunit.xml" "--linelength" "0" "/home/dia/ros2_ws/src/build/ros_gz_interfaces/rosidl_typesupport_fastrtps_c/ros_gz_interfaces/msg/detail/altimeter__rosidl_typesupport_fastrtps_c.h" "/home/dia/ros2_ws/src/build/ros_gz_interfaces/rosidl_typesupport_fastrtps_c/ros_gz_interfaces/msg/detail/altimeter__type_support_c.cpp" "/home/dia/ros2_ws/src/build/ros_gz_interfaces/rosidl_typesupport_fastrtps_c/ros_gz_interfaces/msg/detail/contact__rosidl_typesupport_fastrtps_c.h" "/home/dia/ros2_ws/src/build/ros_gz_interfaces/rosidl_typesupport_fastrtps_c/ros_gz_interfaces/msg/detail/contact__type_support_c.cpp" "/home/dia/ros2_ws/src/build/ros_gz_interfaces/rosidl_typesupport_fastrtps_c/ros_gz_interfaces/msg/detail/contacts__rosidl_typesupport_fastrtps_c.h" "/home/dia/ros2_ws/src/build/ros_gz_interfaces/rosidl_typesupport_fastrtps_c/ros_gz_interfaces/msg/detail/contacts__type_support_c.cpp" "/home/dia/ros2_ws/src/build/ros_gz_interfaces/rosidl_typesupport_fastrtps_c/ros_gz_interfaces/msg/detail/dataframe__rosidl_typesupport_fastrtps_c.h" "/home/dia/ros2_ws/src/build/ros_gz_interfaces/rosidl_typesupport_fastrtps_c/ros_gz_interfaces/msg/detail/dataframe__type_support_c.cpp" "/home/dia/ros2_ws/src/build/ros_gz_interfaces/rosidl_typesupport_fastrtps_c/ros_gz_interfaces/msg/detail/entity__rosidl_typesupport_fastrtps_c.h" "/home/dia/ros2_ws/src/build/ros_gz_interfaces/rosidl_typesupport_fastrtps_c/ros_gz_interfaces/msg/detail/entity__type_support_c.cpp" "/home/dia/ros2_ws/src/build/ros_gz_interfaces/rosidl_typesupport_fastrtps_c/ros_gz_interfaces/msg/detail/entity_factory__rosidl_typesupport_fastrtps_c.h" "/home/dia/ros2_ws/src/build/ros_gz_interfaces/rosidl_typesupport_fastrtps_c/ros_gz_interfaces/msg/detail/entity_factory__type_support_c.cpp" "/home/dia/ros2_ws/src/build/ros_gz_interfaces/rosidl_typesupport_fastrtps_c/ros_gz_interfaces/msg/detail/entity_wrench__rosidl_typesupport_fastrtps_c.h" "/home/dia/ros2_ws/src/build/ros_gz_interfaces/rosidl_typesupport_fastrtps_c/ros_gz_interfaces/msg/detail/entity_wrench__type_support_c.cpp" "/home/dia/ros2_ws/src/build/ros_gz_interfaces/rosidl_typesupport_fastrtps_c/ros_gz_interfaces/msg/detail/float32_array__rosidl_typesupport_fastrtps_c.h" "/home/dia/ros2_ws/src/build/ros_gz_interfaces/rosidl_typesupport_fastrtps_c/ros_gz_interfaces/msg/detail/float32_array__type_support_c.cpp" "/home/dia/ros2_ws/src/build/ros_gz_interfaces/rosidl_typesupport_fastrtps_c/ros_gz_interfaces/msg/detail/gui_camera__rosidl_typesupport_fastrtps_c.h" "/home/dia/ros2_ws/src/build/ros_gz_interfaces/rosidl_typesupport_fastrtps_c/ros_gz_interfaces/msg/detail/gui_camera__type_support_c.cpp" "/home/dia/ros2_ws/src/build/ros_gz_interfaces/rosidl_typesupport_fastrtps_c/ros_gz_interfaces/msg/detail/joint_wrench__rosidl_typesupport_fastrtps_c.h" "/home/dia/ros2_ws/src/build/ros_gz_interfaces/rosidl_typesupport_fastrtps_c/ros_gz_interfaces/msg/detail/joint_wrench__type_support_c.cpp" "/home/dia/ros2_ws/src/build/ros_gz_interfaces/rosidl_typesupport_fastrtps_c/ros_gz_interfaces/msg/detail/light__rosidl_typesupport_fastrtps_c.h" "/home/dia/ros2_ws/src/build/ros_gz_interfaces/rosidl_typesupport_fastrtps_c/ros_gz_interfaces/msg/detail/light__type_support_c.cpp" "/home/dia/ros2_ws/src/build/ros_gz_interfaces/rosidl_typesupport_fastrtps_c/ros_gz_interfaces/msg/detail/material_color__rosidl_typesupport_fastrtps_c.h" "/home/dia/ros2_ws/src/build/ros_gz_interfaces/rosidl_typesupport_fastrtps_c/ros_gz_interfaces/msg/detail/material_color__type_support_c.cpp" "/home/dia/ros2_ws/src/build/ros_gz_interfaces/rosidl_typesupport_fastrtps_c/ros_gz_interfaces/msg/detail/param_vec__rosidl_typesupport_fastrtps_c.h" "/home/dia/ros2_ws/src/build/ros_gz_interfaces/rosidl_typesupport_fastrtps_c/ros_gz_interfaces/msg/detail/param_vec__type_support_c.cpp" "/home/dia/ros2_ws/src/build/ros_gz_interfaces/rosidl_typesupport_fastrtps_c/ros_gz_interfaces/msg/detail/sensor_noise__rosidl_typesupport_fastrtps_c.h" "/home/dia/ros2_ws/src/build/ros_gz_interfaces/rosidl_typesupport_fastrtps_c/ros_gz_interfaces/msg/detail/sensor_noise__type_support_c.cpp" "/home/dia/ros2_ws/src/build/ros_gz_interfaces/rosidl_typesupport_fastrtps_c/ros_gz_interfaces/msg/detail/string_vec__rosidl_typesupport_fastrtps_c.h" "/home/dia/ros2_ws/src/build/ros_gz_interfaces/rosidl_typesupport_fastrtps_c/ros_gz_interfaces/msg/detail/string_vec__type_support_c.cpp" "/home/dia/ros2_ws/src/build/ros_gz_interfaces/rosidl_typesupport_fastrtps_c/ros_gz_interfaces/msg/detail/track_visual__rosidl_typesupport_fastrtps_c.h" "/home/dia/ros2_ws/src/build/ros_gz_interfaces/rosidl_typesupport_fastrtps_c/ros_gz_interfaces/msg/detail/track_visual__type_support_c.cpp" "/home/dia/ros2_ws/src/build/ros_gz_interfaces/rosidl_typesupport_fastrtps_c/ros_gz_interfaces/msg/detail/video_record__rosidl_typesupport_fastrtps_c.h" "/home/dia/ros2_ws/src/build/ros_gz_interfaces/rosidl_typesupport_fastrtps_c/ros_gz_interfaces/msg/detail/video_record__type_support_c.cpp" "/home/dia/ros2_ws/src/build/ros_gz_interfaces/rosidl_typesupport_fastrtps_c/ros_gz_interfaces/msg/detail/world_control__rosidl_typesupport_fastrtps_c.h" "/home/dia/ros2_ws/src/build/ros_gz_interfaces/rosidl_typesupport_fastrtps_c/ros_gz_interfaces/msg/detail/world_control__type_support_c.cpp" "/home/dia/ros2_ws/src/build/ros_gz_interfaces/rosidl_typesupport_fastrtps_c/ros_gz_interfaces/msg/detail/world_reset__rosidl_typesupport_fastrtps_c.h" "/home/dia/ros2_ws/src/build/ros_gz_interfaces/rosidl_typesupport_fastrtps_c/ros_gz_interfaces/msg/detail/world_reset__type_support_c.cpp" "/home/dia/ros2_ws/src/build/ros_gz_interfaces/rosidl_typesupport_fastrtps_c/ros_gz_interfaces/srv/detail/control_world__rosidl_typesupport_fastrtps_c.h" "/home/dia/ros2_ws/src/build/ros_gz_interfaces/rosidl_typesupport_fastrtps_c/ros_gz_interfaces/srv/detail/control_world__type_support_c.cpp" "/home/dia/ros2_ws/src/build/ros_gz_interfaces/rosidl_typesupport_fastrtps_c/ros_gz_interfaces/srv/detail/delete_entity__rosidl_typesupport_fastrtps_c.h" "/home/dia/ros2_ws/src/build/ros_gz_interfaces/rosidl_typesupport_fastrtps_c/ros_gz_interfaces/srv/detail/delete_entity__type_support_c.cpp" "/home/dia/ros2_ws/src/build/ros_gz_interfaces/rosidl_typesupport_fastrtps_c/ros_gz_interfaces/srv/detail/set_entity_pose__rosidl_typesupport_fastrtps_c.h" "/home/dia/ros2_ws/src/build/ros_gz_interfaces/rosidl_typesupport_fastrtps_c/ros_gz_interfaces/srv/detail/set_entity_pose__type_support_c.cpp" "/home/dia/ros2_ws/src/build/ros_gz_interfaces/rosidl_typesupport_fastrtps_c/ros_gz_interfaces/srv/detail/spawn_entity__rosidl_typesupport_fastrtps_c.h" "/home/dia/ros2_ws/src/build/ros_gz_interfaces/rosidl_typesupport_fastrtps_c/ros_gz_interfaces/srv/detail/spawn_entity__type_support_c.cpp"</Value>
				</NamedMeasurement>
				<NamedMeasurement type="text/string" name="Environment">
					<Value>#CTEST_RESOURCE_GROUP_COUNT=</Value>
				</NamedMeasurement>
				<Measurement>
					<Value>-- run_test.py: invoking following command in '/home/dia/ros2_ws/src/ros_gz/ros_gz_interfaces':
 - /opt/ros/iron/bin/ament_uncrustify --xunit-file /home/dia/ros2_ws/src/build/ros_gz_interfaces/test_results/ros_gz_interfaces/uncrustify_rosidl_typesupport_fastrtps_c.xunit.xml --linelength 0 /home/dia/ros2_ws/src/build/ros_gz_interfaces/rosidl_typesupport_fastrtps_c/ros_gz_interfaces/msg/detail/altimeter__rosidl_typesupport_fastrtps_c.h /home/dia/ros2_ws/src/build/ros_gz_interfaces/rosidl_typesupport_fastrtps_c/ros_gz_interfaces/msg/detail/altimeter__type_support_c.cpp /home/dia/ros2_ws/src/build/ros_gz_interfaces/rosidl_typesupport_fastrtps_c/ros_gz_interfaces/msg/detail/contact__rosidl_typesupport_fastrtps_c.h /home/dia/ros2_ws/src/build/ros_gz_interfaces/rosidl_typesupport_fastrtps_c/ros_gz_interfaces/msg/detail/contact__type_support_c.cpp /home/dia/ros2_ws/src/build/ros_gz_interfaces/rosidl_typesupport_fastrtps_c/ros_gz_interfaces/msg/detail/contacts__rosidl_typesupport_fastrtps_c.h /home/dia/ros2_ws/src/build/ros_gz_interfaces/rosidl_typesupport_fastrtps_c/ros_gz_interfaces/msg/detail/contacts__type_support_c.cpp /home/dia/ros2_ws/src/build/ros_gz_interfaces/rosidl_typesupport_fastrtps_c/ros_gz_interfaces/msg/detail/dataframe__rosidl_typesupport_fastrtps_c.h /home/dia/ros2_ws/src/build/ros_gz_interfaces/rosidl_typesupport_fastrtps_c/ros_gz_interfaces/msg/detail/dataframe__type_support_c.cpp /home/dia/ros2_ws/src/build/ros_gz_interfaces/rosidl_typesupport_fastrtps_c/ros_gz_interfaces/msg/detail/entity__rosidl_typesupport_fastrtps_c.h /home/dia/ros2_ws/src/build/ros_gz_interfaces/rosidl_typesupport_fastrtps_c/ros_gz_interfaces/msg/detail/entity__type_support_c.cpp /home/dia/ros2_ws/src/build/ros_gz_interfaces/rosidl_typesupport_fastrtps_c/ros_gz_interfaces/msg/detail/entity_factory__rosidl_typesupport_fastrtps_c.h /home/dia/ros2_ws/src/build/ros_gz_interfaces/rosidl_typesupport_fastrtps_c/ros_gz_interfaces/msg/detail/entity_factory__type_support_c.cpp /home/dia/ros2_ws/src/build/ros_gz_interfaces/rosidl_typesupport_fastrtps_c/ros_gz_interfaces/msg/detail/entity_wrench__rosidl_typesupport_fastrtps_c.h /home/dia/ros2_ws/src/build/ros_gz_interfaces/rosidl_typesupport_fastrtps_c/ros_gz_interfaces/msg/detail/entity_wrench__type_support_c.cpp /home/dia/ros2_ws/src/build/ros_gz_interfaces/rosidl_typesupport_fastrtps_c/ros_gz_interfaces/msg/detail/float32_array__rosidl_typesupport_fastrtps_c.h /home/dia/ros2_ws/src/build/ros_gz_interfaces/rosidl_typesupport_fastrtps_c/ros_gz_interfaces/msg/detail/float32_array__type_support_c.cpp /home/dia/ros2_ws/src/build/ros_gz_interfaces/rosidl_typesupport_fastrtps_c/ros_gz_interfaces/msg/detail/gui_camera__rosidl_typesupport_fastrtps_c.h /home/dia/ros2_ws/src/build/ros_gz_interfaces/rosidl_typesupport_fastrtps_c/ros_gz_interfaces/msg/detail/gui_camera__type_support_c.cpp /home/dia/ros2_ws/src/build/ros_gz_interfaces/rosidl_typesupport_fastrtps_c/ros_gz_interfaces/msg/detail/joint_wrench__rosidl_typesupport_fastrtps_c.h /home/dia/ros2_ws/src/build/ros_gz_interfaces/rosidl_typesupport_fastrtps_c/ros_gz_interfaces/msg/detail/joint_wrench__type_support_c.cpp /home/dia/ros2_ws/src/build/ros_gz_interfaces/rosidl_typesupport_fastrtps_c/ros_gz_interfaces/msg/detail/light__rosidl_typesupport_fastrtps_c.h /home/dia/ros2_ws/src/build/ros_gz_interfaces/rosidl_typesupport_fastrtps_c/ros_gz_interfaces/msg/detail/light__type_support_c.cpp /home/dia/ros2_ws/src/build/ros_gz_interfaces/rosidl_typesupport_fastrtps_c/ros_gz_interfaces/msg/detail/material_color__rosidl_typesupport_fastrtps_c.h /home/dia/ros2_ws/src/build/ros_gz_interfaces/rosidl_typesupport_fastrtps_c/ros_gz_interfaces/msg/detail/material_color__type_support_c.cpp /home/dia/ros2_ws/src/build/ros_gz_interfaces/rosidl_typesupport_fastrtps_c/ros_gz_interfaces/msg/detail/param_vec__rosidl_typesupport_fastrtps_c.h /home/dia/ros2_ws/src/build/ros_gz_interfaces/rosidl_typesupport_fastrtps_c/ros_gz_interfaces/msg/detail/param_vec__type_support_c.cpp /home/dia/ros2_ws/src/build/ros_gz_interfaces/rosidl_typesupport_fastrtps_c/ros_gz_interfaces/msg/detail/sensor_noise__rosidl_typesupport_fastrtps_c.h /home/dia/ros2_ws/src/build/ros_gz_interfaces/rosidl_typesupport_fastrtps_c/ros_gz_interfaces/msg/detail/sensor_noise__type_support_c.cpp /home/dia/ros2_ws/src/build/ros_gz_interfaces/rosidl_typesupport_fastrtps_c/ros_gz_interfaces/msg/detail/string_vec__rosidl_typesupport_fastrtps_c.h /home/dia/ros2_ws/src/build/ros_gz_interfaces/rosidl_typesupport_fastrtps_c/ros_gz_interfaces/msg/detail/string_vec__type_support_c.cpp /home/dia/ros2_ws/src/build/ros_gz_interfaces/rosidl_typesupport_fastrtps_c/ros_gz_interfaces/msg/detail/track_visual__rosidl_typesupport_fastrtps_c.h /home/dia/ros2_ws/src/build/ros_gz_interfaces/rosidl_typesupport_fastrtps_c/ros_gz_interfaces/msg/detail/track_visual__type_support_c.cpp /home/dia/ros2_ws/src/build/ros_gz_interfaces/rosidl_typesupport_fastrtps_c/ros_gz_interfaces/msg/detail/video_record__rosidl_typesupport_fastrtps_c.h /home/dia/ros2_ws/src/build/ros_gz_interfaces/rosidl_typesupport_fastrtps_c/ros_gz_interfaces/msg/detail/video_record__type_support_c.cpp /home/dia/ros2_ws/src/build/ros_gz_interfaces/rosidl_typesupport_fastrtps_c/ros_gz_interfaces/msg/detail/world_control__rosidl_typesupport_fastrtps_c.h /home/dia/ros2_ws/src/build/ros_gz_interfaces/rosidl_typesupport_fastrtps_c/ros_gz_interfaces/msg/detail/world_control__type_support_c.cpp /home/dia/ros2_ws/src/build/ros_gz_interfaces/rosidl_typesupport_fastrtps_c/ros_gz_interfaces/msg/detail/world_reset__rosidl_typesupport_fastrtps_c.h /home/dia/ros2_ws/src/build/ros_gz_interfaces/rosidl_typesupport_fastrtps_c/ros_gz_interfaces/msg/detail/world_reset__type_support_c.cpp /home/dia/ros2_ws/src/build/ros_gz_interfaces/rosidl_typesupport_fastrtps_c/ros_gz_interfaces/srv/detail/control_world__rosidl_typesupport_fastrtps_c.h /home/dia/ros2_ws/src/build/ros_gz_interfaces/rosidl_typesupport_fastrtps_c/ros_gz_interfaces/srv/detail/control_world__type_support_c.cpp /home/dia/ros2_ws/src/build/ros_gz_interfaces/rosidl_typesupport_fastrtps_c/ros_gz_interfaces/srv/detail/delete_entity__rosidl_typesupport_fastrtps_c.h /home/dia/ros2_ws/src/build/ros_gz_interfaces/rosidl_typesupport_fastrtps_c/ros_gz_interfaces/srv/detail/delete_entity__type_support_c.cpp /home/dia/ros2_ws/src/build/ros_gz_interfaces/rosidl_typesupport_fastrtps_c/ros_gz_interfaces/srv/detail/set_entity_pose__rosidl_typesupport_fastrtps_c.h /home/dia/ros2_ws/src/build/ros_gz_interfaces/rosidl_typesupport_fastrtps_c/ros_gz_interfaces/srv/detail/set_entity_pose__type_support_c.cpp /home/dia/ros2_ws/src/build/ros_gz_interfaces/rosidl_typesupport_fastrtps_c/ros_gz_interfaces/srv/detail/spawn_entity__rosidl_typesupport_fastrtps_c.h /home/dia/ros2_ws/src/build/ros_gz_interfaces/rosidl_typesupport_fastrtps_c/ros_gz_interfaces/srv/detail/spawn_entity__type_support_c
[...]
				</NamedMeasurement>
				<NamedMeasurement type="text/string" name="Environment">
					<Value>#CTEST_RESOURCE_GROUP_COUNT=</Value>
				</NamedMeasurement>
				<Measurement>
					<Value>-- run_test.py: invoking following command in '/home/dia/ros2_ws/src/ros_gz/ros_gz_interfaces':
 - /opt/ros/iron/bin/ament_cpplint --xunit-file /home/dia/ros2_ws/src/build/ros_gz_interfaces/test_results/ros_gz_interfaces/cpplint_rosidl_typesupport_cpp.xunit.xml --linelength 999 --root /home/dia/ros2_ws/src/build/ros_gz_interfaces/rosidl_typesupport_cpp /home/dia/ros2_ws/src/build/ros_gz_interfaces/rosidl_typesupport_cpp/ros_gz_interfaces
No files found
-- run_test.py: return code 1
-- run_test.py: generate result file '/home/dia/ros2_ws/src/build/ros_gz_interfaces/test_results/ros_gz_interfaces/cpplint_rosidl_typesupport_cpp.xunit.xml' with failed test
-- run_test.py: verify result file '/home/dia/ros2_ws/src/build/ros_gz_interfaces/test_results/ros_gz_interfaces/cpplint_rosidl_typesupport_cpp.xunit.xml'
</Value>
				</Measurement>
			</Results>
			<Labels>
				<Label>cpplint</Label>
				<Label>linter</Label>
			</Labels>
		</Test>
		<Test Status="failed">
			<Name>uncrustify_rosidl_typesupport_cpp</Name>
			<Path>.</Path>
			<FullName>./uncrustify_rosidl_typesupport_cpp</FullName>
			<FullCommandLine>/usr/bin/python3.10 "-u" "/opt/ros/iron/share/ament_cmake_test/cmake/run_test.py" "/home/dia/ros2_ws/src/build/ros_gz_interfaces/test_results/ros_gz_interfaces/uncrustify_rosidl_typesupport_cpp.xunit.xml" "--package-name" "ros_gz_interfaces" "--output-file" "/home/dia/ros2_ws/src/build/ros_gz_interfaces/ament_uncrustify/uncrustify_rosidl_typesupport_cpp.txt" "--command" "/opt/ros/iron/bin/ament_uncrustify" "--xunit-file" "/home/dia/ros2_ws/src/build/ros_gz_interfaces/test_results/ros_gz_interfaces/uncrustify_rosidl_typesupport_cpp.xunit.xml" "--linelength" "0" "/home/dia/ros2_ws/src/build/ros_gz_interfaces/rosidl_typesupport_cpp/ros_gz_interfaces"</FullCommandLine>
			<Results>
				<NamedMeasurement type="text/string" name="Exit Code">
					<Value>Failed</Value>
				</NamedMeasurement>
				<NamedMeasurement type="text/string" name="Exit Value">
					<Value>1</Value>
				</NamedMeasurement>
				<NamedMeasurement type="numeric/double" name="Execution Time">
					<Value>0.337168</Value>
				</NamedMeasurement>
				<NamedMeasurement type="numeric/double" name="Processors">
					<Value>1</Value>
				</NamedMeasurement>
				<NamedMeasurement type="text/string" name="Completion Status">
					<Value>Completed</Value>
				</NamedMeasurement>
				<NamedMeasurement type="text/string" name="Command Line">
					<Value>/usr/bin/python3.10 "-u" "/opt/ros/iron/share/ament_cmake_test/cmake/run_test.py" "/home/dia/ros2_ws/src/build/ros_gz_interfaces/test_results/ros_gz_interfaces/uncrustify_rosidl_typesupport_cpp.xunit.xml" "--package-name" "ros_gz_interfaces" "--output-file" "/home/dia/ros2_ws/src/build/ros_gz_interfaces/ament_uncrustify/uncrustify_rosidl_typesupport_cpp.txt" "--command" "/opt/ros/iron/bin/ament_uncrustify" "--xunit-file" "/home/dia/ros2_ws/src/build/ros_gz_interfaces/test_results/ros_gz_interfaces/uncrustify_rosidl_typesupport_cpp.xunit.xml" "--linelength" "0" "/home/dia/ros2_ws/src/build/ros_gz_interfaces/rosidl_typesupport_cpp/ros_gz_interfaces"</Value>
				</NamedMeasurement>
				<NamedMeasurement type="text/string" name="Environment">
					<Value>#CTEST_RESOURCE_GROUP_COUNT=</Value>
				</NamedMeasurement>
				<Measurement>
					<Value>-- run_test.py: invoking following command in '/home/dia/ros2_ws/src/ros_gz/ros_gz_interfaces':
 - /opt/ros/iron/bin/ament_uncrustify --xunit-file /home/dia/ros2_ws/src/build/ros_gz_interfaces/test_results/ros_gz_interfaces/uncrustify_rosidl_typesupport_cpp.xunit.xml --linelength 0 /home/dia/ros2_ws/src/build/ros_gz_interfaces/rosidl_typesupport_cpp/ros_gz_interfaces
No files found
-- run_test.py: return code 1
-- run_test.py: generate result file '/home/dia/ros2_ws/src/build/ros_gz_interfaces/test_results/ros_gz_interfaces/uncrustify_rosidl_typesupport_cpp.xunit.xml' with failed test
-- run_test.py: verify result file '/home/dia/ros2_ws/src/build/ros_gz_interfaces/test_results/ros_gz_interfaces/uncrustify_rosidl_typesupport_cpp.xunit.xml'
</Value>
				</Measurement>
			</Results>
			<Labels>
				<Label>linter</Label>
				<Label>uncrustify</Label>
			</Labels>
		</Test>
		<Test Status="failed">
			<Name>cppcheck_rosidl_generated_py</Name>
			<Path>.</Path>
			<FullName>./cppcheck_rosidl_generated_py</FullName>
			<FullCommandLine>/usr/bin/python3.10 "-u" "/opt/ros/iron/share/ament_cmake_test/cmake/run_test.py" "/home/dia/ros2_ws/src/build/ros_gz_interfaces/test_results/ros_gz_interfaces/cppcheck_rosidl_generated_py.xunit.xml" "--package-name" "ros_gz_interfaces" "--output-file" "/home/dia/ros2_ws/src/build/ros_gz_interfaces/ament_cppcheck/cppcheck_rosidl_generated_py.txt" "--command" "/opt/ros/iron/bin/ament_cppcheck" "--xunit-file" "/home/dia/ros2_ws/src/build/ros_gz_interfaces/test_results/ros_gz_interfaces/cppcheck_rosidl_generated_py.xunit.xml" "/home/dia/ros2_ws/src/build/ros_gz_interfaces/rosidl_generator_py/ros_gz_interfaces"</FullCommandLine>
			<Results>
				<NamedMeasurement type="text/string" name="Exit Code">
					<Value>Failed</Value>
				</NamedMeasurement>
				<NamedMeasurement type="text/string" name="Exit Value">
					<Value>1</Value>
				</NamedMeasurement>
				<NamedMeasurement type="numeric/double" name="Execution Time">
					<Value>0.347467</Value>
				</NamedMeasurement>
				<NamedMeasurement type="numeric/double" name="Processors">
					<Value>1</Value>
				</NamedMeasurement>
				<NamedMeasurement type="text/string" name="Completion Status">
					<Value>Completed</Value>
				</NamedMeasurement>
				<NamedMeasurement type="text/string" name="Command Line">
					<Value>/usr/bin/python3.10 "-u" "/opt/ros/iron/share/ament_cmake_test/cmake/run_test.py" "/home/dia/ros2_ws/src/build/ros_gz_interfaces/test_results/ros_gz_interfaces/cppcheck_rosidl_generated_py.xunit.xml" "--package-name" "ros_gz_interfaces" "--output-file" "/home/dia/ros2_ws/src/build/ros_gz_interfaces/ament_cppcheck/cppcheck_rosidl_generated_py.txt" "--command" "/opt/ros/iron/bin/ament_cppcheck" "--xunit-file" "/home/dia/ros2_ws/src/build/ros_gz_interfaces/test_results/ros_gz_interfaces/cppcheck_rosidl_generated_py.xunit.xml" "/home/dia/ros2_ws/src/build/ros_gz_interfaces/rosidl_generator_py/ros_gz_interfaces"</Value>
				</NamedMeasurement>
				<NamedMeasurement type="text/string" name="Environment">
					<Value>#CTEST_RESOURCE_GROUP_COUNT=</Value>
				</NamedMeasurement>
				<Measurement>
					<Value>-- run_test.py: invoking following command in '/home/dia/ros2_ws/src/ros_gz/ros_gz_interfaces':
 - /opt/ros/iron/bin/ament_cppcheck --xunit-file /home/dia/ros2_ws/src/build/ros_gz_interfaces/test_results/ros_gz_interfaces/cppcheck_rosidl_generated_py.xunit.xml /home/dia/ros2_ws/src/build/ros_gz_interfaces/rosidl_generator_py/ros_gz_interfaces
No files found
-- run_test.py: return code 1
-- run_test.py: generate result file '/home/dia/ros2_ws/src/build/ros_gz_interfaces/test_results/ros_gz_interfaces/cppcheck_rosidl_generated_py.xunit.xml' with failed test
-- run_test.py: verify result file '/home/dia/ros2_ws/src/build/ros_gz_interfaces/test_results/ros_gz_interfaces/cppcheck_rosidl_generated_py.xunit.xml'
</Value>
				</Measurement>
			</Results>
			<Labels>
				<Label>cppcheck</Label>
				<Label>linter</Label>
			</Labels>
		</Test>
		<Test Status="failed">
			<Name>cpplint_rosidl_generated_py</Name>
			<Path>.</Path>
			<FullName>./cpplint_rosidl_generated_py</FullName>
			<FullCommandLine>/usr/bin/python3.10 "-u" "/opt/ros/iron/share/ament_cmake_test/cmake/run_test.py" "/home/dia/ros2_ws/src/build/ros_gz_interfaces/test_results/ros_gz_interfaces/cpplint_rosidl_generated_py.xunit.xml" "--package-name" "ros_gz_interfaces" "--output-file" "/home/dia/ros2_ws/src/build/ros_gz_interfaces/ament_cpplint/cpplint_rosidl_generated_py.txt" "--command" "/opt/ros/iron/bin/ament_cpplint" "--xunit-file" "/home/dia/ros2_ws/src/build/ros_gz_interfaces/test_results/ros_gz_interfaces/cpplint_rosidl_generated_py.xunit.xml" "--filters=-readability/fn_size" "--linelength" "999" "--root" "/home/dia/ros2_ws/src/build/ros_gz_interfaces/rosidl_generator_py" "/home/dia/ros2_ws/src/build/ros_gz_interfaces/rosidl_generator_py/ros_gz_interfaces"</FullCommandLine>
			<Results>
				<NamedMeasurement type="text/string" name="Exit Code">
					<Value>Failed</Value>
				</NamedMeasurement>
				<NamedMeasurement type="text/string" name="Exit Value">
					<Value>1</Value>
				</NamedMeasurement>
				<NamedMeasurement type="numeric/double" name="Execution Time">
					<Value>0.354155</Value>
				</NamedMeasurement>
				<NamedMeasurement type="numeric/double" name="Processors">
					<Value>1</Value>
				</NamedMeasurement>
				<NamedMeasurement type="text/string" name="Completion Status">
					<Value>Completed</Value>
				</NamedMeasurement>
				<NamedMeasurement type="text/string" name="Command Line">
					<Value>/usr/bin/python3.10 "-u" "/opt/ros/iron/share/ament_cmake_test/cmake/run_test.py" "/home/dia/ros2_ws/src/build/ros_gz_interfaces/test_results/ros_gz_interfaces/cpplint_rosidl_generated_py.xunit.xml" "--package-name" "ros_gz_interfaces" "--output-file" "/home/dia/ros2_ws/src/build/ros_gz_interfaces/ament_cpplint/cpplint_rosidl_generated_py.txt" "--command" "/opt/ros/iron/bin/ament_cpplint" "--xunit-file" "/home/dia/ros2_ws/src/build/ros_gz_interfaces/test_results/ros_gz_interfaces/cpplint_rosidl_generated_py.xunit.xml" "--filters=-readability/fn_size" "--linelength" "999" "--root" "/home/dia/ros2_ws/src/build/ros_gz_interfaces/rosidl_generator_py" "/home/dia/ros2_ws/src/build/ros_gz_interfaces/rosidl_generator_py/ros_gz_interfaces"</Value>
				</NamedMeasurement>
				<NamedMeasurement type="text/string" name="Environment">
					<Value>#CTEST_RESOURCE_GROUP_COUNT=</Value>
				</NamedMeasurement>
				<Measurement>
					<Value>-- run_test.py: invoking following command in '/home/dia/ros2_ws/src/ros_gz/ros_gz_interfaces':
 - /opt/ros/iron/bin/ament_cpplint --xunit-file /home/dia/ros2_ws/src/build/ros_gz_interfaces/test_results/ros_gz_interfaces/cpplint_rosidl_generated_py.xunit.xml --filters=-readability/fn_size --linelength 999 --root /home/dia/ros2_ws/src/build/ros_gz_interfaces/rosidl_generator_py /home/dia/ros2_ws/src/build/ros_gz_interfaces/rosidl_generator_py/ros_gz_interfaces
No files found
-- run_test.py: return code 1
-- run_test.py: generate result file '/home/dia/ros2_ws/src/build/ros_gz_interfaces/test_results/ros_gz_interfaces/cpplint_rosidl_generated_py.xunit.xml' with failed test
-- run_test.py: verify result file '/home/dia/ros2_ws/src/build/ros_gz_interfaces/test_results/ros_gz_interfaces/cpplint_rosidl_generated_py.xunit.xml'
</Value>
				</Measurement>
			</Results>
			<Labels>
				<Label>cpplint</Label>
				<Label>linter</Label>
			</Labels>
		</Test>
		<Test Status="passed">
			<Name>flake8_rosidl_generated_py</Name>
			<Path>.</Path>
			<FullName>./flake8_rosidl_generated_py</FullName>
			<FullCommandLine>/usr/bin/python3.10 "-u" "/opt/ros/iron/share/ament_cmake_test/cmake/run_test.py" "/home/dia/ros2_ws/src/build/ros_gz_interfaces/test_results/ros_gz_interfaces/flake8_rosidl_generated_py.xunit.xml" "--package-name" "ros_gz_interfaces" "--output-file" "/home/dia/ros2_ws/src/build/ros_gz_interfaces/ament_flake8/flake8_rosidl_generated_py.txt" "--command" "/opt/ros/iron/bin/ament_flake8" "--xunit-file" "/home/dia/ros2_ws/src/build/ros_gz_interfaces/test_results/ros_gz_interfaces/flake8_rosidl_generated_py.xunit.xml" "--linelength" "999" "/home/dia/ros2_ws/src/build/ros_gz_interfaces/rosidl_generator_py/ros_gz_interfaces"</FullCommandLine>
			<Results>
				<NamedMeasurement type="numeric/double" name="Execution Time">
					<Value>1.5012</Value>
				</NamedMeasurement>
				<NamedMeasurement type="numeric/double" name="Processors">
					<Value>1</Value>
				</NamedMeasurement>
				<NamedMeasurement type="text/string" name="Completion Status">
					<Value>Completed</Value>
				</NamedMeasurement>
				<NamedMeasurement type="text/string" name="Command Line">
					<Value>/usr/bin/python3.10 "-u" "/opt/ros/iron/share/ament_cmake_test/cmake/run_test.py" "/home/dia/ros2_ws/src/build/ros_gz_interfaces/test_results/ros_gz_interfaces/flake8_rosidl_generated_py.xunit.xml" "--package-name" "ros_gz_interfaces" "--output-file" "/home/dia/ros2_ws/src/build/ros_gz_interfaces/ament_flake8/flake8_rosidl_generated_py.txt" "--command" "/opt/ros/iron/bin/ament_flake8" "--xunit-file" "/home/dia/ros2_ws/src/build/ros_gz_interfaces/test_results/ros_gz_interfaces/flake8_rosidl_generated_py.xunit.xml" "--linelength" "999" "/home/dia/ros2_ws/src/build/ros_gz_interfaces/rosidl_generator_py/ros_gz_interfaces"</Value>
				</NamedMeasurement>
				<NamedMeasurement type="text/string" name="Environment">
					<Value>#CTEST_RESOURCE_GROUP_COUNT=</Value>
				</NamedMeasurement>
				<Measurement>
					<Value>-- run_test.py: invoking following command in '/home/dia/ros2_ws/src/ros_gz/ros_gz_interfaces':
 - /opt/ros/iron/bin/ament_flake8 --xunit-file /home/dia/ros2_ws/src/build/ros_gz_interfaces/test_results/ros_gz_interfaces/flake8_rosidl_generated_py.xunit.xml --linelength 999 /home/dia/ros2_ws/src/build/ros_gz_interfaces/rosidl_generator_py/ros_gz_interfaces

1 files checked
No problems found

Checked files:

* /home/dia/ros2_ws/src/build/ros_gz_interfaces/rosidl_generator_py/ros_gz_interfaces/__init__.py
-- run_test.py: return code 0
-- run_test.py: verify result file '/home/dia/ros2_ws/src/build/ros_gz_interfaces/test_results/ros_gz_interfaces/flake8_rosidl_generated_py.xunit.xml'
</Value>
				</Measurement>
			</Results>
			<Labels>
				<Label>flake8</Label>
				<Label>linter</Label>
			</Labels>
		</Test>
		<Test Status="passed">
			<Name>pep257_rosidl_generated_py</Name>
			<Path>.</Path>
			<FullName>./pep257_rosidl_generated_py</FullName>
			<FullCommandLine>/usr/bin/python3.10 "-u" "/opt/ros/iron/share/ament_cmake_test/cmake/run_test.py" "/home/dia/ros2_ws/src/build/ros_gz_interfaces/test_results/ros_gz_interfaces/pep257_rosidl_generated_py.xunit.xml" "--package-name" "ros_gz_interfaces" "--output-file" "/home/dia/ros2_ws/src/build/ros_gz_interfaces/ament_pep257/pep257_rosidl_generated_py.txt" "--command" "/opt/ros/iron/bin/ament_pep257" "--xunit-file" "/home/dia/ros2_ws/src/build/ros_gz_interfaces/test_results/ros_gz_interfaces/pep257_rosidl_generated_py.xunit.xml" "/home/dia/ros2_ws/src/build/ros_gz_interfaces/rosidl_generator_py/ros_gz_interfaces"</FullCommandLine>
			<Results>
				<NamedMeasurement type="numeric/double" name="Execution Time">
					<Value>0.456169</Value>
				</NamedMeasurement>
				<NamedMeasurement type="numeric/double" name="Processors">
					<Value>1</Value>
				</NamedMeasurement>
				<NamedMeasurement type="text/string" name="Completion Status">
					<Value>Completed</Value>
				</NamedMeasurement>
				<NamedMeasurement type="text/string" name="Command Line">
					<Value>/usr/bin/python3.10 "-u" "/opt/ros/iron/share/ament_cmake_test/cmake/run_test.py" "/home/dia/ros2_ws/src/build/ros_gz_interfaces/test_results/ros_gz_interfaces/pep257_rosidl_generated_py.xunit.xml" "--package-name" "ros_gz_interfaces" "--output-file" "/home/dia/ros2_ws/src/build/ros_gz_interfaces/ament_pep257/pep257_rosidl_generated_py.txt" "--command" "/opt/ros/iron/bin/ament_pep257" "--xunit-file" "/home/dia/ros2_ws/src/build/ros_gz_interfaces/test_results/ros_gz_interfaces/pep257_rosidl_generated_py.xunit.xml" "/home/dia/ros2_ws/src/build/ros_gz_interfaces/rosidl_generator_py/ros_gz_interfaces"</Value>
				</NamedMeasurement>
				<NamedMeasurement type="text/string" name="Environment">
					<Value>#CTEST_RESOURCE_GROUP_COUNT=</Value>
				</NamedMeasurement>
				<Measurement>
					<Value>-- run_test.py: invoking following command in '/home/dia/ros2_ws/src/ros_gz/ros_gz_interfaces':
 - /opt/ros/iron/bin/ament_pep257 --xunit-file /home/dia/ros2_ws/src/build/ros_gz_interfaces/test_results/ros_gz_interfaces/pep257_rosidl_generated_py.xunit.xml /home/dia/ros2_ws/src/build/ros_gz_interfaces/rosidl_generator_py/ros_gz_interfaces
checking /home/dia/ros2_ws/src/build/ros_gz_interfaces/rosidl_generator_py/ros_gz_interfaces/__init__.py
No problems found
-- run_test.py: return code 0
-- run_test.py: verify result file '/home/dia/ros2_ws/src/build/ros_gz_interfaces/test_results/ros_gz_interfaces/pep257_rosidl_generated_py.xunit.xml'
</Value>
				</Measurement>
			</Results>
			<Labels>
				<Label>linter</Label>
				<Label>pep257</Label>
			</Labels>
		</Test>
		<Test Status="failed">
			<Name>uncrustify_rosidl_generated_py</Name>
			<Path>.</Path>
			<FullName>./uncrustify_rosidl_generated_py</FullName>
			<FullCommandLine>/usr/bin/python3.10 "-u" "/opt/ros/iron/share/ament_cmake_test/cmake/run_test.py" "/home/dia/ros2_ws/src/build/ros_gz_interfaces/test_results/ros_gz_interfaces/uncrustify_rosidl_generated_py.xunit.xml" "--package-name" "ros_gz_interfaces" "--output-file" "/home/dia/ros2_ws/src/build/ros_gz_interfaces/ament_uncrustify/uncrustify_rosidl_generated_py.txt" "--command" "/opt/ros/iron/bin/ament_uncrustify" "--xunit-file" "/home/dia/ros2_ws/src/build/ros_gz_interfaces/test_results/ros_gz_interfaces/uncrustify_rosidl_generated_py.xunit.xml" "--linelength" "0" "/home/dia/ros2_ws/src/build/ros_gz_interfaces/rosidl_generator_py/ros_gz_interfaces"</FullCommandLine>
			<Results>
				<NamedMeasurement type="text/string" name="Exit Code">
					<Value>Failed</Value>
				</NamedMeasurement>
				<NamedMeasurement type="text/string" name="Exit Value">
					<Value>1</Value>
				</NamedMeasurement>
				<NamedMeasurement type="numeric/double" name="Execution Time">
					<Value>0.358748</Value>
				</NamedMeasurement>
				<NamedMeasurement type="numeric/double" name="Processors">
					<Value>1</Value>
				</NamedMeasurement>
				<NamedMeasurement type="text/string" name="Completion Status">
					<Value>Completed</Value>
				</NamedMeasurement>
				<NamedMeasurement type="text/string" name="Command Line">
					<Value>/usr/bin/python3.10 "-u" "/opt/ros/iron/share/ament_cmake_test/cmake/run_test.py" "/home/dia/ros2_ws/src/build/ros_gz_interfaces/test_results/ros_gz_interfaces/uncrustify_rosidl_generated_py.xunit.xml" "--package-name" "ros_gz_interfaces" "--output-file" "/home/dia/ros2_ws/src/build/ros_gz_interfaces/ament_uncrustify/uncrustify_rosidl_generated_py.txt" "--command" "/opt/ros/iron/bin/ament_uncrustify" "--xunit-file" "/home/dia/ros2_ws/src/build/ros_gz_interfaces/test_results/ros_gz_interfaces/uncrustify_rosidl_generated_py.xunit.xml" "--linelength" "0" "/home/dia/ros2_ws/src/build/ros_gz_interfaces/rosidl_generator_py/ros_gz_interfaces"</Value>
				</NamedMeasurement>
				<NamedMeasurement type="text/string" name="Environment">
					<Value>#CTEST_RESOURCE_GROUP_COUNT=</Value>
				</NamedMeasurement>
				<Measurement>
					<Value>-- run_test.py: invoking following command in '/home/dia/ros2_ws/src/ros_gz/ros_gz_interfaces':
 - /opt/ros/iron/bin/ament_uncrustify --xunit-file /home/dia/ros2_ws/src/build/ros_gz_interfaces/test_results/ros_gz_interfaces/uncrustify_rosidl_generated_py.xunit.xml --linelength 0 /home/dia/ros2_ws/src/build/ros_gz_interfaces/rosidl_generator_py/ros_gz_interfaces
No files found
-- run_test.py: return code 1
-- run_test.py: generate result file '/home/dia/ros2_ws/src/build/ros_gz_interfaces/test_results/ros_gz_interfaces/uncrustify_rosidl_generated_py.xunit.xml' with failed test
-- run_test.py: verify result file '/home/dia/ros2_ws/src/build/ros_gz_interfaces/test_results/ros_gz_interfaces/uncrustify_rosidl_generated_py.xunit.xml'
</Value>
				</Measurement>
			</Results>
			<Labels>
				<Label>linter</Label>
				<Label>uncrustify</Label>
			</Labels>
		</Test>
		<EndDateTime>Oct 05 15:30 CET</EndDateTime>
		<EndTestTime>1728138625</EndTestTime>
		<ElapsedMinutes>0</ElapsedMinutes>
	</Testing>
</Site>
