yolo_detection.utils.loggers (unittest.loader._FailedTest) ... ERROR

======================================================================
ERROR: yolo_detection.utils.loggers (unittest.loader._FailedTest)
----------------------------------------------------------------------
ImportError: Failed to import test module: yolo_detection.utils.loggers
Traceback (most recent call last):
  File "/usr/lib/python3.10/unittest/loader.py", line 470, in _find_test_path
    package = self._get_module_from_name(name)
  File "/usr/lib/python3.10/unittest/loader.py", line 377, in _get_module_from_name
    __import__(name)
  File "/home/dia/ros2_ws/src/yolo_detection/yolo_detection/utils/loggers/__init__.py", line 12, in <module>
    from utils.general import LOGGER, colorstr, cv2
ModuleNotFoundError: No module named 'utils'


----------------------------------------------------------------------
Ran 1 test in 0.000s

FAILED (errors=1)
